bi_reverse                              ,685            ,42             ,546            ,106.1          ,               0,               0
bi_windup                               ,1              ,447            ,447            ,447.0          ,               0,               0
bi_init                                 ,1              ,224            ,224            ,224.0          ,               0,               0
longest_match                           ,1772016        ,140            ,129177         ,517.0          ,               0,               0
install_signal_handlers                 ,1              ,34720          ,34720          ,34720.0        ,               0,               0
open_and_stat                           ,1              ,127932         ,127932         ,127932.0       ,               0,               0
input_eof                               ,1              ,906            ,906            ,906.0          ,               0,               0
scan_tree                               ,110            ,198            ,2559           ,785.8          ,               0,               0
init_block                              ,56             ,624            ,15150          ,1224.6         ,               0,               0
pqdownheap                              ,586            ,33             ,615            ,89.0           ,               0,               0
gen_bitlen                              ,165            ,84             ,1200           ,202.7          ,               0,               0
ct_tally                                ,1772116        ,48             ,29454          ,59.6           ,               0,               0
write_buffer                            ,95             ,546            ,11544          ,1476.0         ,               0,               0
read_buffer                             ,13952          ,1572           ,130130         ,12752.5        ,               0,               0
updcrc                                  ,13952          ,448            ,1044449        ,261205.0       ,               0,               0
clear_bufs                              ,1              ,5705           ,5705           ,5705.0         ,               0,               0
gzip_base_name                          ,2              ,1043           ,6909           ,3976.0         ,               0,               0
add_envopt                              ,1              ,2191           ,2191           ,2191.0         ,               0,               0
send_bits                               ,5318119        ,36             ,97929          ,49.9           ,               0,               0
deflate                                 ,1              ,8290256922     ,8290256922     ,8290256922.0   ,               0,               0
fill_window                             ,13951          ,100650         ,994504         ,385889.7       ,               0,               0
lm_init                                 ,1              ,1283107        ,1283107        ,1283107.0      ,               0,               0
treat_file                              ,1              ,8530221530     ,8530221530     ,8530221530.0   ,               0,               0
open_input_file                         ,1              ,175314         ,175314         ,175314.0       ,               0,               0
flush_block                             ,55             ,164994         ,1808955        ,1675144.0      ,               0,               0
build_bl_tree                           ,55             ,1602           ,5493           ,1927.4         ,               0,               0
compress_block                          ,55             ,144084         ,1823610        ,1670401.0      ,               0,               0
send_all_trees                          ,55             ,1788           ,8841           ,2250.9         ,               0,               0
send_tree                               ,110            ,216            ,7326           ,905.2          ,               0,               0
build_tree                              ,165            ,345            ,11592          ,1172.3         ,               0,               0
gen_codes                               ,166            ,132            ,17549          ,576.2          ,               0,               0
ct_init                                 ,1              ,60410          ,60410          ,60410.0        ,               0,               0
write_buf                               ,95             ,552            ,10185          ,1648.6         ,               0,               0
flush_outbuf                            ,95             ,552            ,10425          ,1425.7         ,               0,               0
zip                                     ,1              ,8265133425     ,8265133425     ,8265133425.0   ,               0,               0
file_read                               ,13952          ,1383           ,1178856        ,273320.1       ,               0,               0
bi_reverse                              ,685            ,42             ,581            ,107.8          ,               0,               0
bi_windup                               ,1              ,342            ,342            ,342.0          ,               0,               0
bi_init                                 ,1              ,217            ,217            ,217.0          ,               0,               0
longest_match                           ,1772016        ,147            ,91545          ,526.5          ,               0,               0
install_signal_handlers                 ,1              ,33992          ,33992          ,33992.0        ,               0,               0
open_and_stat                           ,1              ,120778         ,120778         ,120778.0       ,               0,               0
input_eof                               ,1              ,813            ,813            ,813.0          ,               0,               0
scan_tree                               ,110            ,159            ,2247           ,714.3          ,               0,               0
init_block                              ,56             ,609            ,13181          ,970.5          ,               0,               0
pqdownheap                              ,586            ,33             ,579            ,88.0           ,               0,               0
gen_bitlen                              ,165            ,84             ,1662           ,227.5          ,               0,               0
ct_tally                                ,1772116        ,48             ,84555          ,60.1           ,               0,               0
write_buffer                            ,95             ,561            ,9981           ,1467.3         ,               0,               0
read_buffer                             ,13952          ,1287           ,168870         ,18743.1        ,               0,               0
updcrc                                  ,13952          ,518            ,1038023        ,265531.7       ,               0,               0
clear_bufs                              ,1              ,6104           ,6104           ,6104.0         ,               0,               0
gzip_base_name                          ,2              ,770            ,7182           ,3976.0         ,               0,               0
add_envopt                              ,1              ,2128           ,2128           ,2128.0         ,               0,               0
file_read                               ,13952          ,1707           ,1178548        ,284829.3       ,               1,               1
send_bits                               ,5318119        ,33             ,32892          ,49.7           ,               0,               0
deflate                                 ,1              ,8278584888     ,8278584888     ,8278584888.0   ,               0,               0
fill_window                             ,13951          ,100281         ,901950         ,385188.4       ,               0,               0
lm_init                                 ,1              ,822000         ,822000         ,822000.0       ,               0,               0
treat_file                              ,1              ,8533829976     ,8533829976     ,8533829976.0   ,               0,               0
open_input_file                         ,1              ,175875         ,175875         ,175875.0       ,               0,               0
flush_block                             ,55             ,152115         ,1897707        ,1698541.1      ,               0,               0
build_bl_tree                           ,55             ,1599           ,5514           ,1994.4         ,               0,               0
compress_block                          ,55             ,143976         ,2850660        ,1912145.0      ,               0,               0
send_all_trees                          ,55             ,1860           ,9141           ,2344.5         ,               0,               0
send_tree                               ,110            ,228            ,7638           ,923.7          ,               0,               0
build_tree                              ,165            ,336            ,12237          ,1209.2         ,               0,               0
gen_codes                               ,166            ,129            ,17619          ,529.9          ,               0,               0
ct_init                                 ,1              ,60165          ,60165          ,60165.0        ,               0,               0
write_buf                               ,95             ,555            ,9741           ,1476.3         ,               0,               0
flush_outbuf                            ,95             ,549            ,11703          ,1434.3         ,               0,               0
zip                                     ,1              ,8387252504     ,8387252504     ,8387252504.0   ,               0,               0
file_read                               ,13952          ,1314           ,1201298        ,272931.0       ,               0,               0
bi_reverse                              ,685            ,42             ,525            ,105.5          ,               0,               0
bi_windup                               ,1              ,333            ,333            ,333.0          ,               0,               0
bi_init                                 ,1              ,182            ,182            ,182.0          ,               0,               0
longest_match                           ,1772016        ,147            ,118326         ,521.6          ,               0,               0
install_signal_handlers                 ,1              ,33047          ,33047          ,33047.0        ,               0,               0
open_and_stat                           ,1              ,180950         ,180950         ,180950.0       ,               0,               0
input_eof                               ,1              ,1077           ,1077           ,1077.0         ,               0,               0
scan_tree                               ,110            ,189            ,2181           ,736.5          ,               0,               0
init_block                              ,56             ,612            ,7595           ,811.6          ,               0,               0
pqdownheap                              ,586            ,33             ,546            ,85.1           ,               0,               0
gen_bitlen                              ,165            ,81             ,1431           ,195.5          ,               0,               0
ct_tally                                ,1772116        ,48             ,84357          ,60.1           ,               0,               0
write_buffer                            ,95             ,567            ,9996           ,1386.7         ,               0,               0
read_buffer                             ,13952          ,1224           ,234528         ,18313.8        ,               0,               0
updcrc                                  ,13952          ,378            ,1060087        ,263064.0       ,               0,               0
clear_bufs                              ,1              ,6265           ,6265           ,6265.0         ,               0,               0
gzip_base_name                          ,2              ,805            ,6804           ,3804.5         ,               0,               0
add_envopt                              ,1              ,2093           ,2093           ,2093.0         ,               0,               0
file_read                               ,13952          ,1584           ,1201914        ,281971.7       ,               1,               1
send_bits                               ,5318119        ,36             ,34230          ,49.6           ,               0,               0
deflate                                 ,1              ,8534825872     ,8534825872     ,8534825872.0   ,               0,               0
fill_window                             ,13951          ,112962         ,781900         ,373891.0       ,               0,               0
lm_init                                 ,1              ,1300600        ,1300600        ,1300600.0      ,               0,               0
treat_file                              ,1              ,8284711553     ,8284711553     ,8284711553.0   ,               0,               0
open_input_file                         ,1              ,210707         ,210707         ,210707.0       ,               0,               0
flush_block                             ,55             ,151923         ,1818951        ,1679307.8      ,               0,               0
build_bl_tree                           ,55             ,1581           ,6000           ,1923.7         ,               0,               0
compress_block                          ,55             ,144081         ,1864215        ,1682200.1      ,               0,               0
send_all_trees                          ,55             ,2016           ,8700           ,2359.2         ,               0,               0
send_tree                               ,110            ,213            ,8109           ,901.5          ,               0,               0
build_tree                              ,165            ,348            ,12132          ,1236.6         ,               0,               0
gen_codes                               ,166            ,129            ,17549          ,534.3          ,               0,               0
ct_init                                 ,1              ,60074          ,60074          ,60074.0        ,               0,               0
write_buf                               ,95             ,549            ,9309           ,1411.4         ,               0,               0
flush_outbuf                            ,95             ,567            ,11526          ,1510.1         ,               0,               0
zip                                     ,1              ,8297942953     ,8297942953     ,8297942953.0   ,               0,               0
file_read                               ,13952          ,1395           ,1194067        ,279601.9       ,               0,               0
bi_reverse                              ,685            ,42             ,518            ,103.3          ,               0,               0
bi_windup                               ,1              ,300            ,300            ,300.0          ,               0,               0
bi_init                                 ,1              ,231            ,231            ,231.0          ,               0,               0
longest_match                           ,1772016        ,147            ,34779          ,516.0          ,               0,               0
install_signal_handlers                 ,1              ,35231          ,35231          ,35231.0        ,               0,               0
open_and_stat                           ,1              ,1062845        ,1062845        ,1062845.0      ,               0,               0
input_eof                               ,1              ,888            ,888            ,888.0          ,               0,               0
scan_tree                               ,110            ,189            ,2184           ,727.1          ,               0,               0
init_block                              ,56             ,582            ,7287           ,888.8          ,               0,               0
pqdownheap                              ,586            ,33             ,525            ,87.1           ,               0,               0
gen_bitlen                              ,165            ,84             ,1743           ,205.4          ,               0,               0
ct_tally                                ,1772116        ,48             ,33990          ,59.4           ,               0,               0
write_buffer                            ,95             ,567            ,9741           ,1462.8         ,               0,               0
read_buffer                             ,13952          ,1155           ,158424         ,12537.7        ,               0,               0
updcrc                                  ,13952          ,364            ,1039304        ,260561.7       ,               0,               0
clear_bufs                              ,1              ,5831           ,5831           ,5831.0         ,               0,               0
gzip_base_name                          ,2              ,826            ,6902           ,3864.0         ,               0,               0
add_envopt                              ,1              ,2149           ,2149           ,2149.0         ,               0,               0
file_read                               ,13952          ,1539           ,1200101        ,273625.1       ,               1,               1
send_bits                               ,5318119        ,36             ,83586          ,50.0           ,               0,               0
deflate                                 ,1              ,8277164164     ,8277164164     ,8277164164.0   ,               0,               0
fill_window                             ,13951          ,100737         ,1081801        ,386525.9       ,               0,               0
lm_init                                 ,1              ,723012         ,723012         ,723012.0       ,               0,               0
treat_file                              ,1              ,8530326919     ,8530326919     ,8530326919.0   ,               0,               0
open_input_file                         ,1              ,96759          ,96759          ,96759.0        ,               0,               0
flush_block                             ,55             ,151809         ,1854486        ,1677918.5      ,               0,               0
build_bl_tree                           ,55             ,1563           ,5835           ,1943.8         ,               0,               0
compress_block                          ,55             ,143871         ,1841133        ,1706901.1      ,               0,               0
send_all_trees                          ,55             ,1785           ,9012           ,2262.2         ,               0,               0
send_tree                               ,110            ,222            ,7425           ,898.2          ,               0,               0
build_tree                              ,165            ,384            ,13617          ,1291.9         ,               0,               0
gen_codes                               ,166            ,129            ,9039           ,489.9          ,               0,               0
ct_init                                 ,1              ,95921          ,95921          ,95921.0        ,               0,               0
write_buf                               ,95             ,555            ,11694          ,1479.6         ,               0,               0
flush_outbuf                            ,95             ,558            ,10827          ,1593.6         ,               0,               0
zip                                     ,1              ,8378496957     ,8378496957     ,8378496957.0   ,               0,               0
file_read                               ,13952          ,1479           ,1197007        ,274052.0       ,               0,               0
bi_reverse                              ,685            ,42             ,532            ,103.3          ,               0,               0
bi_windup                               ,1              ,336            ,336            ,336.0          ,               0,               0
bi_init                                 ,1              ,231            ,231            ,231.0          ,               0,               0
longest_match                           ,1772016        ,140            ,170751         ,516.0          ,               0,               0
install_signal_handlers                 ,1              ,54901          ,54901          ,54901.0        ,               0,               0
open_and_stat                           ,1              ,123053         ,123053         ,123053.0       ,               0,               0
input_eof                               ,1              ,774            ,774            ,774.0          ,               0,               0
scan_tree                               ,110            ,246            ,2232           ,762.2          ,               0,               0
init_block                              ,56             ,606            ,7602           ,854.0          ,               0,               0
pqdownheap                              ,586            ,33             ,837            ,91.5           ,               0,               0
gen_bitlen                              ,165            ,84             ,1434           ,203.3          ,               0,               0
ct_tally                                ,1772116        ,48             ,40947          ,59.5           ,               0,               0
write_buffer                            ,95             ,564            ,9546           ,1421.7         ,               0,               0
read_buffer                             ,13952          ,1524           ,139146         ,17594.3        ,               0,               0
updcrc                                  ,13952          ,392            ,1037827        ,260872.2       ,               0,               0
clear_bufs                              ,1              ,6027           ,6027           ,6027.0         ,               0,               0
gzip_base_name                          ,2              ,756            ,6783           ,3769.5         ,               0,               0
add_envopt                              ,1              ,2149           ,2149           ,2149.0         ,               0,               0
file_read                               ,13952          ,1899           ,1179031        ,279002.3       ,               1,               1
send_bits                               ,5318119        ,33             ,33555          ,49.6           ,               0,               0
deflate                                 ,1              ,8279446661     ,8279446661     ,8279446661.0   ,               0,               0
fill_window                             ,13951          ,100353         ,951034         ,385534.8       ,               0,               0
lm_init                                 ,1              ,1333913        ,1333913        ,1333913.0      ,               0,               0
treat_file                              ,1              ,8343548604     ,8343548604     ,8343548604.0   ,               0,               0
open_input_file                         ,1              ,98928          ,98928          ,98928.0        ,               0,               0
flush_block                             ,55             ,151827         ,1840215        ,1676154.0      ,               0,               0
build_bl_tree                           ,55             ,1569           ,5622           ,1939.2         ,               0,               0
compress_block                          ,55             ,144072         ,1835673        ,1670359.4      ,               0,               0
send_all_trees                          ,55             ,1785           ,9291           ,2195.0         ,               0,               0
send_tree                               ,110            ,261            ,7371           ,1004.9         ,               0,               0
build_tree                              ,165            ,336            ,11370          ,1165.8         ,               0,               0
gen_codes                               ,166            ,132            ,17696          ,538.2          ,               0,               0
ct_init                                 ,1              ,63706          ,63706          ,63706.0        ,               0,               0
write_buf                               ,95             ,546            ,14937          ,1751.3         ,               0,               0
flush_outbuf                            ,95             ,558            ,9639           ,1515.2         ,               0,               0
zip                                     ,1              ,8292862251     ,8292862251     ,8292862251.0   ,               0,               0
file_read                               ,13952          ,1470           ,1183126        ,283973.9       ,               0,               0
