send_bits                               ,102            ,42             ,7140           ,146.9          ,               0,               0
bi_reverse                              ,102            ,66             ,1296           ,99.6           ,               0,               0
bi_windup                               ,1              ,522            ,522            ,522.0          ,               0,               0
bi_init                                 ,1              ,114            ,114            ,114.0          ,               0,               0
deflate                                 ,1              ,8307398238     ,8307398238     ,8307398238.0   ,            1874,            1874
longest_match                           ,102            ,78             ,2030           ,849.2          ,               0,               0
fill_window                             ,102            ,373332         ,797062         ,539734.4       ,               3,               3
lm_init                                 ,1              ,693456         ,693456         ,693456.0       ,               3,               3
install_signal_handlers                 ,1              ,16686          ,16686          ,16686.0        ,               0,               0
treat_file                              ,1              ,8308295676     ,8308295676     ,8308295676.0   ,            1993,            1993
open_input_file                         ,1              ,83643          ,83643          ,83643.0        ,               1,               1
open_and_stat                           ,1              ,72093          ,72093          ,72093.0        ,               0,               0
input_eof                               ,1              ,924            ,924            ,924.0          ,               0,               0
flush_block                             ,55             ,154902         ,2135613        ,1707766.1      ,               5,               5
build_bl_tree                           ,55             ,1725           ,40116          ,5096.6         ,               0,               0
scan_tree                               ,100            ,222            ,2337           ,819.7          ,               0,               0
compress_block                          ,55             ,144030         ,1899048        ,1678439.9      ,               0,               0
send_all_trees                          ,55             ,1935           ,28863          ,3542.3         ,               0,               0
send_tree                               ,100            ,252            ,20574          ,1147.4         ,               0,               0
init_block                              ,56             ,591            ,4608           ,814.1          ,               0,               0
build_tree                              ,101            ,750            ,325021         ,9486.4         ,               2,               2
pqdownheap                              ,102            ,39             ,939            ,151.5          ,               0,               0
gen_bitlen                              ,101            ,78             ,1548           ,285.1          ,               0,               0
gen_codes                               ,101            ,141            ,41337          ,1050.8         ,               0,               0
ct_tally                                ,102            ,54             ,702            ,86.3           ,               0,               0
ct_init                                 ,1              ,71325          ,71325          ,71325.0        ,             102,             102
write_buf                               ,95             ,810            ,11868          ,2072.0         ,               1,               1
write_buffer                            ,95             ,564            ,10887          ,1637.0         ,               0,               0
read_buffer                             ,102            ,14079          ,88410          ,19836.7        ,               0,               0
updcrc                                  ,102            ,234            ,562625         ,368269.9       ,               0,               0
clear_bufs                              ,1              ,3588           ,3588           ,3588.0         ,               0,               0
flush_outbuf                            ,95             ,1071           ,13014          ,2530.3         ,               2,               2
gzip_base_name                          ,2              ,441            ,4392           ,2416.5         ,               0,               0
add_envopt                              ,1              ,1419           ,1419           ,1419.0         ,               0,               0
zip                                     ,1              ,8308171206     ,8308171206     ,8308171206.0   ,            1988,            1988
file_read                               ,102            ,273543         ,638253         ,399668.1       ,               2,               2
send_bits                               ,103            ,42             ,6459           ,132.9          ,               0,               0
bi_reverse                              ,103            ,126            ,1204           ,176.2          ,               0,               0
bi_windup                               ,1              ,351            ,351            ,351.0          ,               0,               0
bi_init                                 ,1              ,196            ,196            ,196.0          ,               0,               0
deflate                                 ,1              ,8537285914     ,8537285914     ,8537285914.0   ,            1889,            1888
longest_match                           ,103            ,147            ,1260           ,1001.6         ,               0,               0
fill_window                             ,103            ,378714         ,875651         ,507018.5       ,               3,               3
lm_init                                 ,1              ,1438017        ,1438017        ,1438017.0      ,               3,               3
install_signal_handlers                 ,1              ,19251          ,19251          ,19251.0        ,               0,               0
treat_file                              ,1              ,8539018419     ,8539018419     ,8539018419.0   ,            2008,            2007
open_input_file                         ,1              ,100219         ,100219         ,100219.0       ,               1,               1
open_and_stat                           ,1              ,88842          ,88842          ,88842.0        ,               0,               0
input_eof                               ,1              ,555            ,555            ,555.0          ,               0,               0
flush_block                             ,55             ,154968         ,2249061        ,1741726.5      ,               5,               5
build_bl_tree                           ,55             ,1590           ,31836          ,4755.7         ,               0,               0
scan_tree                               ,101            ,177            ,2443           ,759.2          ,               0,               0
compress_block                          ,55             ,143916         ,1883676        ,1706629.3      ,               0,               0
send_all_trees                          ,55             ,1935           ,27846          ,3746.0         ,               0,               0
send_tree                               ,101            ,231            ,19548          ,1200.4         ,               0,               0
init_block                              ,56             ,588            ,6433           ,799.0          ,               0,               0
build_tree                              ,102            ,747            ,378708         ,12349.0        ,               2,               2
pqdownheap                              ,103            ,39             ,549            ,136.4          ,               0,               0
gen_bitlen                              ,102            ,78             ,1677           ,262.6          ,               0,               0
gen_codes                               ,102            ,156            ,77637          ,1512.1         ,               0,               0
ct_tally                                ,103            ,105            ,816            ,135.9          ,               0,               0
ct_init                                 ,1              ,130515         ,130515         ,130515.0       ,             102,             102
write_buf                               ,95             ,768            ,12618          ,1924.1         ,               1,               1
write_buffer                            ,95             ,528            ,11631          ,1549.5         ,               0,               0
read_buffer                             ,103            ,18417          ,293713         ,25918.0        ,               0,               0
updcrc                                  ,103            ,336            ,1038485        ,342985.3       ,               0,               0
clear_bufs                              ,1              ,4837           ,4837           ,4837.0         ,               0,               0
flush_outbuf                            ,95             ,1008           ,13353          ,2278.4         ,               2,               2
gzip_base_name                          ,2              ,693            ,4113           ,2403.0         ,               0,               0
add_envopt                              ,1              ,1254           ,1254           ,1254.0         ,               0,               0
zip                                     ,1              ,8538864929     ,8538864929     ,8538864929.0   ,            2003,            2002
file_read                               ,103            ,278868         ,1334529        ,384232.9       ,               2,               2
send_bits                               ,102            ,42             ,6945           ,133.7          ,               0,               0
bi_reverse                              ,102            ,133            ,1059           ,171.2          ,               0,               0
bi_windup                               ,1              ,327            ,327            ,327.0          ,               0,               0
bi_init                                 ,1              ,196            ,196            ,196.0          ,               0,               0
deflate                                 ,1              ,8268052854     ,8268052854     ,8268052854.0   ,            1875,            1874
longest_match                           ,102            ,69             ,9482           ,671.6          ,               0,               0
fill_window                             ,102            ,371958         ,747912         ,385490.4       ,               3,               3
lm_init                                 ,1              ,754841         ,754841         ,754841.0       ,               3,               3
install_signal_handlers                 ,1              ,30499          ,30499          ,30499.0        ,               0,               0
treat_file                              ,1              ,8270347939     ,8270347939     ,8270347939.0   ,            1994,            1993
open_input_file                         ,1              ,1351231        ,1351231        ,1351231.0      ,               1,               1
open_and_stat                           ,1              ,1273685        ,1273685        ,1273685.0      ,               0,               0
input_eof                               ,1              ,801            ,801            ,801.0          ,               0,               0
flush_block                             ,55             ,154515         ,2062386        ,1705981.0      ,               5,               5
build_bl_tree                           ,55             ,1623           ,41112          ,5171.9         ,               0,               0
scan_tree                               ,100            ,177            ,14046          ,899.7          ,               0,               0
compress_block                          ,55             ,144000         ,1842843        ,1678567.8      ,               0,               0
send_all_trees                          ,55             ,1782           ,28716          ,3527.7         ,               0,               0
send_tree                               ,100            ,213            ,20364          ,1141.8         ,               0,               0
init_block                              ,56             ,582            ,6769           ,827.3          ,               0,               0
build_tree                              ,101            ,771            ,304619         ,8585.0         ,               2,               2
pqdownheap                              ,102            ,42             ,876            ,144.0          ,               0,               0
gen_bitlen                              ,101            ,78             ,2010           ,345.1          ,               0,               0
gen_codes                               ,101            ,135            ,79534          ,1418.5         ,               0,               0
ct_tally                                ,102            ,54             ,705            ,80.5           ,               0,               0
ct_init                                 ,1              ,127001         ,127001         ,127001.0       ,             102,             102
write_buf                               ,95             ,774            ,11346          ,2016.2         ,               1,               1
write_buffer                            ,95             ,549            ,10452          ,1648.6         ,               0,               0
read_buffer                             ,102            ,13557          ,122302         ,16274.8        ,               0,               0
updcrc                                  ,102            ,273            ,520626         ,261195.7       ,               0,               0
clear_bufs                              ,1              ,5068           ,5068           ,5068.0         ,               0,               0
flush_outbuf                            ,95             ,1011           ,12141          ,2381.0         ,               2,               2
gzip_base_name                          ,2              ,567            ,7210           ,3888.5         ,               0,               0
add_envopt                              ,1              ,2233           ,2233           ,2233.0         ,               0,               0
zip                                     ,1              ,8268944468     ,8268944468     ,8268944468.0   ,            1989,            1988
file_read                               ,102            ,272748         ,644320         ,288946.0       ,               2,               2
send_bits                               ,103            ,42             ,6318           ,133.6          ,               0,               0
bi_reverse                              ,103            ,126            ,1085           ,174.9          ,               0,               0
bi_windup                               ,1              ,387            ,387            ,387.0          ,               0,               0
bi_init                                 ,1              ,217            ,217            ,217.0          ,               0,               0
deflate                                 ,1              ,8547969052     ,8547969052     ,8547969052.0   ,            1890,            1888
longest_match                           ,103            ,147            ,1190           ,993.6          ,               0,               0
fill_window                             ,103            ,378948         ,948732         ,537012.4       ,               3,               3
lm_init                                 ,1              ,1299865        ,1299865        ,1299865.0      ,               3,               3
install_signal_handlers                 ,1              ,18456          ,18456          ,18456.0        ,               0,               0
treat_file                              ,1              ,8549590173     ,8549590173     ,8549590173.0   ,            2009,            2007
open_input_file                         ,1              ,104871         ,104871         ,104871.0       ,               1,               1
open_and_stat                           ,1              ,93126          ,93126          ,93126.0        ,               0,               0
input_eof                               ,1              ,1272           ,1272           ,1272.0         ,               0,               0
flush_block                             ,55             ,155016         ,2310372        ,1746258.9      ,               5,               5
build_bl_tree                           ,55             ,1638           ,31731          ,4658.6         ,               0,               0
scan_tree                               ,101            ,174            ,3325           ,764.9          ,               0,               0
compress_block                          ,55             ,144009         ,1871316        ,1706320.1      ,               0,               0
send_all_trees                          ,55             ,1857           ,27876          ,3448.6         ,               0,               0
send_tree                               ,101            ,225            ,19467          ,1079.3         ,               0,               0
init_block                              ,56             ,582            ,7707           ,917.1          ,               0,               0
build_tree                              ,102            ,750            ,471507         ,14924.7        ,               2,               2
pqdownheap                              ,103            ,42             ,759            ,141.9          ,               0,               0
gen_bitlen                              ,102            ,81             ,1170           ,280.8          ,               0,               0
gen_codes                               ,102            ,141            ,77665          ,1582.4         ,               0,               0
ct_tally                                ,103            ,105            ,840            ,138.5          ,               0,               0
ct_init                                 ,1              ,134274         ,134274         ,134274.0       ,             102,             102
write_buf                               ,95             ,765            ,10647          ,1863.7         ,               1,               1
write_buffer                            ,95             ,540            ,9654           ,1511.0         ,               0,               0
read_buffer                             ,103            ,19080          ,129934         ,25595.5        ,               0,               0
updcrc                                  ,103            ,245            ,1065197        ,364259.7       ,               0,               0
clear_bufs                              ,1              ,5026           ,5026           ,5026.0         ,               0,               0
flush_outbuf                            ,95             ,996            ,11496          ,2224.1         ,               2,               2
gzip_base_name                          ,2              ,700            ,4167           ,2433.5         ,               0,               0
add_envopt                              ,1              ,1281           ,1281           ,1281.0         ,               0,               0
zip                                     ,1              ,8549413243     ,8549413243     ,8549413243.0   ,            2004,            2002
file_read                               ,103            ,278322         ,1197581        ,405125.9       ,               2,               2
send_bits                               ,102            ,42             ,6135           ,126.1          ,               0,               0
bi_reverse                              ,102            ,140            ,1245           ,175.1          ,               0,               0
bi_windup                               ,1              ,303            ,303            ,303.0          ,               0,               0
bi_init                                 ,1              ,203            ,203            ,203.0          ,               0,               0
deflate                                 ,1              ,8281194628     ,8281194628     ,8281194628.0   ,            1874,            1874
longest_match                           ,102            ,140            ,4389           ,1067.0         ,               0,               0
fill_window                             ,102            ,371844         ,781221         ,508880.1       ,               3,               3
lm_init                                 ,1              ,1288469        ,1288469        ,1288469.0      ,               3,               3
install_signal_handlers                 ,1              ,19863          ,19863          ,19863.0        ,               0,               0
treat_file                              ,1              ,8282769150     ,8282769150     ,8282769150.0   ,            1993,            1993
open_input_file                         ,1              ,83526          ,83526          ,83526.0        ,               1,               1
open_and_stat                           ,1              ,72645          ,72645          ,72645.0        ,               0,               0
input_eof                               ,1              ,951            ,951            ,951.0          ,               0,               0
flush_block                             ,55             ,168054         ,2156058        ,1697190.0      ,               5,               5
build_bl_tree                           ,55             ,1602           ,39180          ,4939.1         ,               0,               0
scan_tree                               ,100            ,174            ,2352           ,783.2          ,               0,               0
compress_block                          ,55             ,157251         ,1805493        ,1666019.0      ,               0,               0
send_all_trees                          ,55             ,1896           ,27606          ,3466.6         ,               0,               0
send_tree                               ,100            ,225            ,19539          ,1113.7         ,               0,               0
init_block                              ,56             ,576            ,7490           ,864.5          ,               0,               0
build_tree                              ,101            ,747            ,405761         ,10534.6        ,               2,               2
pqdownheap                              ,102            ,42             ,516            ,133.4          ,               0,               0
gen_bitlen                              ,101            ,78             ,2139           ,319.0          ,               0,               0
gen_codes                               ,101            ,159            ,79905          ,1453.7         ,               0,               0
ct_tally                                ,102            ,105            ,954            ,136.0          ,               0,               0
ct_init                                 ,1              ,132706         ,132706         ,132706.0       ,             102,             102
write_buf                               ,95             ,771            ,11574          ,1809.9         ,               1,               1
write_buffer                            ,95             ,537            ,10857          ,1434.7         ,               0,               0
read_buffer                             ,102            ,13641          ,126112         ,19014.8        ,               0,               0
updcrc                                  ,102            ,357            ,1039115        ,351401.3       ,               0,               0
clear_bufs                              ,1              ,6335           ,6335           ,6335.0         ,               0,               0
flush_outbuf                            ,95             ,1023           ,12432          ,2159.1         ,               2,               2
gzip_base_name                          ,2              ,679            ,4701           ,2690.0         ,               0,               0
add_envopt                              ,1              ,1347           ,1347           ,1347.0         ,               0,               0
zip                                     ,1              ,8282626878     ,8282626878     ,8282626878.0   ,            1988,            1988
file_read                               ,102            ,272658         ,1167453        ,383598.4       ,               2,               2
