spec_init                               ,1              ,93002255       ,93002255       ,93002255.0     ,               0,               0
debug_time                              ,16             ,66             ,1059           ,447.8          ,               0,               0
spec_load                               ,1              ,52375257       ,52375257       ,52375257.0     ,               0,               0
spec_initbufs                           ,1              ,6759           ,6759           ,6759.0         ,               0,               0
spec_reset                              ,6              ,4363023        ,23723418       ,14030281.5     ,               0,               0
spec_rewind                             ,6              ,141            ,462            ,233.5          ,               0,               0
spec_fread                              ,47481          ,714            ,31101          ,1758.6         ,               0,               0
spec_getc                               ,94960          ,33             ,12984          ,56.6           ,               0,               0
spec_ungetc                             ,94901          ,36             ,669            ,55.7           ,               0,               0
spec_fwrite                             ,47620          ,102            ,35448          ,1804.8         ,               0,               0
bz_config_ok                            ,6              ,426            ,843            ,573.5          ,               0,               0
init_RL                                 ,6              ,306            ,540            ,412.0          ,               0,               0
prepare_new_block                       ,273            ,234            ,1074           ,328.5          ,               0,               0
add_pair_to_block                       ,7247208        ,51             ,122973         ,98.2           ,               0,               0
copy_output_until_stop                  ,7354           ,384            ,102417         ,67879.3        ,               0,               0
isempty_RL                              ,8              ,42             ,297            ,158.6          ,               0,               0
unRLE_obuf_to_output_FAST               ,40534          ,420            ,256326         ,135046.5       ,               0,               0
default_bzfree                          ,18             ,129            ,793974         ,182877.7       ,               0,               0
default_bzalloc                         ,18             ,660            ,62697          ,15876.3        ,               0,               0
bsW                                     ,79379955       ,33             ,3096524        ,65.4           ,               0,               0
bsFinishWrite                           ,3              ,507            ,789            ,602.0          ,               0,               0
BZ2_bsInitWrite                         ,3              ,72             ,1035           ,485.0          ,               0,               0
makeMaps_e                              ,273            ,885            ,2394           ,1483.4         ,               0,               0
makeMaps_d                              ,273            ,942            ,2697           ,1479.4         ,               0,               0
mainSort                                ,1              ,0              ,0              ,-nan           ,               0,               0
mainQSort3                              ,1              ,0              ,0              ,-nan           ,               0,               0
mainSimpleSort                          ,2571376        ,0              ,0              ,-nan           ,               0,               0
mmed3                                   ,6966489        ,30             ,33864          ,58.9           ,               0,               0
mainGtU                                 ,328060278      ,33             ,660666         ,82.6           ,               0,               0
fallbackSimpleSort                      ,2761           ,192            ,192            ,192.0          ,               0,               0
BZ2_hbMakeCodeLengths                   ,6552           ,5367           ,131745         ,43786.2        ,               0,               0
BZ2_hbAssignCodes                       ,1638           ,780            ,20046          ,6545.0         ,               0,               0
BZ2_hbCreateDecodeTables                ,1638           ,1476           ,23889          ,7222.9         ,               0,               0
spec_compress                           ,3              ,16120286583    ,17104644102    ,16740626210.0  ,               0,               0
spec_uncompress                         ,3              ,5052950841     ,5202841020     ,5133414853.0   ,               0,               0
compressStream                          ,3              ,16456295127    ,17541171366    ,17025947581.0  ,               0,               0
myfeof                                  ,94960          ,45             ,12312          ,127.4          ,               0,               0
uncompressStream                        ,3              ,5056568454     ,5203841619     ,5135299118.0   ,               0,               0
BZ2_bzCompressEnd                       ,3              ,642120         ,1207530        ,910718.0       ,               0,               0
BZ2_bzDecompressEnd                     ,3              ,3822           ,8610           ,6590.0         ,               0,               0
BZ2_bzWriteOpen                         ,3              ,43680          ,96717          ,73230.0        ,               0,               0
BZ2_bzCompressInit                      ,3              ,38802          ,101472         ,78462.0        ,               0,               0
BZ2_bzWrite                             ,40266          ,72012          ,831711864      ,1244940.5      ,               0,               0
BZ2_bzCompress                          ,47350          ,6978           ,834048534      ,1074584.5      ,               0,               0
handle_compress                         ,47350          ,6954           ,811088523      ,1057880.7      ,               0,               0
copy_input_until_stop                   ,40539          ,99             ,165555         ,103924.4       ,               0,               0
flush_RL                                ,3              ,678            ,960            ,788.0          ,               0,               0
BZ2_bzReadOpen                          ,3              ,4056           ,11511          ,6609.0         ,               0,               0
BZ2_bzDecompressInit                    ,3              ,1554           ,12234          ,5145.0         ,               0,               0
BZ2_bzRead                              ,40266          ,33441          ,70189380       ,381217.3       ,               0,               0
BZ2_bzDecompress                        ,47476          ,29013          ,8003793        ,325733.4       ,               0,               0
BZ2_compressBlock                       ,273            ,9218604        ,829153482      ,166957576.9    ,               0,               0
bsPutUChar                              ,1668           ,51             ,873            ,103.2          ,               0,               0
bsPutUInt32                             ,276            ,162            ,1098           ,246.1          ,               0,               0
sendMTFValues                           ,273            ,749355         ,30269730       ,16161359.8     ,               0,               0
generateMTFValues                       ,273            ,694746         ,52738953       ,20273326.0     ,               0,               0
BZ2_decompress                          ,7488           ,1308           ,7922871        ,1341246.4      ,               0,               0
BZ2_blockSort                           ,273            ,7807431        ,790450749      ,129542252.6    ,               0,               0
fallbackSort                            ,1              ,602045826      ,602045826      ,602045826.0    ,               0,               0
fallbackQSort3                          ,3172952        ,51             ,3880092        ,117.5          ,               0,               0
spec_init                               ,1              ,91239906       ,91239906       ,91239906.0     ,               0,               0
debug_time                              ,16             ,66             ,1260           ,527.4          ,               0,               0
spec_load                               ,1              ,62375343       ,62375343       ,62375343.0     ,               0,               0
spec_initbufs                           ,1              ,5805           ,5805           ,5805.0         ,               0,               0
spec_reset                              ,6              ,5507337        ,38749896       ,22103155.5     ,               0,               0
spec_rewind                             ,6              ,132            ,537            ,273.0          ,               0,               0
spec_fread                              ,47481          ,741            ,36786          ,2734.8         ,               0,               0
spec_getc                               ,94960          ,30             ,12231          ,53.2           ,               0,               0
spec_ungetc                             ,94901          ,36             ,24912          ,55.2           ,               0,               0
spec_fwrite                             ,47620          ,102            ,41151          ,3354.4         ,               0,               0
bz_config_ok                            ,6              ,429            ,894            ,717.5          ,               0,               0
init_RL                                 ,6              ,507            ,1122           ,674.0          ,               0,               0
prepare_new_block                       ,273            ,141            ,1449           ,228.9          ,               0,               0
add_pair_to_block                       ,7247208        ,51             ,33777          ,97.4           ,               0,               0
copy_output_until_stop                  ,7354           ,384            ,102771         ,67880.2        ,               0,               0
isempty_RL                              ,8              ,39             ,612            ,267.0          ,               0,               0
unRLE_obuf_to_output_FAST               ,40534          ,405            ,255273         ,135031.3       ,               0,               0
default_bzfree                          ,18             ,114            ,544914         ,106409.8       ,               0,               0
default_bzalloc                         ,18             ,918            ,58521          ,16453.3        ,               0,               0
bsW                                     ,79379955       ,36             ,179991         ,68.8           ,               0,               0
bsFinishWrite                           ,3              ,465            ,1392           ,1002.0         ,               0,               0
BZ2_bsInitWrite                         ,3              ,471            ,507            ,490.0          ,               0,               0
makeMaps_e                              ,273            ,774            ,2163           ,1403.1         ,               0,               0
makeMaps_d                              ,273            ,939            ,2421           ,1462.0         ,               0,               0
mainSort                                ,1              ,0              ,0              ,-nan           ,               0,               0
mainQSort3                              ,1              ,0              ,0              ,-nan           ,               0,               0
mainSimpleSort                          ,2571376        ,0              ,0              ,-nan           ,               0,               0
mmed3                                   ,6966489        ,30             ,33177          ,58.3           ,               0,               0
mainGtU                                 ,328060278      ,33             ,662091         ,82.6           ,               0,               0
fallbackQSort3                          ,3172952        ,96             ,4018473        ,166.1          ,               1,               0
fallbackSimpleSort                      ,2761           ,597            ,597            ,597.0          ,               0,               0
BZ2_hbMakeCodeLengths                   ,6552           ,5427           ,131811         ,43806.4        ,               0,               0
BZ2_hbAssignCodes                       ,1638           ,786            ,33936          ,6507.2         ,               0,               0
BZ2_hbCreateDecodeTables                ,1638           ,1473           ,22050          ,7260.5         ,               0,               0
spec_compress                           ,3              ,16090179747    ,17075053083    ,16719338984.0  ,               0,               0
spec_uncompress                         ,3              ,5072567964     ,5220866805     ,5152195425.0   ,               0,               0
compressStream                          ,3              ,16092354234    ,17164903656    ,16708844101.0  ,               0,               0
myfeof                                  ,94960          ,45             ,12660          ,118.5          ,               0,               0
uncompressStream                        ,3              ,5056202433     ,5204685222     ,5135504432.0   ,               0,               0
BZ2_bzCompressEnd                       ,3              ,699063         ,1098810        ,905689.0       ,               0,               0
BZ2_bzDecompressEnd                     ,3              ,6396           ,7929           ,7385.0         ,               0,               0
BZ2_bzWriteOpen                         ,3              ,46446          ,87882          ,67646.0        ,               0,               0
BZ2_bzCompressInit                      ,3              ,34638          ,80853          ,64225.0        ,               0,               0
BZ2_bzWrite                             ,40266          ,72000          ,831822240      ,1245888.3      ,               0,               0
BZ2_bzCompress                          ,47350          ,6729           ,810393492      ,1058779.5      ,               0,               0
handle_compress                         ,47350          ,6783           ,847610478      ,1081009.0      ,               0,               0
copy_input_until_stop                   ,40539          ,93             ,978465         ,103972.9       ,               0,               0
flush_RL                                ,3              ,660            ,981            ,825.0          ,               0,               0
BZ2_bzReadOpen                          ,3              ,3045           ,11433          ,6149.0         ,               0,               0
BZ2_bzDecompressInit                    ,3              ,1425           ,8196           ,3693.0         ,               0,               0
BZ2_bzRead                              ,40266          ,33873          ,70247994       ,381324.9       ,               0,               0
BZ2_bzDecompress                        ,47476          ,29112          ,7944612        ,316189.5       ,               0,               0
BZ2_compressBlock                       ,273            ,9078753        ,810307911      ,166236139.2    ,               0,               0
bsPutUChar                              ,1668           ,54             ,1224           ,137.9          ,               0,               0
bsPutUInt32                             ,276            ,165            ,1077           ,240.4          ,               0,               0
sendMTFValues                           ,273            ,749175         ,30117924       ,16139132.5     ,               0,               0
generateMTFValues                       ,273            ,699213         ,52792821       ,20170419.5     ,               0,               0
BZ2_decompress                          ,7488           ,1305           ,7814835        ,1315338.2      ,               0,               0
BZ2_blockSort                           ,273            ,7666908        ,808953630      ,129911034.2    ,               0,               0
fallbackSort                            ,1              ,584125893      ,584125893      ,584125893.0    ,               0,               0
fallbackQSort3                          ,3172952        ,51             ,3739707        ,116.1          ,               0,               0
spec_init                               ,1              ,92520709       ,92520709       ,92520709.0     ,               0,               0
debug_time                              ,16             ,72             ,1119           ,485.8          ,               0,               0
spec_load                               ,1              ,50037123       ,50037123       ,50037123.0     ,               0,               0
spec_initbufs                           ,1              ,8586           ,8586           ,8586.0         ,               0,               0
spec_reset                              ,6              ,4422426        ,23626272       ,14018325.0     ,               0,               0
spec_rewind                             ,6              ,69             ,366            ,272.0          ,               0,               0
spec_fread                              ,47481          ,732            ,29697          ,1753.2         ,               0,               0
spec_getc                               ,94960          ,30             ,12915          ,53.0           ,               0,               0
spec_ungetc                             ,94901          ,33             ,693            ,51.6           ,               0,               0
spec_fwrite                             ,47620          ,123            ,36051          ,1812.4         ,               0,               0
bz_config_ok                            ,6              ,297            ,837            ,557.5          ,               0,               0
init_RL                                 ,6              ,336            ,570            ,417.0          ,               0,               0
prepare_new_block                       ,273            ,135            ,1272           ,273.0          ,               0,               0
add_pair_to_block                       ,7247208        ,51             ,870486         ,97.7           ,               0,               0
copy_output_until_stop                  ,7354           ,390            ,879996         ,68001.9        ,               0,               0
isempty_RL                              ,8              ,42             ,273            ,153.4          ,               0,               0
unRLE_obuf_to_output_FAST               ,40534          ,420            ,992769         ,135045.9       ,               0,               0
default_bzfree                          ,18             ,120            ,729552         ,136544.8       ,               0,               0
default_bzalloc                         ,18             ,576            ,71265          ,16930.3        ,               0,               0
bsW                                     ,79379955       ,33             ,65970          ,65.3           ,               0,               0
bsFinishWrite                           ,3              ,504            ,723            ,646.0          ,               0,               0
BZ2_bsInitWrite                         ,3              ,78             ,708            ,300.0          ,               0,               0
makeMaps_e                              ,273            ,876            ,2427           ,1486.2         ,               0,               0
makeMaps_d                              ,273            ,942            ,2331           ,1484.4         ,               0,               0
mainSort                                ,1              ,0              ,0              ,-nan           ,               0,               0
mainQSort3                              ,1              ,0              ,0              ,-nan           ,               0,               0
mainSimpleSort                          ,2571376        ,0              ,0              ,-nan           ,               0,               0
mmed3                                   ,6966489        ,30             ,43092          ,58.4           ,               0,               0
mainGtU                                 ,328060278      ,33             ,2786708        ,82.6           ,               0,               0
fallbackQSort3                          ,3172952        ,99             ,4009923        ,167.6          ,               1,               0
fallbackSimpleSort                      ,2761           ,363            ,363            ,363.0          ,               0,               0
BZ2_hbMakeCodeLengths                   ,6552           ,5436           ,131502         ,43728.3        ,               0,               0
BZ2_hbAssignCodes                       ,1638           ,789            ,19887          ,6511.3         ,               0,               0
BZ2_hbCreateDecodeTables                ,1638           ,1428           ,34995          ,7283.7         ,               0,               0
spec_compress                           ,3              ,16151938983    ,17250355473    ,16840517760.0  ,               0,               0
spec_uncompress                         ,3              ,5056961037     ,5205380406     ,5136645625.0   ,               0,               0
compressStream                          ,3              ,16406992074    ,17194543197    ,16864362166.0  ,               0,               0
myfeof                                  ,94960          ,48             ,14775          ,120.0          ,               0,               0
uncompressStream                        ,3              ,5058293856     ,5201276649     ,5133694860.0   ,               0,               0
BZ2_bzCompressEnd                       ,3              ,879117         ,1138647        ,1018849.0      ,               0,               0
BZ2_bzDecompressEnd                     ,3              ,6999           ,7386           ,7216.0         ,               0,               0
BZ2_bzWriteOpen                         ,3              ,43254          ,78900          ,63456.0        ,               0,               0
BZ2_bzCompressInit                      ,3              ,36120          ,93849          ,73376.0        ,               0,               0
BZ2_bzWrite                             ,40266          ,72054          ,829905153      ,1242176.2      ,               0,               0
BZ2_bzCompress                          ,47350          ,6564           ,829207098      ,1059663.0      ,               0,               0
handle_compress                         ,47350          ,6789           ,826367724      ,1080790.4      ,               0,               0
copy_input_until_stop                   ,40539          ,93             ,168311         ,103947.6       ,               0,               0
flush_RL                                ,3              ,633            ,906            ,808.0          ,               0,               0
BZ2_bzReadOpen                          ,3              ,3948           ,11367          ,6601.0         ,               0,               0
BZ2_bzDecompressInit                    ,3              ,1587           ,16755          ,6689.0         ,               0,               0
BZ2_bzRead                              ,40266          ,34164          ,70540830       ,382231.3       ,               0,               0
BZ2_bzDecompress                        ,47476          ,28779          ,7994154        ,327534.7       ,               0,               0
BZ2_compressBlock                       ,273            ,9115725        ,830924148      ,166524828.2    ,               0,               0
bsPutUChar                              ,1668           ,51             ,888            ,105.1          ,               0,               0
bsPutUInt32                             ,276            ,162            ,843            ,260.5          ,               0,               0
sendMTFValues                           ,273            ,788634         ,30304134       ,16165890.5     ,               0,               0
generateMTFValues                       ,273            ,696438         ,52294458       ,20138153.2     ,               0,               0
BZ2_decompress                          ,7488           ,1287           ,7963455        ,1342745.5      ,               0,               0
BZ2_blockSort                           ,273            ,7637445        ,791182074      ,129600831.0    ,               0,               0
fallbackSort                            ,1              ,584061435      ,584061435      ,584061435.0    ,               0,               0
fallbackQSort3                          ,3172952        ,51             ,3793905        ,117.6          ,               0,               0
spec_init                               ,1              ,96578750       ,96578750       ,96578750.0     ,               0,               0
debug_time                              ,16             ,66             ,945            ,479.2          ,               0,               0
spec_load                               ,1              ,51030912       ,51030912       ,51030912.0     ,               0,               0
spec_initbufs                           ,1              ,6363           ,6363           ,6363.0         ,               0,               0
spec_reset                              ,6              ,4393542        ,23689506       ,14045336.0     ,               0,               0
spec_rewind                             ,6              ,108            ,306            ,167.0          ,               0,               0
spec_fread                              ,47481          ,747            ,29442          ,1905.0         ,               0,               0
spec_getc                               ,94960          ,33             ,12303          ,53.1           ,               0,               0
spec_ungetc                             ,94901          ,33             ,12564          ,53.2           ,               0,               0
spec_fwrite                             ,47620          ,129            ,18711          ,2091.3         ,               0,               0
bz_config_ok                            ,6              ,456            ,837            ,597.5          ,               0,               0
init_RL                                 ,6              ,309            ,672            ,514.0          ,               0,               0
prepare_new_block                       ,273            ,147            ,1527           ,329.3          ,               0,               0
add_pair_to_block                       ,7247208        ,51             ,129696         ,97.7           ,               0,               0
copy_output_until_stop                  ,7354           ,387            ,219939         ,68077.7        ,               0,               0
isempty_RL                              ,8              ,39             ,501            ,201.4          ,               0,               0
unRLE_obuf_to_output_FAST               ,40534          ,417            ,470952         ,135054.7       ,               0,               0
default_bzfree                          ,18             ,111            ,761331         ,134617.8       ,               0,               0
default_bzalloc                         ,18             ,828            ,62151          ,16086.3        ,               0,               0
bsW                                     ,79379955       ,33             ,172308         ,65.4           ,               0,               0
bsFinishWrite                           ,3              ,705            ,735            ,715.0          ,               0,               0
BZ2_bsInitWrite                         ,3              ,72             ,576            ,370.0          ,               0,               0
makeMaps_e                              ,273            ,879            ,2367           ,1507.0         ,               0,               0
makeMaps_d                              ,273            ,945            ,2469           ,1491.4         ,               0,               0
mainSort                                ,1              ,0              ,0              ,-nan           ,               0,               0
mainQSort3                              ,1              ,0              ,0              ,-nan           ,               0,               0
mainSimpleSort                          ,2571376        ,0              ,0              ,-nan           ,               0,               0
mmed3                                   ,6966489        ,30             ,148359         ,59.1           ,               0,               0
mainGtU                                 ,328060278      ,33             ,662049         ,82.6           ,               0,               0
fallbackQSort3                          ,3172952        ,99             ,4036869        ,166.4          ,               1,               0
fallbackSimpleSort                      ,2761           ,201            ,201            ,201.0          ,               0,               0
BZ2_hbMakeCodeLengths                   ,6552           ,5493           ,178992         ,43836.7        ,               0,               0
BZ2_hbAssignCodes                       ,1638           ,816            ,19551          ,6517.1         ,               0,               0
BZ2_hbCreateDecodeTables                ,1638           ,1482           ,37218          ,7302.1         ,               0,               0
spec_compress                           ,3              ,16117730055    ,17161621062    ,16719791592.0  ,               0,               0
spec_uncompress                         ,3              ,5073806829     ,5218625550     ,5150795087.0   ,               0,               0
compressStream                          ,3              ,16101417888    ,17181469158    ,16769585264.0  ,               0,               0
myfeof                                  ,94960          ,48             ,28116          ,126.4          ,               0,               0
uncompressStream                        ,3              ,5080048011     ,5225850942     ,5156445018.0   ,               0,               0
BZ2_bzCompressEnd                       ,3              ,646260         ,1034442        ,829745.0       ,               0,               0
BZ2_bzDecompressEnd                     ,3              ,6264           ,8127           ,7406.0         ,               0,               0
BZ2_bzWriteOpen                         ,3              ,45525          ,70275          ,61240.0        ,               0,               0
BZ2_bzCompressInit                      ,3              ,31434          ,101574         ,67890.0        ,               0,               0
BZ2_bzWrite                             ,40266          ,71610          ,828774069      ,1245029.2      ,               0,               0
BZ2_bzCompress                          ,47350          ,7740           ,828377676      ,1057146.8      ,               0,               0
handle_compress                         ,47350          ,6834           ,811602426      ,1058189.3      ,               0,               0
copy_input_until_stop                   ,40539          ,93             ,936759         ,103976.9       ,               0,               0
flush_RL                                ,3              ,627            ,1032           ,807.0          ,               0,               0
BZ2_bzReadOpen                          ,3              ,4959           ,11664          ,7483.0         ,               0,               0
BZ2_bzDecompressInit                    ,3              ,1332           ,8226           ,3661.0         ,               0,               0
BZ2_bzRead                              ,40266          ,33558          ,70124220       ,369653.9       ,               0,               0
BZ2_bzDecompress                        ,47476          ,30207          ,7830711        ,327048.6       ,               0,               0
BZ2_compressBlock                       ,273            ,9121650        ,828547446      ,166285718.6    ,               0,               0
bsPutUChar                              ,1668           ,54             ,1164           ,127.3          ,               0,               0
bsPutUInt32                             ,276            ,159            ,822            ,221.1          ,               0,               0
sendMTFValues                           ,273            ,746814         ,30338919       ,16142750.7     ,               0,               0
generateMTFValues                       ,273            ,695184         ,52769646       ,20363370.4     ,               0,               0
BZ2_decompress                          ,7488           ,1287           ,7989501        ,1334115.9      ,               0,               0
BZ2_blockSort                           ,273            ,7675203        ,790189455      ,129195688.8    ,               0,               0
fallbackSort                            ,1              ,602292297      ,602292297      ,602292297.0    ,               0,               0
fallbackQSort3                          ,3172952        ,48             ,3897303        ,119.4          ,               0,               0
spec_init                               ,1              ,91643771       ,91643771       ,91643771.0     ,               0,               0
debug_time                              ,16             ,63             ,1050           ,496.1          ,               0,               0
spec_load                               ,1              ,48944610       ,48944610       ,48944610.0     ,               0,               0
spec_initbufs                           ,1              ,6765           ,6765           ,6765.0         ,               0,               0
spec_reset                              ,6              ,4570923        ,23681568       ,14134744.0     ,               0,               0
spec_rewind                             ,6              ,132            ,465            ,273.0          ,               0,               0
spec_fread                              ,47481          ,714            ,35922          ,1907.7         ,               0,               0
spec_getc                               ,94960          ,33             ,12687          ,56.4           ,               0,               0
spec_ungetc                             ,94901          ,33             ,666            ,55.9           ,               0,               0
spec_fwrite                             ,47620          ,111            ,33624          ,2106.6         ,               0,               0
bz_config_ok                            ,6              ,285            ,645            ,538.0          ,               0,               0
init_RL                                 ,6              ,351            ,582            ,426.5          ,               0,               0
prepare_new_block                       ,273            ,126            ,990            ,306.2          ,               0,               0
add_pair_to_block                       ,7247208        ,54             ,810513         ,103.2          ,               0,               0
copy_output_until_stop                  ,7354           ,396            ,136242         ,68008.6        ,               0,               0
isempty_RL                              ,8              ,42             ,318            ,180.4          ,               0,               0
unRLE_obuf_to_output_FAST               ,40534          ,447            ,1055043        ,135025.4       ,               0,               0
default_bzfree                          ,18             ,156            ,832398         ,167264.5       ,               0,               0
default_bzalloc                         ,18             ,687            ,57819          ,16846.7        ,               0,               0
bsW                                     ,79379955       ,33             ,813636         ,66.1           ,               0,               0
bsFinishWrite                           ,3              ,507            ,708            ,641.0          ,               0,               0
BZ2_bsInitWrite                         ,3              ,441            ,606            ,514.0          ,               0,               0
makeMaps_e                              ,273            ,891            ,2418           ,1514.9         ,               0,               0
makeMaps_d                              ,273            ,975            ,14670          ,1577.0         ,               0,               0
mainSort                                ,1              ,0              ,0              ,-nan           ,               0,               0
mainQSort3                              ,1              ,0              ,0              ,-nan           ,               0,               0
mainSimpleSort                          ,2571376        ,0              ,0              ,-nan           ,               0,               0
mmed3                                   ,6966489        ,30             ,81372          ,58.3           ,               0,               0
mainGtU                                 ,328060278      ,33             ,815889         ,82.7           ,               0,               0
fallbackQSort3                          ,3172952        ,99             ,3903642        ,164.7          ,               1,               0
fallbackSimpleSort                      ,2761           ,357            ,357            ,357.0          ,               0,               0
BZ2_hbMakeCodeLengths                   ,6552           ,5409           ,131862         ,43742.4        ,               0,               0
BZ2_hbAssignCodes                       ,1638           ,810            ,21906          ,6548.5         ,               0,               0
BZ2_hbCreateDecodeTables                ,1638           ,1611           ,35367          ,7207.3         ,               0,               0
spec_compress                           ,3              ,16085878935    ,17168023734    ,16768479646.0  ,               0,               0
spec_uncompress                         ,3              ,5067384273     ,5211083130     ,5143409437.0   ,               0,               0
compressStream                          ,3              ,16083675396    ,17078982870    ,16709179978.0  ,               0,               0
myfeof                                  ,94960          ,48             ,17400          ,124.4          ,               0,               0
uncompressStream                        ,3              ,5060413578     ,5208988566     ,5138382565.0   ,               0,               0
BZ2_bzCompressEnd                       ,3              ,717117         ,893814         ,824090.0       ,               0,               0
BZ2_bzDecompressEnd                     ,3              ,4722           ,7368           ,6086.0         ,               0,               0
BZ2_bzWriteOpen                         ,3              ,42642          ,105681         ,72229.0        ,               0,               0
BZ2_bzCompressInit                      ,3              ,79710          ,83928          ,81927.0        ,               0,               0
BZ2_bzWrite                             ,40266          ,72030          ,812370390      ,1244311.4      ,               0,               0
BZ2_bzCompress                          ,47350          ,6489           ,816347085      ,1058551.2      ,               0,               0
handle_compress                         ,47350          ,6819           ,830187729      ,1067131.6      ,               0,               0
copy_input_until_stop                   ,40539          ,114            ,173652         ,103917.4       ,               0,               0
flush_RL                                ,3              ,567            ,690            ,645.0          ,               0,               0
BZ2_bzReadOpen                          ,3              ,5346           ,12285          ,8038.0         ,               0,               0
BZ2_bzDecompressInit                    ,3              ,1614           ,9006           ,4108.0         ,               0,               0
BZ2_bzRead                              ,40266          ,33318          ,70071255       ,381017.6       ,               0,               0
BZ2_bzDecompress                        ,47476          ,28899          ,8003529        ,329265.1       ,               0,               0
BZ2_compressBlock                       ,273            ,9112167        ,811158522      ,166122775.6    ,               0,               0
bsPutUChar                              ,1668           ,51             ,1023           ,101.2          ,               0,               0
bsPutUInt32                             ,276            ,165            ,969            ,237.0          ,               0,               0
sendMTFValues                           ,273            ,753660         ,30320292       ,16177261.3     ,               0,               0
generateMTFValues                       ,273            ,694530         ,52558062       ,20242821.7     ,               0,               0
BZ2_decompress                          ,7488           ,1221           ,7792215        ,1333869.1      ,               0,               0
BZ2_blockSort                           ,273            ,7631352        ,791838393      ,129739019.3    ,               0,               0
fallbackSort                            ,1              ,600152382      ,600152382      ,600152382.0    ,               0,               0
fallbackQSort3                          ,3172952        ,51             ,3765678        ,115.2          ,               0,               0
