spec_init                               ,1              ,90352983       ,90352983       ,90352983.0     ,               0,               0
debug_time                              ,16             ,78             ,1314           ,456.0          ,               0,               0
spec_load                               ,1              ,62530950       ,62530950       ,62530950.0     ,               0,               0
spec_initbufs                           ,1              ,6459           ,6459           ,6459.0         ,               0,               0
spec_compress                           ,3              ,16167071775    ,17235050205    ,16768479909.0  ,          216879,            2617
spec_reset                              ,6              ,5504631        ,38796972       ,22137116.5     ,               0,               0
spec_rewind                             ,6              ,237            ,477            ,379.0          ,               0,               0
spec_uncompress                         ,3              ,5085113382     ,5232529203     ,5164403253.0   ,             630,             628
spec_fread                              ,123            ,729            ,184335         ,3129.0         ,               0,               0
spec_getc                               ,123            ,48             ,1869           ,207.3          ,               0,               0
spec_ungetc                             ,123            ,45             ,1191           ,168.7          ,               0,               0
spec_fwrite                             ,123            ,720            ,18492          ,3419.8         ,               0,               0
compressStream                          ,3              ,16167068373    ,17235046644    ,16768476409.0  ,          216878,            2616
myfeof                                  ,123            ,471            ,320604         ,19844.0        ,               2,               2
uncompressStream                        ,3              ,5085110076     ,5232525834     ,5164400020.0   ,             629,             627
BZ2_bzCompressEnd                       ,3              ,438078         ,685845         ,579997.0       ,               4,               4
BZ2_bzDecompressEnd                     ,3              ,23265          ,24573          ,23926.0        ,               2,               2
BZ2_bzWriteOpen                         ,3              ,66507          ,450559         ,322176.7       ,               8,               8
BZ2_bzCompressInit                      ,3              ,59112          ,437259         ,311030.7       ,               7,               7
bz_config_ok                            ,6              ,462            ,1239           ,839.0          ,               0,               0
init_RL                                 ,6              ,486            ,1590           ,807.5          ,               0,               0
prepare_new_block                       ,115            ,126            ,1653           ,252.6          ,               0,               0
BZ2_bzWrite                             ,119            ,101580         ,1301774        ,148051.7       ,               3,               3
BZ2_bzCompress                          ,119            ,74283          ,1028133        ,135630.2       ,               1,               1
handle_compress                         ,119            ,69324          ,670242         ,129039.9       ,               0,               0
copy_input_until_stop                   ,119            ,3514           ,516782         ,124540.8       ,               0,               0
add_pair_to_block                       ,119            ,57             ,5411           ,464.7          ,               0,               0
flush_RL                                ,3              ,3759           ,4002           ,3862.0         ,               1,               1
copy_output_until_stop                  ,119            ,7449           ,141165         ,72230.7        ,               0,               0
isempty_RL                              ,8              ,42             ,864            ,494.2          ,               0,               0
BZ2_bzReadOpen                          ,3              ,10383          ,36930          ,19247.0        ,               3,               3
BZ2_bzDecompressInit                    ,3              ,4554           ,32724          ,13984.0        ,               2,               2
BZ2_bzRead                              ,108            ,84222          ,53343864       ,1374231.9      ,               2,               2
BZ2_bzDecompress                        ,108            ,83865          ,3853359        ,492062.0       ,               1,               1
unRLE_obuf_to_output_FAST               ,108            ,18045          ,703035         ,151189.9       ,               0,               0
default_bzfree                          ,18             ,132            ,419193         ,98990.0        ,               0,               0
default_bzalloc                         ,18             ,945            ,62685          ,17007.2        ,               0,               0
BZ2_compressBlock                       ,115            ,86394039       ,235616610      ,131034653.1    ,             180,               5
bsPutUChar                              ,119            ,60             ,381933         ,48191.9        ,               0,               0
bsW                                     ,119            ,42             ,1224           ,151.1          ,               0,               0
bsPutUInt32                             ,115            ,141            ,9301           ,478.8          ,               0,               0
bsFinishWrite                           ,3              ,561            ,705            ,612.0          ,               0,               0
BZ2_bsInitWrite                         ,3              ,432            ,462            ,451.0          ,               0,               0
sendMTFValues                           ,115            ,5419899        ,28311607       ,13513969.0     ,               0,               0
generateMTFValues                       ,115            ,7788597        ,40280718       ,16316047.6     ,               1,               1
makeMaps_e                              ,115            ,705            ,3486           ,1413.8         ,               0,               0
BZ2_decompress                          ,108            ,112614         ,4643442        ,1326723.6      ,               1,               1
makeMaps_d                              ,106            ,966            ,2748           ,1484.2         ,               0,               0
BZ2_blockSort                           ,115            ,73181712       ,193373544      ,100992156.3    ,             175,               0
mainSort                                ,1              ,23432447307    ,23432447307    ,23432447307.0  ,          225349,            1382
mainQSort3                              ,1              ,26058799422    ,26058799422    ,26058799422.0  ,          260122,            2364
mainSimpleSort                          ,119            ,42             ,814248         ,21112.5        ,               0,               0
mmed3                                   ,119            ,36             ,1425           ,158.2          ,               0,               0
mainGtU                                 ,119            ,42             ,2739           ,277.6          ,               0,               0
fallbackSort                            ,1              ,601974936      ,601974936      ,601974936.0    ,            3897,             200
fallbackQSort3                          ,100            ,114            ,3063525        ,198196.7       ,               1,               0
fallbackSimpleSort                      ,100            ,45             ,8147139        ,380455.1       ,               0,               0
BZ2_hbMakeCodeLengths                   ,119            ,21822          ,89502          ,38488.2        ,               0,               0
BZ2_hbAssignCodes                       ,119            ,4920           ,11076          ,6405.7         ,               0,               0
BZ2_hbCreateDecodeTables                ,107            ,6069           ,20415          ,7255.1         ,               0,               0
spec_init                               ,1              ,91441392       ,91441392       ,91441392.0     ,               0,               0
debug_time                              ,16             ,75             ,840            ,345.9          ,               0,               0
spec_load                               ,1              ,50682591       ,50682591       ,50682591.0     ,               0,               0
spec_initbufs                           ,1              ,6450           ,6450           ,6450.0         ,               0,               0
spec_compress                           ,3              ,16114800150    ,17123328519    ,16752731863.0  ,          216811,            2617
spec_reset                              ,6              ,4449672        ,23898930       ,14106713.5     ,               0,               0
spec_rewind                             ,6              ,279            ,528            ,381.5          ,               0,               0
spec_uncompress                         ,3              ,5062064082     ,5207657379     ,5139145366.0   ,             630,             628
spec_fread                              ,123            ,705            ,9330           ,1353.5         ,               0,               0
spec_getc                               ,123            ,42             ,1358           ,188.6          ,               0,               0
spec_ungetc                             ,123            ,45             ,763            ,121.5          ,               0,               0
spec_fwrite                             ,123            ,456            ,5832           ,2118.5         ,               0,               0
compressStream                          ,3              ,16114797486    ,17123325819    ,16752729191.0  ,          216810,            2616
myfeof                                  ,123            ,471            ,361404         ,21934.1        ,               2,               2
uncompressStream                        ,3              ,5062061625     ,5207653818     ,5139142454.0   ,             629,             627
BZ2_bzCompressEnd                       ,3              ,849612         ,1110690        ,969711.0       ,               4,               4
BZ2_bzDecompressEnd                     ,3              ,17988          ,19098          ,18681.0        ,               2,               2
BZ2_bzWriteOpen                         ,3              ,64083          ,435471         ,310277.0       ,               8,               8
BZ2_bzCompressInit                      ,3              ,58470          ,426127         ,302273.3       ,               7,               7
bz_config_ok                            ,6              ,324            ,543            ,459.0          ,               0,               0
init_RL                                 ,6              ,327            ,1509           ,648.5          ,               0,               0
prepare_new_block                       ,115            ,114            ,1395           ,224.9          ,               0,               0
BZ2_bzWrite                             ,119            ,98472          ,760650         ,132063.8       ,               0,               0
BZ2_bzCompress                          ,119            ,77091          ,483306         ,122220.9       ,               1,               1
handle_compress                         ,119            ,69306          ,481917         ,119843.1       ,               0,               0
copy_input_until_stop                   ,119            ,30100          ,492744         ,125379.1       ,               1,               1
add_pair_to_block                       ,119            ,57             ,4298           ,442.5          ,               0,               0
flush_RL                                ,3              ,3465           ,4029           ,3664.0         ,               1,               1
copy_output_until_stop                  ,119            ,7365           ,114817         ,70873.0        ,               0,               0
isempty_RL                              ,8              ,42             ,549            ,331.9          ,               0,               0
BZ2_bzReadOpen                          ,3              ,5865           ,32526          ,15017.0        ,               3,               3
BZ2_bzDecompressInit                    ,3              ,2721           ,29658          ,11776.0        ,               2,               2
BZ2_bzRead                              ,108            ,84960          ,53385750       ,1368619.7      ,               2,               2
BZ2_bzDecompress                        ,108            ,84573          ,3858612        ,485296.6       ,               1,               1
unRLE_obuf_to_output_FAST               ,108            ,48624          ,296643         ,143034.6       ,               0,               0
default_bzfree                          ,18             ,138            ,791157         ,163378.0       ,               0,               0
default_bzalloc                         ,18             ,672            ,65580          ,16268.7        ,               0,               0
BZ2_compressBlock                       ,115            ,86141388       ,254516373      ,131761912.2    ,             180,               5
bsPutUChar                              ,119            ,57             ,393881         ,47557.9        ,               0,               0
bsW                                     ,119            ,42             ,262533         ,2835.2         ,               0,               0
bsPutUInt32                             ,115            ,150            ,1830           ,337.1          ,               0,               0
bsFinishWrite                           ,3              ,369            ,378            ,372.0          ,               0,               0
BZ2_bsInitWrite                         ,3              ,360            ,597            ,440.0          ,               0,               0
sendMTFValues                           ,115            ,5420808        ,27013302       ,13624679.6     ,               0,               0
generateMTFValues                       ,115            ,7775106        ,40128279       ,16460040.3     ,               1,               1
makeMaps_e                              ,115            ,732            ,2884           ,1428.6         ,               0,               0
BZ2_decompress                          ,108            ,41694          ,4651626        ,1314350.5      ,               1,               1
makeMaps_d                              ,106            ,960            ,2310           ,1464.0         ,               0,               0
BZ2_blockSort                           ,115            ,72941151       ,222572175      ,101683744.1    ,             175,               0
mainSort                                ,1              ,23288493426    ,23288493426    ,23288493426.0  ,          225234,            1384
mainQSort3                              ,1              ,25909394784    ,25909394784    ,25909394784.0  ,          260013,            2364
mainSimpleSort                          ,119            ,42             ,769413         ,21857.6        ,               0,               0
mmed3                                   ,119            ,36             ,879            ,120.4          ,               0,               0
mainGtU                                 ,119            ,42             ,1749           ,250.5          ,               0,               0
fallbackSort                            ,1              ,585490365      ,585490365      ,585490365.0    ,            3897,             200
fallbackQSort3                          ,100            ,117            ,3032280        ,190081.0       ,               1,               0
fallbackSimpleSort                      ,100            ,51             ,8017425        ,364888.0       ,               0,               0
BZ2_hbMakeCodeLengths                   ,119            ,24693          ,88878          ,38610.6        ,               0,               0
BZ2_hbAssignCodes                       ,119            ,4365           ,11127          ,6386.2         ,               0,               0
BZ2_hbCreateDecodeTables                ,107            ,5994           ,13167          ,7077.7         ,               0,               0
spec_init                               ,1              ,93623001       ,93623001       ,93623001.0     ,               0,               0
debug_time                              ,16             ,69             ,996            ,365.4          ,               0,               0
spec_load                               ,1              ,57865368       ,57865368       ,57865368.0     ,               0,               0
spec_initbufs                           ,1              ,8562           ,8562           ,8562.0         ,               0,               0
spec_compress                           ,3              ,16212415140    ,17543467410    ,17027217670.0  ,          217115,            2617
spec_reset                              ,6              ,4456047        ,24121272       ,14245116.0     ,               0,               0
spec_rewind                             ,6              ,279            ,333            ,303.5          ,               0,               0
spec_uncompress                         ,3              ,4875597519     ,5049557910     ,4969883881.0   ,             630,             628
spec_fread                              ,123            ,747            ,4522           ,1400.1         ,               0,               0
spec_getc                               ,123            ,48             ,1446           ,212.9          ,               0,               0
spec_ungetc                             ,123            ,45             ,1218           ,120.3          ,               0,               0
spec_fwrite                             ,123            ,480            ,7605           ,2119.2         ,               0,               0
compressStream                          ,3              ,16212412680    ,17543464920    ,17027215211.0  ,          217114,            2616
myfeof                                  ,123            ,471            ,385421         ,26151.0        ,               2,               2
uncompressStream                        ,3              ,4875595482     ,5049555273     ,4969881255.0   ,             629,             627
BZ2_bzCompressEnd                       ,3              ,545436         ,982431         ,820913.0       ,               4,               4
BZ2_bzDecompressEnd                     ,3              ,15819          ,16281          ,15992.0        ,               2,               2
BZ2_bzWriteOpen                         ,3              ,69807          ,621651         ,372694.7       ,               8,               8
BZ2_bzCompressInit                      ,3              ,63516          ,612135         ,364469.3       ,               7,               7
bz_config_ok                            ,6              ,474            ,858            ,704.0          ,               0,               0
init_RL                                 ,6              ,288            ,840            ,527.0          ,               0,               0
prepare_new_block                       ,115            ,120            ,951            ,229.1          ,               0,               0
BZ2_bzWrite                             ,119            ,98235          ,571293         ,131432.3       ,               0,               0
BZ2_bzCompress                          ,119            ,76542          ,528694         ,124461.5       ,               1,               1
handle_compress                         ,119            ,69123          ,526818         ,122820.3       ,               0,               0
copy_input_until_stop                   ,119            ,3073           ,525057         ,128574.8       ,               0,               0
add_pair_to_block                       ,119            ,57             ,3955           ,415.4          ,               0,               0
flush_RL                                ,3              ,2508           ,3432           ,2866.0         ,               1,               1
copy_output_until_stop                  ,119            ,7329           ,113665         ,72461.0        ,               0,               0
isempty_RL                              ,8              ,42             ,570            ,334.1          ,               0,               0
BZ2_bzReadOpen                          ,3              ,7602           ,46416          ,20554.0        ,               3,               3
BZ2_bzDecompressInit                    ,3              ,3078           ,42444          ,16250.0        ,               2,               2
BZ2_bzRead                              ,108            ,72387          ,54213189       ,1361767.0      ,               2,               2
BZ2_bzDecompress                        ,108            ,72093          ,3824775        ,481656.0       ,               1,               1
unRLE_obuf_to_output_FAST               ,108            ,2841           ,441258         ,125710.5       ,               0,               0
default_bzfree                          ,18             ,150            ,603594         ,138250.0       ,               0,               0
default_bzalloc                         ,18             ,612            ,832857         ,66618.8        ,               0,               0
BZ2_compressBlock                       ,115            ,86623440       ,242559570      ,132038737.0    ,             180,               5
bsPutUChar                              ,119            ,54             ,461688         ,47674.2        ,               0,               0
bsW                                     ,119            ,48             ,81543          ,815.0          ,               0,               0
bsPutUInt32                             ,115            ,168            ,1848           ,353.6          ,               0,               0
bsFinishWrite                           ,3              ,375            ,384            ,379.0          ,               0,               0
BZ2_bsInitWrite                         ,3              ,312            ,321            ,316.0          ,               0,               0
sendMTFValues                           ,115            ,5472096        ,28809291       ,13570206.5     ,               0,               0
generateMTFValues                       ,115            ,7825827        ,40270308       ,16437703.9     ,               1,               1
makeMaps_e                              ,115            ,768            ,2472           ,1403.7         ,               0,               0
BZ2_decompress                          ,108            ,111315         ,4613457        ,1321049.3      ,               1,               1
makeMaps_d                              ,106            ,930            ,2334           ,1437.7         ,               0,               0
BZ2_blockSort                           ,115            ,73317789       ,198709548      ,101708095.3    ,             175,               0
mainSort                                ,1              ,23319798501    ,23319798501    ,23319798501.0  ,          225426,            1381
mainQSort3                              ,1              ,25946130159    ,25946130159    ,25946130159.0  ,          260327,            2364
mainSimpleSort                          ,119            ,42             ,793290         ,24470.3        ,               0,               0
mmed3                                   ,119            ,36             ,885            ,118.4          ,               0,               0
mainGtU                                 ,119            ,42             ,1740           ,245.4          ,               0,               0
fallbackSort                            ,1              ,614038383      ,614038383      ,614038383.0    ,            3897,             200
fallbackQSort3                          ,100            ,114            ,3109215        ,199808.3       ,               1,               0
fallbackSimpleSort                      ,100            ,42             ,8190126        ,386248.0       ,               0,               0
BZ2_hbMakeCodeLengths                   ,119            ,21912          ,88800          ,38863.5        ,               0,               0
BZ2_hbAssignCodes                       ,119            ,4356           ,11130          ,6414.6         ,               0,               0
BZ2_hbCreateDecodeTables                ,107            ,5988           ,21246          ,7210.2         ,               0,               0
spec_init                               ,1              ,91370319       ,91370319       ,91370319.0     ,               0,               0
debug_time                              ,16             ,66             ,1233           ,488.2          ,               0,               0
spec_load                               ,1              ,61658994       ,61658994       ,61658994.0     ,               0,               0
spec_initbufs                           ,1              ,6408           ,6408           ,6408.0         ,               0,               0
spec_compress                           ,3              ,16169653518    ,17219912700    ,16766389237.0  ,          216869,            2617
spec_reset                              ,6              ,5477100        ,39448746       ,22208369.0     ,               0,               0
spec_rewind                             ,6              ,279            ,462            ,412.5          ,               0,               0
spec_uncompress                         ,3              ,5084687454     ,5231203134     ,5162795778.0   ,             630,             628
spec_fread                              ,123            ,759            ,101163         ,2395.3         ,               0,               0
spec_getc                               ,123            ,45             ,1582           ,187.6          ,               0,               0
spec_ungetc                             ,123            ,42             ,1296           ,189.9          ,               0,               0
spec_fwrite                             ,123            ,801            ,12957          ,3267.4         ,               0,               0
compressStream                          ,3              ,16169650140    ,17219908662    ,16766385516.0  ,          216868,            2616
myfeof                                  ,123            ,468            ,329613         ,19439.9        ,               2,               2
uncompressStream                        ,3              ,5084683872     ,5231199657     ,5162792285.0   ,             629,             627
BZ2_bzCompressEnd                       ,3              ,437409         ,696522         ,577043.0       ,               4,               4
BZ2_bzDecompressEnd                     ,3              ,20646          ,24741          ,23014.0        ,               2,               2
BZ2_bzWriteOpen                         ,3              ,66552          ,440014         ,307504.3       ,               8,               8
BZ2_bzCompressInit                      ,3              ,59202          ,426854         ,296493.7       ,               7,               7
bz_config_ok                            ,6              ,420            ,1239           ,821.5          ,               0,               0
init_RL                                 ,6              ,471            ,1236           ,777.5          ,               0,               0
prepare_new_block                       ,115            ,120            ,1560           ,223.3          ,               0,               0
BZ2_bzWrite                             ,119            ,101613         ,1142121        ,161128.6       ,               3,               3
BZ2_bzCompress                          ,119            ,74367          ,1014633        ,144428.9       ,               1,               1
handle_compress                         ,119            ,69393          ,942726         ,137252.7       ,               0,               0
copy_input_until_stop                   ,119            ,2787           ,820962         ,135495.9       ,               0,               0
add_pair_to_block                       ,119            ,57             ,4350           ,439.7          ,               0,               0
flush_RL                                ,3              ,3957           ,4374           ,4158.0         ,               1,               1
copy_output_until_stop                  ,119            ,7449           ,121324         ,72644.5        ,               0,               0
isempty_RL                              ,8              ,42             ,837            ,496.9          ,               0,               0
BZ2_bzReadOpen                          ,3              ,8913           ,37740          ,18657.0        ,               3,               3
BZ2_bzDecompressInit                    ,3              ,4350           ,33393          ,14079.0        ,               2,               2
BZ2_bzRead                              ,108            ,84687          ,53384961       ,1371606.1      ,               2,               2
BZ2_bzDecompress                        ,108            ,84381          ,3865761        ,491886.9       ,               1,               1
unRLE_obuf_to_output_FAST               ,108            ,18096          ,692910         ,150117.7       ,               0,               0
default_bzfree                          ,18             ,147            ,421710         ,98435.7        ,               0,               0
default_bzalloc                         ,18             ,1047           ,61866          ,17137.5        ,               0,               0
BZ2_compressBlock                       ,115            ,86409285       ,235877148      ,131108361.9    ,             180,               5
bsPutUChar                              ,119            ,57             ,392342         ,50876.5        ,               0,               0
bsW                                     ,119            ,51             ,879            ,152.3          ,               0,               0
bsPutUInt32                             ,115            ,156            ,1974           ,394.3          ,               0,               0
bsFinishWrite                           ,3              ,537            ,561            ,550.0          ,               0,               0
BZ2_bsInitWrite                         ,3              ,423            ,453            ,434.0          ,               0,               0
sendMTFValues                           ,115            ,5453721        ,28300635       ,13506524.4     ,               0,               0
generateMTFValues                       ,115            ,7792284        ,40195011       ,16326303.7     ,               1,               1
makeMaps_e                              ,115            ,723            ,2856           ,1412.8         ,               0,               0
BZ2_decompress                          ,108            ,112017         ,4646265        ,1328245.8      ,               1,               1
makeMaps_d                              ,106            ,936            ,2625           ,1481.5         ,               0,               0
BZ2_blockSort                           ,115            ,73159158       ,193507986      ,101049860.2    ,             175,               0
mainSort                                ,1              ,23436832263    ,23436832263    ,23436832263.0  ,          225321,            1384
mainQSort3                              ,1              ,26060784312    ,26060784312    ,26060784312.0  ,          260095,            2364
mainSimpleSort                          ,119            ,42             ,806790         ,20859.1        ,               0,               0
mmed3                                   ,119            ,36             ,77115          ,796.9          ,               0,               0
mainGtU                                 ,119            ,42             ,2775           ,281.7          ,               0,               0
fallbackSort                            ,1              ,601776669      ,601776669      ,601776669.0    ,            3897,             200
fallbackQSort3                          ,100            ,114            ,3073833        ,198162.3       ,               1,               0
fallbackSimpleSort                      ,100            ,45             ,8162058        ,380988.1       ,               0,               0
BZ2_hbMakeCodeLengths                   ,119            ,21990          ,89139          ,38694.6        ,               0,               0
BZ2_hbAssignCodes                       ,119            ,4524           ,11109          ,6487.4         ,               0,               0
BZ2_hbCreateDecodeTables                ,107            ,6057           ,41580          ,7438.7         ,               0,               0
spec_init                               ,1              ,89095911       ,89095911       ,89095911.0     ,               0,               0
debug_time                              ,16             ,78             ,966            ,402.8          ,               0,               0
spec_load                               ,1              ,56267412       ,56267412       ,56267412.0     ,               0,               0
spec_initbufs                           ,1              ,6543           ,6543           ,6543.0         ,               0,               0
spec_compress                           ,3              ,16111698417    ,17126580084    ,16755980032.0  ,          216788,            2617
spec_reset                              ,6              ,4514736        ,23704722       ,14102978.0     ,               0,               0
spec_rewind                             ,6              ,288            ,381            ,334.5          ,               0,               0
spec_uncompress                         ,3              ,5071376604     ,5213306619     ,5147644215.0   ,             630,             628
spec_fread                              ,123            ,738            ,12101          ,1431.6         ,               0,               0
spec_getc                               ,123            ,45             ,1296           ,188.9          ,               0,               0
spec_ungetc                             ,123            ,45             ,1125           ,138.0          ,               0,               0
spec_fwrite                             ,123            ,477            ,60585          ,2561.4         ,               0,               0
compressStream                          ,3              ,16111695978    ,17126577546    ,16755977524.0  ,          216787,            2616
myfeof                                  ,123            ,459            ,359649         ,23754.6        ,               2,               2
uncompressStream                        ,3              ,5071374546     ,5213304144     ,5147641944.0   ,             629,             627
BZ2_bzCompressEnd                       ,3              ,882528         ,1120449        ,962943.0       ,               4,               4
BZ2_bzDecompressEnd                     ,3              ,17376          ,19836          ,18587.0        ,               2,               2
BZ2_bzWriteOpen                         ,3              ,62880          ,439559         ,306712.0       ,               8,               8
BZ2_bzCompressInit                      ,3              ,57027          ,429972         ,298569.3       ,               7,               7
bz_config_ok                            ,6              ,315            ,612            ,464.5          ,               0,               0
init_RL                                 ,6              ,417            ,1179           ,651.5          ,               0,               0
prepare_new_block                       ,115            ,111            ,1416           ,219.2          ,               0,               0
BZ2_bzWrite                             ,119            ,98400          ,697527         ,131537.2       ,               0,               0
BZ2_bzCompress                          ,119            ,76821          ,558612         ,122753.3       ,               1,               1
handle_compress                         ,119            ,69360          ,494696         ,120493.8       ,               0,               0
copy_input_until_stop                   ,119            ,30268          ,492934         ,127158.3       ,               1,               1
add_pair_to_block                       ,119            ,57             ,6732           ,502.2          ,               0,               0
flush_RL                                ,3              ,3249           ,3660           ,3424.0         ,               1,               1
copy_output_until_stop                  ,119            ,7443           ,128237         ,71857.4        ,               0,               0
isempty_RL                              ,8              ,39             ,606            ,340.5          ,               0,               0
BZ2_bzReadOpen                          ,3              ,8649           ,33126          ,16972.0        ,               3,               3
BZ2_bzDecompressInit                    ,3              ,2967           ,30147          ,12102.0        ,               2,               2
BZ2_bzRead                              ,108            ,85347          ,53333988       ,1383084.9      ,               2,               2
BZ2_bzDecompress                        ,108            ,85014          ,3863214        ,483672.7       ,               1,               1
unRLE_obuf_to_output_FAST               ,108            ,54843          ,995394         ,157911.2       ,               0,               0
default_bzfree                          ,18             ,168            ,783144         ,162154.7       ,               0,               0
default_bzalloc                         ,18             ,828            ,80634          ,17492.7        ,               0,               0
BZ2_compressBlock                       ,115            ,86243571       ,254450886      ,131669654.9    ,             180,               5
bsPutUChar                              ,119            ,57             ,401403         ,45598.5        ,               0,               0
bsW                                     ,119            ,45             ,100398         ,979.8          ,               0,               0
bsPutUInt32                             ,115            ,144            ,1863           ,352.5          ,               0,               0
bsFinishWrite                           ,3              ,102            ,378            ,200.0          ,               0,               0
BZ2_bsInitWrite                         ,3              ,327            ,405            ,375.0          ,               0,               0
sendMTFValues                           ,115            ,5457471        ,27056029       ,13651585.5     ,               0,               0
generateMTFValues                       ,115            ,7768077        ,40150890       ,16462299.8     ,               1,               1
makeMaps_e                              ,115            ,738            ,10948          ,1519.0         ,               0,               0
BZ2_decompress                          ,108            ,42321          ,4640715        ,1309230.9      ,               1,               1
makeMaps_d                              ,106            ,975            ,2286           ,1462.2         ,               0,               0
BZ2_blockSort                           ,115            ,73009440       ,222605085      ,101546985.2    ,             175,               0
mainSort                                ,1              ,23299594374    ,23299594374    ,23299594374.0  ,          225222,            1384
mainQSort3                              ,1              ,25919929170    ,25919929170    ,25919929170.0  ,          259994,            2364
mainSimpleSort                          ,119            ,42             ,741768         ,20823.8        ,               0,               0
mmed3                                   ,119            ,36             ,933            ,131.1          ,               0,               0
mainGtU                                 ,119            ,42             ,1794           ,257.8          ,               0,               0
fallbackSort                            ,1              ,583857921      ,583857921      ,583857921.0    ,            3897,             200
fallbackQSort3                          ,100            ,117            ,3010308        ,190478.8       ,               1,               0
fallbackSimpleSort                      ,100            ,42             ,8000742        ,364979.2       ,               0,               0
BZ2_hbMakeCodeLengths                   ,119            ,24702          ,88893          ,38548.6        ,               0,               0
BZ2_hbAssignCodes                       ,119            ,4593           ,10992          ,6401.1         ,               0,               0
BZ2_hbCreateDecodeTables                ,107            ,6027           ,14112          ,7191.1         ,               0,               0
