spec_init                               ,1              ,96284064       ,96284064       ,96284064.0     ,               0,               0
debug_time                              ,16             ,72             ,864            ,501.8          ,               0,               0
spec_load                               ,1              ,55301415       ,55301415       ,55301415.0     ,               0,               0
spec_initbufs                           ,1              ,513            ,513            ,513.0          ,               0,               0
spec_reset                              ,6              ,4282716        ,39020718       ,18031970.0     ,               0,               0
spec_rewind                             ,6              ,135            ,768            ,354.5          ,               0,               0
spec_fread                              ,47481          ,762            ,35742          ,1968.7         ,               0,               0
spec_getc                               ,94960          ,30             ,25854          ,51.8           ,               0,               0
spec_ungetc                             ,94901          ,33             ,22215          ,52.4           ,               0,               0
spec_fwrite                             ,47620          ,111            ,33246          ,2200.7         ,               0,               0
bz_config_ok                            ,6              ,282            ,645            ,484.5          ,               0,               0
init_RL                                 ,6              ,330            ,654            ,413.0          ,               0,               0
prepare_new_block                       ,273            ,120            ,798            ,283.1          ,               0,               0
add_pair_to_block                       ,7247208        ,48             ,80661          ,99.4           ,               0,               0
copy_output_until_stop                  ,7354           ,390            ,198294         ,68076.9        ,               0,               0
isempty_RL                              ,8              ,39             ,489            ,193.9          ,               0,               0
unRLE_obuf_to_output_FAST               ,40534          ,414            ,285519         ,133025.8       ,               0,               0
default_bzfree                          ,18             ,159            ,835110         ,164841.2       ,               0,               0
default_bzalloc                         ,18             ,603            ,68661          ,17020.8        ,               0,               0
bsW                                     ,79379955       ,33             ,130116         ,68.3           ,               0,               0
bsFinishWrite                           ,3              ,585            ,846            ,758.0          ,               0,               0
BZ2_bsInitWrite                         ,3              ,372            ,1098           ,854.0          ,               0,               0
makeMaps_e                              ,273            ,798            ,2319           ,1468.6         ,               0,               0
makeMaps_d                              ,273            ,1044           ,2562           ,1662.5         ,               0,               0
mainSort                                ,1              ,0              ,0              ,-nan           ,               0,               0
mainQSort3                              ,1              ,0              ,0              ,-nan           ,               0,               0
mainSimpleSort                          ,2571376        ,0              ,0              ,-nan           ,               0,               0
mmed3                                   ,6966489        ,30             ,92289          ,59.8           ,               0,               0
mainGtU                                 ,328060278      ,33             ,659964         ,83.0           ,               0,               0
fallbackSimpleSort                      ,2761           ,381            ,381            ,381.0          ,               0,               0
BZ2_hbMakeCodeLengths                   ,6552           ,5658           ,158949         ,43827.0        ,               0,               0
BZ2_hbAssignCodes                       ,1638           ,837            ,26838          ,6559.8         ,               0,               0
BZ2_hbCreateDecodeTables                ,1638           ,1251           ,21018          ,7174.7         ,               0,               0
spec_compress                           ,3              ,16181743809    ,17249763312    ,16862223628.0  ,               0,               0
spec_uncompress                         ,3              ,5043206451     ,5198167086     ,5126604910.0   ,               0,               0
compressStream                          ,3              ,16123687173    ,17220515439    ,16822502634.0  ,               0,               0
myfeof                                  ,94960          ,45             ,12441          ,121.1          ,               0,               0
uncompressStream                        ,3              ,5053314660     ,5199653682     ,5132559085.0   ,               0,               0
BZ2_bzCompressEnd                       ,3              ,578919         ,1092060        ,851425.0       ,               0,               0
BZ2_bzDecompressEnd                     ,3              ,6336           ,7137           ,6830.0         ,               0,               0
BZ2_bzWriteOpen                         ,3              ,42417          ,75357          ,63870.0        ,               0,               0
BZ2_bzCompressInit                      ,3              ,40473          ,99141          ,79021.0        ,               0,               0
BZ2_bzWrite                             ,40266          ,72030          ,833342310      ,1260499.5      ,               0,               0
BZ2_bzCompress                          ,47350          ,6510           ,817018434      ,1059663.3      ,               0,               0
handle_compress                         ,47350          ,6810           ,843620916      ,1066336.6      ,               0,               0
copy_input_until_stop                   ,40539          ,87             ,314649         ,105358.8       ,               0,               0
flush_RL                                ,3              ,657            ,843            ,726.0          ,               0,               0
BZ2_bzReadOpen                          ,3              ,4734           ,11775          ,7513.0         ,               0,               0
BZ2_bzDecompressInit                    ,3              ,1857           ,8037           ,3933.0         ,               0,               0
BZ2_bzRead                              ,40266          ,34176          ,69859854       ,380501.1       ,               0,               0
BZ2_bzDecompress                        ,47476          ,28650          ,9513128        ,325933.2       ,               0,               0
BZ2_compressBlock                       ,273            ,9292491        ,841719132      ,169385404.4    ,               0,               0
bsPutUChar                              ,1668           ,57             ,969            ,110.4          ,               0,               0
bsPutUInt32                             ,276            ,237            ,1194           ,367.6          ,               0,               0
sendMTFValues                           ,273            ,740265         ,30652032       ,16338140.0     ,               0,               0
generateMTFValues                       ,273            ,698274         ,52713327       ,20283357.0     ,               0,               0
BZ2_decompress                          ,7488           ,2007           ,8947194        ,1330007.5      ,               0,               0
BZ2_blockSort                           ,273            ,7935309        ,824394696      ,131930074.7    ,               0,               0
fallbackSort                            ,1              ,602624805      ,602624805      ,602624805.0    ,               0,               0
fallbackQSort3                          ,3172952        ,48             ,3917712        ,119.9          ,               0,               0
spec_init                               ,1              ,95938132       ,95938132       ,95938132.0     ,               0,               0
debug_time                              ,16             ,75             ,849            ,488.2          ,               0,               0
spec_load                               ,1              ,58373376       ,58373376       ,58373376.0     ,               0,               0
spec_initbufs                           ,1              ,630            ,630            ,630.0          ,               0,               0
spec_reset                              ,6              ,4519821        ,28659057       ,15063137.0     ,               0,               0
spec_rewind                             ,6              ,108            ,546            ,257.5          ,               0,               0
spec_fread                              ,47481          ,714            ,71346          ,1828.5         ,               0,               0
spec_getc                               ,94960          ,33             ,69513          ,54.5           ,               0,               0
spec_ungetc                             ,94901          ,33             ,68169          ,54.5           ,               0,               0
spec_fwrite                             ,47620          ,105            ,85584          ,1916.3         ,               0,               0
bz_config_ok                            ,6              ,381            ,843            ,603.0          ,               0,               0
init_RL                                 ,6              ,300            ,699            ,465.0          ,               0,               0
prepare_new_block                       ,273            ,135            ,582            ,287.2          ,               0,               0
add_pair_to_block                       ,7247208        ,51             ,143850         ,100.3          ,               0,               0
copy_output_until_stop                  ,7354           ,390            ,219045         ,68718.8        ,               0,               0
isempty_RL                              ,8              ,42             ,279            ,147.0          ,               0,               0
unRLE_obuf_to_output_FAST               ,40534          ,420            ,395517         ,136721.2       ,               0,               0
default_bzfree                          ,18             ,141            ,828984         ,155512.3       ,               0,               0
default_bzalloc                         ,18             ,930            ,79737          ,19613.3        ,               0,               0
bsW                                     ,79379955       ,33             ,247011         ,65.9           ,               0,               0
bsFinishWrite                           ,3              ,558            ,765            ,671.0          ,               0,               0
BZ2_bsInitWrite                         ,3              ,504            ,1452           ,828.0          ,               0,               0
makeMaps_e                              ,273            ,804            ,2241           ,1483.0         ,               0,               0
makeMaps_d                              ,273            ,960            ,2478           ,1525.7         ,               0,               0
mainSort                                ,1              ,0              ,0              ,-nan           ,               0,               0
mainQSort3                              ,1              ,0              ,0              ,-nan           ,               0,               0
mainSimpleSort                          ,2571376        ,0              ,0              ,-nan           ,               0,               0
mmed3                                   ,6966489        ,30             ,223617         ,60.3           ,               0,               0
mainGtU                                 ,328060278      ,33             ,2059001        ,83.9           ,               0,               0
fallbackQSort3                          ,3172952        ,96             ,4152267        ,170.0          ,               1,               0
fallbackSimpleSort                      ,2761           ,381            ,381            ,381.0          ,               0,               0
BZ2_hbMakeCodeLengths                   ,6552           ,5460           ,269451         ,44181.2        ,               0,               0
BZ2_hbAssignCodes                       ,1638           ,813            ,94470          ,6610.8         ,               0,               0
BZ2_hbCreateDecodeTables                ,1638           ,1380           ,186165         ,7221.0         ,               0,               0
spec_compress                           ,3              ,16078472370    ,17253935991    ,16817087508.0  ,               0,               0
spec_uncompress                         ,3              ,5129718264     ,5275181205     ,5207324345.0   ,               0,               0
compressStream                          ,3              ,16172318187    ,17122113078    ,16800195738.0  ,               0,               0
myfeof                                  ,94960          ,48             ,12540          ,124.7          ,               0,               0
uncompressStream                        ,3              ,5094659694     ,5268358998     ,5185982748.0   ,               0,               0
BZ2_bzCompressEnd                       ,3              ,659634         ,1153257        ,897770.0       ,               0,               0
BZ2_bzDecompressEnd                     ,3              ,3015           ,6069           ,4937.0         ,               0,               0
BZ2_bzWriteOpen                         ,3              ,41625          ,74043          ,61733.0        ,               0,               0
BZ2_bzCompressInit                      ,3              ,37926          ,97479          ,75999.0        ,               0,               0
BZ2_bzWrite                             ,40266          ,72006          ,832084320      ,1251601.9      ,               0,               0
BZ2_bzCompress                          ,47350          ,6678           ,818759550      ,1071719.4      ,               0,               0
handle_compress                         ,47350          ,6915           ,815581284      ,1060387.2      ,               0,               0
copy_input_until_stop                   ,40539          ,96             ,975891         ,103973.1       ,               0,               0
flush_RL                                ,3              ,462            ,843            ,642.0          ,               0,               0
BZ2_bzReadOpen                          ,3              ,2823           ,11298          ,6068.0         ,               0,               0
BZ2_bzDecompressInit                    ,3              ,1530           ,7875           ,3777.0         ,               0,               0
BZ2_bzRead                              ,40266          ,35307          ,70784979       ,383794.3       ,               0,               0
BZ2_bzDecompress                        ,47476          ,28242          ,7891761        ,322672.8       ,               0,               0
BZ2_compressBlock                       ,273            ,9188670        ,829844256      ,167156908.2    ,               0,               0
bsPutUChar                              ,1668           ,57             ,849            ,119.9          ,               0,               0
bsPutUInt32                             ,276            ,231            ,1284           ,391.5          ,               0,               0
sendMTFValues                           ,273            ,738594         ,30298599       ,16206986.3     ,               0,               0
generateMTFValues                       ,273            ,698376         ,52861677       ,20500757.4     ,               0,               0
BZ2_decompress                          ,7488           ,1923           ,7797036        ,1314463.8      ,               0,               0
BZ2_blockSort                           ,273            ,7653762        ,835405527      ,130670306.7    ,               0,               0
fallbackSort                            ,1              ,616356099      ,616356099      ,616356099.0    ,               0,               0
fallbackQSort3                          ,3172952        ,51             ,3823017        ,117.7          ,               0,               0
spec_init                               ,1              ,92426053       ,92426053       ,92426053.0     ,               0,               0
debug_time                              ,16             ,72             ,1104           ,508.9          ,               0,               0
spec_load                               ,1              ,49813653       ,49813653       ,49813653.0     ,               0,               0
spec_initbufs                           ,1              ,531            ,531            ,531.0          ,               0,               0
spec_reset                              ,6              ,4533801        ,28096572       ,15175120.5     ,               0,               0
spec_rewind                             ,6              ,135            ,1062           ,440.5          ,               0,               0
spec_fread                              ,47481          ,747            ,30219          ,1939.9         ,               0,               0
spec_getc                               ,94960          ,30             ,13272          ,53.9           ,               0,               0
spec_ungetc                             ,94901          ,33             ,29427          ,57.7           ,               0,               0
spec_fwrite                             ,47620          ,105            ,30084          ,2218.5         ,               0,               0
bz_config_ok                            ,6              ,315            ,579            ,466.5          ,               0,               0
init_RL                                 ,6              ,345            ,486            ,414.0          ,               0,               0
prepare_new_block                       ,273            ,168            ,744            ,258.9          ,               0,               0
add_pair_to_block                       ,7247208        ,48             ,33564          ,99.4           ,               0,               0
copy_output_until_stop                  ,7354           ,393            ,145517         ,68049.8        ,               0,               0
isempty_RL                              ,8              ,39             ,312            ,156.8          ,               0,               0
unRLE_obuf_to_output_FAST               ,40534          ,432            ,301906         ,135278.3       ,               0,               0
default_bzfree                          ,18             ,177            ,948849         ,162648.2       ,               0,               0
default_bzalloc                         ,18             ,705            ,58146          ,16259.3        ,               0,               0
bsW                                     ,79379955       ,33             ,41517          ,65.3           ,               0,               0
bsFinishWrite                           ,3              ,552            ,753            ,635.0          ,               0,               0
BZ2_bsInitWrite                         ,3              ,498            ,1191           ,824.0          ,               0,               0
makeMaps_e                              ,273            ,801            ,2322           ,1493.6         ,               0,               0
makeMaps_d                              ,273            ,945            ,2466           ,1585.1         ,               0,               0
mainSort                                ,1              ,0              ,0              ,-nan           ,               0,               0
mainQSort3                              ,1              ,0              ,0              ,-nan           ,               0,               0
mainSimpleSort                          ,2571376        ,0              ,0              ,-nan           ,               0,               0
mmed3                                   ,6966489        ,27             ,34239          ,59.8           ,               0,               0
mainGtU                                 ,328060278      ,33             ,667296         ,83.5           ,               0,               0
fallbackQSort3                          ,3172952        ,96             ,4097604        ,167.4          ,               1,               0
fallbackSimpleSort                      ,2761           ,504            ,504            ,504.0          ,               0,               0
BZ2_hbMakeCodeLengths                   ,6552           ,5673           ,131754         ,43651.9        ,               0,               0
BZ2_hbAssignCodes                       ,1638           ,828            ,26364          ,6541.6         ,               0,               0
BZ2_hbCreateDecodeTables                ,1638           ,1278           ,35514          ,7206.2         ,               0,               0
spec_compress                           ,3              ,16403282190    ,17364238770    ,17031985062.0  ,               0,               0
spec_uncompress                         ,3              ,5054619009     ,5204897769     ,5135219244.0   ,               0,               0
compressStream                          ,3              ,16477149081    ,17564424261    ,17147079684.0  ,               0,               0
myfeof                                  ,94960          ,45             ,81444          ,124.9          ,               0,               0
uncompressStream                        ,3              ,5061696039     ,5202954831     ,5138430807.0   ,               0,               0
BZ2_bzCompressEnd                       ,3              ,1129317        ,1244055        ,1191922.0      ,               0,               0
BZ2_bzDecompressEnd                     ,3              ,6417           ,7323           ,6979.0         ,               0,               0
BZ2_bzWriteOpen                         ,3              ,59466          ,137586         ,93855.0        ,               0,               0
BZ2_bzCompressInit                      ,3              ,45171          ,98997          ,75780.0        ,               0,               0
BZ2_bzWrite                             ,40266          ,71664          ,838451469      ,1263036.5      ,               0,               0
BZ2_bzCompress                          ,47350          ,6555           ,815068152      ,1061283.4      ,               0,               0
handle_compress                         ,47350          ,6525           ,835587855      ,1071484.0      ,               0,               0
copy_input_until_stop                   ,40539          ,87             ,967899         ,105319.7       ,               0,               0
flush_RL                                ,3              ,699            ,873            ,768.0          ,               0,               0
BZ2_bzReadOpen                          ,3              ,6450           ,17019          ,10017.0        ,               0,               0
BZ2_bzDecompressInit                    ,3              ,1665           ,12375          ,5443.0         ,               0,               0
BZ2_bzRead                              ,40266          ,34149          ,69878199       ,367833.7       ,               0,               0
BZ2_bzDecompress                        ,47476          ,28629          ,8888871        ,325776.5       ,               0,               0
BZ2_compressBlock                       ,273            ,9372630        ,842443140      ,169134816.5    ,               0,               0
bsPutUChar                              ,1668           ,57             ,855            ,110.1          ,               0,               0
bsPutUInt32                             ,276            ,237            ,1164           ,366.5          ,               0,               0
sendMTFValues                           ,273            ,756882         ,30789696       ,16360730.4     ,               0,               0
generateMTFValues                       ,273            ,704829         ,52873974       ,20501490.9     ,               0,               0
BZ2_decompress                          ,7488           ,1941           ,9584649        ,1326162.6      ,               0,               0
BZ2_blockSort                           ,273            ,7809324        ,802445493      ,132282378.5    ,               0,               0
fallbackSort                            ,1              ,586927131      ,586927131      ,586927131.0    ,               0,               0
fallbackQSort3                          ,3172952        ,48             ,3960321        ,121.4          ,               0,               0
spec_init                               ,1              ,89876865       ,89876865       ,89876865.0     ,               0,               0
debug_time                              ,16             ,69             ,966            ,544.5          ,               0,               0
spec_load                               ,1              ,53271891       ,53271891       ,53271891.0     ,               0,               0
spec_initbufs                           ,1              ,558            ,558            ,558.0          ,               0,               0
spec_reset                              ,6              ,4513476        ,25736880       ,14491102.5     ,               0,               0
spec_rewind                             ,6              ,120            ,540            ,266.0          ,               0,               0
spec_fread                              ,47481          ,753            ,154425         ,1980.3         ,               0,               0
spec_getc                               ,94960          ,36             ,66963          ,60.9           ,               0,               0
spec_ungetc                             ,94901          ,33             ,39378          ,55.5           ,               0,               0
spec_fwrite                             ,47620          ,105            ,180339         ,2223.2         ,               0,               0
bz_config_ok                            ,6              ,315            ,657            ,489.0          ,               0,               0
init_RL                                 ,6              ,324            ,666            ,424.0          ,               0,               0
prepare_new_block                       ,273            ,123            ,543            ,244.1          ,               0,               0
add_pair_to_block                       ,7247208        ,51             ,180615         ,100.6          ,               0,               0
copy_output_until_stop                  ,7354           ,387            ,247101         ,68889.4        ,               0,               0
isempty_RL                              ,8              ,39             ,300            ,160.9          ,               0,               0
unRLE_obuf_to_output_FAST               ,40534          ,396            ,417705         ,136491.2       ,               0,               0
default_bzfree                          ,18             ,123            ,979761         ,158479.3       ,               0,               0
default_bzalloc                         ,18             ,648            ,75948          ,20269.8        ,               0,               0
bsW                                     ,79379955       ,33             ,233112         ,66.0           ,               0,               0
bsFinishWrite                           ,3              ,552            ,558            ,554.0          ,               0,               0
BZ2_bsInitWrite                         ,3              ,405            ,702            ,531.0          ,               0,               0
makeMaps_e                              ,273            ,807            ,2268           ,1470.9         ,               0,               0
makeMaps_d                              ,273            ,966            ,15000          ,1648.4         ,               0,               0
mainSort                                ,1              ,0              ,0              ,-nan           ,               0,               0
mainQSort3                              ,1              ,0              ,0              ,-nan           ,               0,               0
mainSimpleSort                          ,2571376        ,0              ,0              ,-nan           ,               0,               0
mmed3                                   ,6966489        ,27             ,207186         ,61.3           ,               0,               0
mainGtU                                 ,328060278      ,33             ,657351         ,85.4           ,               0,               0
fallbackQSort3                          ,3172952        ,96             ,3990771        ,168.1          ,               1,               0
fallbackSimpleSort                      ,2761           ,378            ,378            ,378.0          ,               0,               0
BZ2_hbMakeCodeLengths                   ,6552           ,5655           ,171645         ,44026.7        ,               0,               0
BZ2_hbAssignCodes                       ,1638           ,822            ,212457         ,6726.7         ,               0,               0
BZ2_hbCreateDecodeTables                ,1638           ,1278           ,81879          ,7215.5         ,               0,               0
spec_compress                           ,3              ,16037146917    ,17321778459    ,16833798108.0  ,               0,               0
spec_uncompress                         ,3              ,5121078384     ,5279728350     ,5208264654.0   ,               0,               0
compressStream                          ,3              ,16150482423    ,17269551375    ,16856240789.0  ,               0,               0
myfeof                                  ,94960          ,48             ,14250          ,104.9          ,               0,               0
uncompressStream                        ,3              ,5133525258     ,5254836699     ,5192625198.0   ,               0,               0
BZ2_bzCompressEnd                       ,3              ,697422         ,1125318        ,909689.0       ,               0,               0
BZ2_bzDecompressEnd                     ,3              ,3873           ,6570           ,4834.0         ,               0,               0
BZ2_bzWriteOpen                         ,3              ,44898          ,99717          ,80077.0        ,               0,               0
BZ2_bzCompressInit                      ,3              ,34686          ,72132          ,57865.0        ,               0,               0
BZ2_bzWrite                             ,40266          ,71529          ,832258158      ,1249332.7      ,               0,               0
BZ2_bzCompress                          ,47350          ,6627           ,817700502      ,1056967.7      ,               0,               0
handle_compress                         ,47350          ,6573           ,822027504      ,1073630.9      ,               0,               0
copy_input_until_stop                   ,40539          ,93             ,975618         ,104311.5       ,               0,               0
flush_RL                                ,3              ,450            ,1323           ,870.0          ,               0,               0
BZ2_bzReadOpen                          ,3              ,3120           ,11250          ,5961.0         ,               0,               0
BZ2_bzDecompressInit                    ,3              ,1878           ,9444           ,4507.0         ,               0,               0
BZ2_bzRead                              ,40266          ,35490          ,70524183       ,385462.1       ,               0,               0
BZ2_bzDecompress                        ,47476          ,28632          ,8561076        ,311907.6       ,               0,               0
BZ2_compressBlock                       ,273            ,9291624        ,836602308      ,167125260.8    ,               0,               0
bsPutUChar                              ,1668           ,54             ,819            ,115.5          ,               0,               0
bsPutUInt32                             ,276            ,240            ,1191           ,406.1          ,               0,               0
sendMTFValues                           ,273            ,739131         ,30293682       ,16178599.6     ,               0,               0
generateMTFValues                       ,273            ,698823         ,53227713       ,20666193.1     ,               0,               0
BZ2_decompress                          ,7488           ,1872           ,7948224        ,1336839.9      ,               0,               0
BZ2_blockSort                           ,273            ,7606155        ,813314208      ,130107405.2    ,               0,               0
fallbackSort                            ,1              ,614818470      ,614818470      ,614818470.0    ,               0,               0
fallbackQSort3                          ,3172952        ,51             ,3913254        ,119.4          ,               0,               0
spec_init                               ,1              ,92266327       ,92266327       ,92266327.0     ,               0,               0
debug_time                              ,16             ,75             ,1035           ,559.1          ,               0,               0
spec_load                               ,1              ,50188311       ,50188311       ,50188311.0     ,               0,               0
spec_initbufs                           ,1              ,717            ,717            ,717.0          ,               0,               0
spec_reset                              ,6              ,4399017        ,42248271       ,19263422.5     ,               0,               0
spec_rewind                             ,6              ,132            ,714            ,351.5          ,               0,               0
spec_fread                              ,47481          ,693            ,30543          ,1880.2         ,               0,               0
spec_getc                               ,94960          ,30             ,13284          ,53.2           ,               0,               0
spec_ungetc                             ,94901          ,33             ,16041          ,52.3           ,               0,               0
spec_fwrite                             ,47620          ,105            ,196939         ,1961.3         ,               0,               0
bz_config_ok                            ,6              ,285            ,879            ,561.5          ,               0,               0
init_RL                                 ,6              ,339            ,690            ,442.5          ,               0,               0
prepare_new_block                       ,273            ,135            ,570            ,248.4          ,               0,               0
add_pair_to_block                       ,7247208        ,51             ,393330         ,98.7           ,               0,               0
copy_output_until_stop                  ,7354           ,393            ,203232         ,67935.4        ,               0,               0
isempty_RL                              ,8              ,42             ,288            ,152.6          ,               0,               0
unRLE_obuf_to_output_FAST               ,40534          ,402            ,7874349        ,135715.2       ,               0,               0
default_bzfree                          ,18             ,147            ,872043         ,150567.5       ,               0,               0
default_bzalloc                         ,18             ,630            ,75246          ,16062.0        ,               0,               0
bsW                                     ,79379955       ,33             ,793605         ,65.3           ,               0,               0
bsFinishWrite                           ,3              ,564            ,762            ,653.0          ,               0,               0
BZ2_bsInitWrite                         ,3              ,462            ,1068           ,738.0          ,               0,               0
makeMaps_e                              ,273            ,801            ,2313           ,1490.4         ,               0,               0
makeMaps_d                              ,273            ,993            ,2505           ,1623.2         ,               0,               0
mainSort                                ,1              ,0              ,0              ,-nan           ,               0,               0
mainQSort3                              ,1              ,0              ,0              ,-nan           ,               0,               0
mainSimpleSort                          ,2571376        ,0              ,0              ,-nan           ,               0,               0
mmed3                                   ,6966489        ,30             ,593964         ,60.1           ,               0,               0
mainGtU                                 ,328060278      ,33             ,1828878        ,83.4           ,               0,               0
fallbackQSort3                          ,3172952        ,99             ,4158303        ,173.4          ,               1,               0
fallbackSimpleSort                      ,2761           ,732            ,732            ,732.0          ,               0,               0
BZ2_hbMakeCodeLengths                   ,6552           ,5703           ,131283         ,43696.6        ,               0,               0
BZ2_hbAssignCodes                       ,1638           ,834            ,35124          ,6538.6         ,               0,               0
BZ2_hbCreateDecodeTables                ,1638           ,1362           ,25986          ,7156.0         ,               0,               0
spec_compress                           ,3              ,16286826834    ,17435286675    ,17021154786.0  ,               0,               0
spec_uncompress                         ,3              ,5055034218     ,5191673274     ,5127741911.0   ,               0,               0
compressStream                          ,3              ,16284495057    ,17409212532    ,17006553966.0  ,               0,               0
myfeof                                  ,94960          ,45             ,71583          ,121.1          ,               0,               0
uncompressStream                        ,3              ,5060755734     ,5204471058     ,5135167111.0   ,               0,               0
BZ2_bzCompressEnd                       ,3              ,923316         ,1026708        ,979875.0       ,               0,               0
BZ2_bzDecompressEnd                     ,3              ,6048           ,7551           ,6874.0         ,               0,               0
BZ2_bzWriteOpen                         ,3              ,39507          ,76251          ,63841.0        ,               0,               0
BZ2_bzCompressInit                      ,3              ,44334          ,89553          ,70228.0        ,               0,               0
BZ2_bzWrite                             ,40266          ,71490          ,845395800      ,1267287.0      ,               0,               0
BZ2_bzCompress                          ,47350          ,6846           ,824921829      ,1059627.7      ,               0,               0
handle_compress                         ,47350          ,6552           ,843370608      ,1076138.2      ,               0,               0
copy_input_until_stop                   ,40539          ,84             ,968184         ,104967.2       ,               0,               0
flush_RL                                ,3              ,456            ,849            ,685.0          ,               0,               0
BZ2_bzReadOpen                          ,3              ,5703           ,11721          ,8074.0         ,               0,               0
BZ2_bzDecompressInit                    ,3              ,1665           ,8262           ,3955.0         ,               0,               0
BZ2_bzRead                              ,40266          ,35046          ,69927204       ,381023.9       ,               0,               0
BZ2_bzDecompress                        ,47476          ,28341          ,8001879        ,327184.8       ,               0,               0
BZ2_compressBlock                       ,273            ,9235278        ,818553384      ,167786524.7    ,               0,               0
bsPutUChar                              ,1668           ,54             ,993            ,114.5          ,               0,               0
bsPutUInt32                             ,276            ,231            ,1575           ,457.0          ,               0,               0
sendMTFValues                           ,273            ,742209         ,30755970       ,16467163.5     ,               0,               0
generateMTFValues                       ,273            ,698628         ,52841301       ,20326781.3     ,               0,               0
BZ2_decompress                          ,7488           ,1932           ,7883091        ,1333288.6      ,               0,               0
BZ2_blockSort                           ,273            ,7726299        ,816042960      ,131648871.5    ,               0,               0
fallbackSort                            ,1              ,632461377      ,632461377      ,632461377.0    ,               0,               0
fallbackQSort3                          ,3172952        ,48             ,3752400        ,118.5          ,               0,               0
