spec_init                               ,1              ,87332997       ,87332997       ,87332997.0     ,               0,               0
debug_time                              ,16             ,72             ,588            ,314.2          ,               0,               0
spec_load                               ,1              ,51942351       ,51942351       ,51942351.0     ,               0,               0
spec_initbufs                           ,1              ,531            ,531            ,531.0          ,               0,               0
spec_compress                           ,3              ,44754414423    ,46467471555    ,45867723382.0  ,       141723514,       138159075
spec_reset                              ,6              ,4555182        ,28001862       ,14847607.0     ,               0,               0
spec_rewind                             ,6              ,60             ,399            ,252.5          ,               0,               0
spec_uncompress                         ,3              ,5097205278     ,5238955386     ,5172253139.0   ,          116970,          116968
spec_fread                              ,47481          ,753            ,35955          ,1964.1         ,               0,               0
spec_getc                               ,94960          ,33             ,14619          ,53.7           ,               0,               0
spec_ungetc                             ,94901          ,33             ,12201          ,56.4           ,               0,               0
spec_fwrite                             ,47620          ,114            ,39357          ,2247.3         ,               0,               0
compressStream                          ,3              ,44754411852    ,46467469092    ,45867720913.0  ,       141723513,       138159074
myfeof                                  ,94960          ,243            ,27837          ,527.7          ,               1,               1
uncompressStream                        ,3              ,5097203163     ,5238953295     ,5172251046.0   ,          116969,          116967
BZ2_bzCompressEnd                       ,3              ,1063848        ,1245807        ,1155728.0      ,               4,               4
BZ2_bzDecompressEnd                     ,3              ,6048           ,7392           ,6744.0         ,               2,               2
BZ2_bzWriteOpen                         ,3              ,66648          ,91338          ,77803.0        ,               8,               8
BZ2_bzCompressInit                      ,3              ,59727          ,86055          ,71788.0        ,               7,               7
bz_config_ok                            ,6              ,282            ,690            ,422.0          ,               0,               0
init_RL                                 ,6              ,45             ,678            ,162.5          ,               0,               0
prepare_new_block                       ,273            ,132            ,837            ,256.5          ,               0,               0
BZ2_bzWrite                             ,40266          ,74472          ,1673694582     ,3410455.0      ,              14,              14
BZ2_bzCompress                          ,47350          ,8955           ,1672772622     ,2902885.0      ,               7,               7
handle_compress                         ,47350          ,8592           ,1672771584     ,2902663.9      ,               6,               6
copy_input_until_stop                   ,40539          ,93             ,341490         ,140455.4       ,               0,               0
add_pair_to_block                       ,7247208        ,48             ,53925          ,99.8           ,               0,               0
flush_RL                                ,3              ,1017           ,1182           ,1076.0         ,               2,               2
copy_output_until_stop                  ,7354           ,393            ,139629         ,68358.9        ,               0,               0
isempty_RL                              ,8              ,36             ,720            ,229.9          ,               0,               0
BZ2_bzReadOpen                          ,3              ,5769           ,32229          ,14908.0        ,               3,               3
BZ2_bzDecompressInit                    ,3              ,2967           ,29643          ,11954.0        ,               2,               2
BZ2_bzRead                              ,40266          ,36204          ,70063302       ,382625.0       ,               3,               3
BZ2_bzDecompress                        ,47476          ,29580          ,7907412        ,323000.2       ,               3,               3
unRLE_obuf_to_output_FAST               ,40534          ,405            ,303036         ,135113.1       ,               0,               0
default_bzfree                          ,18             ,150            ,862704         ,192937.2       ,               0,               0
default_bzalloc                         ,18             ,879            ,68484          ,16504.7        ,               0,               0
BZ2_compressBlock                       ,273            ,30468150       ,1672672161     ,480706474.3    ,          110327,          109150
bsPutUChar                              ,1668           ,234            ,2451           ,409.3          ,               1,               1
bsW                                     ,79379955       ,30             ,85725          ,65.7           ,               0,               0
bsPutUInt32                             ,276            ,1053           ,2127           ,1246.5         ,               4,               4
bsFinishWrite                           ,3              ,321            ,351            ,340.0          ,               0,               0
BZ2_bsInitWrite                         ,3              ,534            ,582            ,559.0          ,               0,               0
sendMTFValues                           ,273            ,2772429        ,137123181      ,72029651.4     ,           10624,           10624
generateMTFValues                       ,273            ,713310         ,52909161       ,20449116.0     ,               1,               1
makeMaps_e                              ,273            ,756            ,2445           ,1421.8         ,               0,               0
BZ2_decompress                          ,7488           ,2007           ,7848186        ,1314153.4      ,               0,               0
makeMaps_d                              ,273            ,897            ,2367           ,1476.3         ,               0,               0
BZ2_blockSort                           ,273            ,26874201       ,1621974537     ,388218916.5    ,           99450,           98273
mainSort                                ,1              ,0              ,0              ,-nan           ,               0,               0
mainQSort3                              ,1              ,0              ,0              ,-nan           ,               0,               0
mainSimpleSort                          ,2571376        ,0              ,0              ,-nan           ,               0,               0
mmed3                                   ,6966489        ,27             ,34161          ,61.4           ,               0,               0
mainGtU                                 ,328060278      ,30             ,676176         ,84.0           ,               0,               0
fallbackSort                            ,1              ,1390831626     ,1390831626     ,1390831626.0   ,         6442379,         3172953
fallbackQSort3                          ,3172952        ,96             ,4076829        ,169.1          ,               1,               0
fallbackSimpleSort                      ,2761           ,729            ,729            ,729.0          ,               0,               0
BZ2_hbMakeCodeLengths                   ,6552           ,5682           ,131784         ,43848.3        ,               0,               0
BZ2_hbAssignCodes                       ,1638           ,837            ,22221          ,6566.8         ,               0,               0
BZ2_hbCreateDecodeTables                ,1638           ,1317           ,14232          ,7129.8         ,               0,               0
spec_init                               ,1              ,89894614       ,89894614       ,89894614.0     ,               0,               0
debug_time                              ,16             ,69             ,831            ,346.9          ,               0,               0
spec_load                               ,1              ,51512604       ,51512604       ,51512604.0     ,               0,               0
spec_initbufs                           ,1              ,582            ,582            ,582.0          ,               0,               0
spec_compress                           ,3              ,44897249535    ,47087439921    ,46306210530.0  ,       141723514,       138159075
spec_reset                              ,6              ,4438485        ,31765296       ,15391234.0     ,               0,               0
spec_rewind                             ,6              ,57             ,411            ,213.5          ,               0,               0
spec_uncompress                         ,3              ,5093958675     ,5232257535     ,5167127855.0   ,          116970,          116968
spec_fread                              ,47481          ,732            ,29811          ,1812.0         ,               0,               0
spec_getc                               ,94960          ,33             ,27873          ,53.3           ,               0,               0
spec_ungetc                             ,94901          ,33             ,11760          ,54.1           ,               0,               0
spec_fwrite                             ,47620          ,99             ,28971          ,1899.2         ,               0,               0
compressStream                          ,3              ,44897247135    ,47087437500    ,46306208103.0  ,       141723513,       138159074
myfeof                                  ,94960          ,246            ,28773          ,520.8          ,               1,               1
uncompressStream                        ,3              ,5093955939     ,5232254934     ,5167125146.0   ,          116969,          116967
BZ2_bzCompressEnd                       ,3              ,715182         ,1128948        ,943574.0       ,               4,               4
BZ2_bzDecompressEnd                     ,3              ,6120           ,6885           ,6586.0         ,               2,               2
BZ2_bzWriteOpen                         ,3              ,73128          ,83937          ,79458.0        ,               8,               8
BZ2_bzCompressInit                      ,3              ,66531          ,78507          ,73661.0        ,               7,               7
bz_config_ok                            ,6              ,288            ,432            ,376.0          ,               0,               0
init_RL                                 ,6              ,48             ,567            ,220.5          ,               0,               0
prepare_new_block                       ,273            ,168            ,972            ,271.3          ,               0,               0
BZ2_bzWrite                             ,40266          ,74778          ,1724647044     ,3443348.6      ,              14,              14
BZ2_bzCompress                          ,47350          ,8769           ,1723735974     ,2930846.0      ,               7,               7
handle_compress                         ,47350          ,8508           ,1723735152     ,2930624.8      ,               6,               6
copy_input_until_stop                   ,40539          ,96             ,1044450        ,139881.2       ,               0,               0
add_pair_to_block                       ,7247208        ,48             ,868263         ,99.5           ,               0,               0
flush_RL                                ,3              ,1002           ,1446           ,1209.0         ,               2,               2
copy_output_until_stop                  ,7354           ,441            ,143393         ,68124.2        ,               0,               0
isempty_RL                              ,8              ,42             ,318            ,162.4          ,               0,               0
BZ2_bzReadOpen                          ,3              ,5604           ,20667          ,10732.0        ,               3,               3
BZ2_bzDecompressInit                    ,3              ,2934           ,18330          ,8181.0         ,               2,               2
BZ2_bzRead                              ,40266          ,34323          ,70043187       ,382624.1       ,               3,               3
BZ2_bzDecompress                        ,47476          ,29613          ,8943885        ,322984.6       ,               3,               3
unRLE_obuf_to_output_FAST               ,40534          ,384            ,324051         ,135163.6       ,               0,               0
default_bzfree                          ,18             ,150            ,811305         ,157559.8       ,               0,               0
default_bzalloc                         ,18             ,990            ,62283          ,16292.8        ,               0,               0
BZ2_compressBlock                       ,273            ,30270984       ,1723635762     ,485648293.7    ,          110327,          109150
bsPutUChar                              ,1668           ,237            ,2289           ,401.2          ,               1,               1
bsW                                     ,79379955       ,33             ,34524          ,65.4           ,               0,               0
bsPutUInt32                             ,276            ,1062           ,1953           ,1185.6         ,               4,               4
bsFinishWrite                           ,3              ,318            ,348            ,328.0          ,               0,               0
BZ2_bsInitWrite                         ,3              ,315            ,666            ,519.0          ,               0,               0
sendMTFValues                           ,273            ,2775765        ,136903383      ,71767967.8     ,           10624,           10624
generateMTFValues                       ,273            ,700080         ,52582512       ,20299825.9     ,               1,               1
makeMaps_e                              ,273            ,735            ,2190           ,1402.0         ,               0,               0
BZ2_decompress                          ,7488           ,1863           ,8837595        ,1313735.6      ,               0,               0
makeMaps_d                              ,273            ,879            ,2454           ,1485.6         ,               0,               0
BZ2_blockSort                           ,273            ,26723070       ,1672906053     ,393571951.0    ,           99450,           98273
mainSort                                ,1              ,0              ,0              ,-nan           ,               0,               0
mainQSort3                              ,1              ,0              ,0              ,-nan           ,               0,               0
mainSimpleSort                          ,2571376        ,0              ,0              ,-nan           ,               0,               0
mmed3                                   ,6966489        ,30             ,34131          ,61.1           ,               0,               0
mainGtU                                 ,328060278      ,30             ,692241         ,82.1           ,               0,               0
fallbackSort                            ,1              ,1434330846     ,1434330846     ,1434330846.0   ,         6442379,         3172953
fallbackQSort3                          ,3172952        ,99             ,4309731        ,177.6          ,               1,               0
fallbackSimpleSort                      ,2761           ,516            ,516            ,516.0          ,               0,               0
BZ2_hbMakeCodeLengths                   ,6552           ,5424           ,131592         ,43725.1        ,               0,               0
BZ2_hbAssignCodes                       ,1638           ,795            ,13356          ,6492.2         ,               0,               0
BZ2_hbCreateDecodeTables                ,1638           ,1383           ,22989          ,7168.6         ,               0,               0
spec_init                               ,1              ,90732090       ,90732090       ,90732090.0     ,               0,               0
debug_time                              ,16             ,78             ,672            ,364.7          ,               0,               0
spec_load                               ,1              ,52880928       ,52880928       ,52880928.0     ,               0,               0
spec_initbufs                           ,1              ,516            ,516            ,516.0          ,               0,               0
spec_compress                           ,3              ,44815076664    ,46988445603    ,46142151264.0  ,       141723514,       138159075
spec_reset                              ,6              ,4568244        ,37894458       ,16598760.5     ,               0,               0
spec_rewind                             ,6              ,93             ,384            ,232.5          ,               0,               0
spec_uncompress                         ,3              ,5112120006     ,5314462965     ,5224119761.0   ,          116970,          116968
spec_fread                              ,47481          ,699            ,97002          ,1802.2         ,               0,               0
spec_getc                               ,94960          ,33             ,70188          ,54.6           ,               0,               0
spec_ungetc                             ,94901          ,33             ,67707          ,60.2           ,               0,               0
spec_fwrite                             ,47620          ,117            ,209418         ,1961.3         ,               0,               0
compressStream                          ,3              ,44815074150    ,46988443458    ,46142148915.0  ,       141723513,       138159074
myfeof                                  ,94960          ,240            ,153327         ,541.6          ,               1,               1
uncompressStream                        ,3              ,5112118149     ,5314461147     ,5224117901.0   ,          116969,          116967
BZ2_bzCompressEnd                       ,3              ,655725         ,1245450        ,930024.0       ,               4,               4
BZ2_bzDecompressEnd                     ,3              ,7671           ,7731           ,7703.0         ,               2,               2
BZ2_bzWriteOpen                         ,3              ,76191          ,103641         ,93323.0        ,               8,               8
BZ2_bzCompressInit                      ,3              ,66336          ,97356          ,85688.0        ,               7,               7
bz_config_ok                            ,6              ,282            ,363            ,317.5          ,               0,               0
init_RL                                 ,6              ,45             ,303            ,93.0           ,               0,               0
prepare_new_block                       ,273            ,138            ,14130          ,307.3          ,               0,               0
BZ2_bzWrite                             ,40266          ,74634          ,1650156492     ,3431036.9      ,              14,              14
BZ2_bzCompress                          ,47350          ,9024           ,1649148309     ,2920437.6      ,               7,               7
handle_compress                         ,47350          ,8673           ,1649147739     ,2920209.2      ,               6,               6
copy_input_until_stop                   ,40539          ,84             ,1025862        ,141954.0       ,               0,               0
add_pair_to_block                       ,7247208        ,48             ,862218         ,100.6          ,               0,               0
flush_RL                                ,3              ,1014           ,1344           ,1142.0         ,               2,               2
copy_output_until_stop                  ,7354           ,393            ,274218         ,69059.7        ,               0,               0
isempty_RL                              ,8              ,42             ,501            ,206.6          ,               0,               0
BZ2_bzReadOpen                          ,3              ,7581           ,45450          ,20269.0        ,               3,               3
BZ2_bzDecompressInit                    ,3              ,2568           ,41268          ,15552.0        ,               2,               2
BZ2_bzRead                              ,40266          ,35172          ,71224857       ,386806.7       ,               3,               3
BZ2_bzDecompress                        ,47476          ,29421          ,8049768        ,326518.2       ,               3,               3
unRLE_obuf_to_output_FAST               ,40534          ,369            ,415770         ,136667.7       ,               0,               0
default_bzfree                          ,18             ,138            ,904299         ,155516.3       ,               0,               0
default_bzalloc                         ,18             ,738            ,81666          ,20663.0        ,               0,               0
BZ2_compressBlock                       ,273            ,30652755       ,1649048673     ,483508254.4    ,          110327,          109150
bsPutUChar                              ,1668           ,234            ,45282          ,446.3          ,               1,               1
bsW                                     ,79379955       ,33             ,218448         ,66.1           ,               0,               0
bsPutUInt32                             ,276            ,1041           ,2067           ,1180.9         ,               4,               4
bsFinishWrite                           ,3              ,318            ,327            ,322.0          ,               0,               0
BZ2_bsInitWrite                         ,3              ,345            ,648            ,535.0          ,               0,               0
sendMTFValues                           ,273            ,2835036        ,145137933      ,72717888.0     ,           10624,           10624
generateMTFValues                       ,273            ,705084         ,53005431       ,20524850.2     ,               1,               1
makeMaps_e                              ,273            ,747            ,2307           ,1413.4         ,               0,               0
BZ2_decompress                          ,7488           ,1452           ,8025423        ,1327925.6      ,               0,               0
makeMaps_d                              ,273            ,894            ,2388           ,1481.4         ,               0,               0
BZ2_blockSort                           ,273            ,27089739       ,1597803516     ,390256452.6    ,           99450,           98273
mainSort                                ,1              ,0              ,0              ,-nan           ,               0,               0
mainQSort3                              ,1              ,0              ,0              ,-nan           ,               0,               0
mainSimpleSort                          ,2571376        ,0              ,0              ,-nan           ,               0,               0
mmed3                                   ,6966489        ,27             ,169737         ,60.3           ,               0,               0
mainGtU                                 ,328060278      ,30             ,2191532        ,83.6           ,               0,               0
fallbackSort                            ,1              ,1362431142     ,1362431142     ,1362431142.0   ,         6442379,         3172953
fallbackQSort3                          ,3172952        ,96             ,3983280        ,167.1          ,               1,               0
fallbackSimpleSort                      ,2761           ,519            ,519            ,519.0          ,               0,               0
BZ2_hbMakeCodeLengths                   ,6552           ,5562           ,160572         ,44303.3        ,               0,               0
BZ2_hbAssignCodes                       ,1638           ,807            ,76593          ,6640.9         ,               0,               0
BZ2_hbCreateDecodeTables                ,1638           ,1545           ,78771          ,7321.5         ,               0,               0
spec_init                               ,1              ,88941183       ,88941183       ,88941183.0     ,               0,               0
debug_time                              ,16             ,78             ,1401           ,414.4          ,               0,               0
spec_load                               ,1              ,49971168       ,49971168       ,49971168.0     ,               0,               0
spec_initbufs                           ,1              ,531            ,531            ,531.0          ,               0,               0
spec_compress                           ,3              ,44301072840    ,46543722369    ,45776392479.0  ,       141723514,       138159075
spec_reset                              ,6              ,4561101        ,40159188       ,17095151.0     ,               0,               0
spec_rewind                             ,6              ,60             ,369            ,256.0          ,               0,               0
spec_uncompress                         ,3              ,5103376587     ,5237730741     ,5174799308.0   ,          116970,          116968
spec_fread                              ,47481          ,732            ,28299          ,1942.7         ,               0,               0
spec_getc                               ,94960          ,33             ,1002           ,57.2           ,               0,               0
spec_ungetc                             ,94901          ,33             ,13632          ,60.8           ,               0,               0
spec_fwrite                             ,47620          ,114            ,33135          ,2244.9         ,               0,               0
compressStream                          ,3              ,44301070467    ,46543719963    ,45776390029.0  ,       141723513,       138159074
myfeof                                  ,94960          ,240            ,34623          ,548.1          ,               1,               1
uncompressStream                        ,3              ,5103374277     ,5237728650     ,5174797148.0   ,          116969,          116967
BZ2_bzCompressEnd                       ,3              ,692676         ,1304709        ,946816.0       ,               4,               4
BZ2_bzDecompressEnd                     ,3              ,5322           ,8727           ,6872.0         ,               2,               2
BZ2_bzWriteOpen                         ,3              ,63162          ,81993          ,72765.0        ,               8,               8
BZ2_bzCompressInit                      ,3              ,56052          ,76851          ,66649.0        ,               7,               7
bz_config_ok                            ,6              ,285            ,774            ,526.0          ,               0,               0
init_RL                                 ,6              ,42             ,366            ,156.0          ,               0,               0
prepare_new_block                       ,273            ,138            ,882            ,274.8          ,               0,               0
BZ2_bzWrite                             ,40266          ,74703          ,1649456133     ,3403661.7      ,              14,              14
BZ2_bzCompress                          ,47350          ,9750           ,1648543185     ,2897106.5      ,               7,               7
handle_compress                         ,47350          ,9486           ,1648542459     ,2896881.0      ,               6,               6
copy_input_until_stop                   ,40539          ,96             ,1083372        ,140445.3       ,               0,               0
add_pair_to_block                       ,7247208        ,48             ,118782         ,99.9           ,               0,               0
flush_RL                                ,3              ,957            ,1362           ,1165.0         ,               2,               2
copy_output_until_stop                  ,7354           ,396            ,210102         ,68359.6        ,               0,               0
isempty_RL                              ,8              ,42             ,318            ,163.5          ,               0,               0
BZ2_bzReadOpen                          ,3              ,5253           ,33246          ,14889.0        ,               3,               3
BZ2_bzDecompressInit                    ,3              ,2769           ,30561          ,12136.0        ,               2,               2
BZ2_bzRead                              ,40266          ,35649          ,70048263       ,382818.0       ,               3,               3
BZ2_bzDecompress                        ,47476          ,30054          ,7998696        ,323139.3       ,               3,               3
unRLE_obuf_to_output_FAST               ,40534          ,378            ,333897         ,135154.2       ,               0,               0
default_bzfree                          ,18             ,162            ,940476         ,158120.7       ,               0,               0
default_bzalloc                         ,18             ,684            ,62028          ,16122.5        ,               0,               0
BZ2_compressBlock                       ,273            ,30257169       ,1648443069     ,479704392.3    ,          110327,          109150
bsPutUChar                              ,1668           ,243            ,2511           ,422.9          ,               1,               1
bsW                                     ,79379955       ,33             ,133371         ,65.6           ,               0,               0
bsPutUInt32                             ,276            ,1098           ,2106           ,1271.5         ,               4,               4
bsFinishWrite                           ,3              ,318            ,525            ,387.0          ,               0,               0
BZ2_bsInitWrite                         ,3              ,612            ,1119           ,789.0          ,               0,               0
sendMTFValues                           ,273            ,2770032        ,136976394      ,72034440.5     ,           10624,           10624
generateMTFValues                       ,273            ,699990         ,52440381       ,20354796.5     ,               1,               1
makeMaps_e                              ,273            ,687            ,2193           ,1344.8         ,               0,               0
BZ2_decompress                          ,7488           ,1959           ,7919550        ,1314764.2      ,               0,               0
makeMaps_d                              ,273            ,906            ,2367           ,1485.7         ,               0,               0
BZ2_blockSort                           ,273            ,26711139       ,1597793556     ,387306014.7    ,           99450,           98273
mainSort                                ,1              ,0              ,0              ,-nan           ,               0,               0
mainQSort3                              ,1              ,0              ,0              ,-nan           ,               0,               0
mainSimpleSort                          ,2571376        ,0              ,0              ,-nan           ,               0,               0
mmed3                                   ,6966489        ,27             ,33726          ,60.1           ,               0,               0
mainGtU                                 ,328060278      ,30             ,673860         ,83.2           ,               0,               0
fallbackSort                            ,1              ,1366873917     ,1366873917     ,1366873917.0   ,         6442379,         3172953
fallbackQSort3                          ,3172952        ,96             ,4060617        ,168.0          ,               1,               0
fallbackSimpleSort                      ,2761           ,507            ,507            ,507.0          ,               0,               0
BZ2_hbMakeCodeLengths                   ,6552           ,5523           ,180288         ,43886.3        ,               0,               0
BZ2_hbAssignCodes                       ,1638           ,855            ,38103          ,6550.1         ,               0,               0
BZ2_hbCreateDecodeTables                ,1638           ,1341           ,35445          ,7172.1         ,               0,               0
spec_init                               ,1              ,91031088       ,91031088       ,91031088.0     ,               0,               0
debug_time                              ,16             ,60             ,588            ,308.1          ,               0,               0
spec_load                               ,1              ,53090580       ,53090580       ,53090580.0     ,               0,               0
spec_initbufs                           ,1              ,507            ,507            ,507.0          ,               0,               0
spec_compress                           ,3              ,44583976782    ,47050916784    ,46177024760.0  ,       141723514,       138159075
spec_reset                              ,6              ,4436838        ,32384685       ,15981394.0     ,               0,               0
spec_rewind                             ,6              ,60             ,372            ,274.0          ,               0,               0
spec_uncompress                         ,3              ,5153798463     ,5282467761     ,5233184727.0   ,          116970,          116968
spec_fread                              ,47481          ,744            ,86361          ,1988.1         ,               0,               0
spec_getc                               ,94960          ,30             ,68793          ,54.0           ,               0,               0
spec_ungetc                             ,94901          ,33             ,804            ,57.2           ,               0,               0
spec_fwrite                             ,47620          ,99             ,126561         ,2229.6         ,               0,               0
compressStream                          ,3              ,44583974376    ,47050914273    ,46177022333.0  ,       141723513,       138159074
myfeof                                  ,94960          ,240            ,69417          ,519.5          ,               1,               1
uncompressStream                        ,3              ,5153796114     ,5282465964     ,5233182744.0   ,          116969,          116967
BZ2_bzCompressEnd                       ,3              ,653562         ,1196931        ,946002.0       ,               4,               4
BZ2_bzDecompressEnd                     ,3              ,7629           ,7653           ,7641.0         ,               2,               2
BZ2_bzWriteOpen                         ,3              ,75258          ,103908         ,91311.0        ,               8,               8
BZ2_bzCompressInit                      ,3              ,68544          ,98028          ,84626.0        ,               7,               7
bz_config_ok                            ,6              ,285            ,543            ,380.0          ,               0,               0
init_RL                                 ,6              ,51             ,525            ,182.0          ,               0,               0
prepare_new_block                       ,273            ,126            ,687            ,249.1          ,               0,               0
BZ2_bzWrite                             ,40266          ,74715          ,1672952232     ,3433415.1      ,              14,              14
BZ2_bzCompress                          ,47350          ,9171           ,1672042188     ,2922475.3      ,               7,               7
handle_compress                         ,47350          ,8790           ,1672041543     ,2922250.3      ,               6,               6
copy_input_until_stop                   ,40539          ,84             ,1103370        ,142118.6       ,               0,               0
add_pair_to_block                       ,7247208        ,51             ,207195         ,102.0          ,               0,               0
flush_RL                                ,3              ,993            ,1260           ,1096.0         ,               2,               2
copy_output_until_stop                  ,7354           ,393            ,207381         ,68898.2        ,               0,               0
isempty_RL                              ,8              ,39             ,315            ,170.2          ,               0,               0
BZ2_bzReadOpen                          ,3              ,8379           ,50280          ,22558.0        ,               3,               3
BZ2_bzDecompressInit                    ,3              ,2799           ,44442          ,16798.0        ,               2,               2
BZ2_bzRead                              ,40266          ,35538          ,70869099       ,387179.5       ,               3,               3
BZ2_bzDecompress                        ,47476          ,29727          ,8664324        ,326851.6       ,               3,               3
unRLE_obuf_to_output_FAST               ,40534          ,396            ,389454         ,136651.2       ,               0,               0
default_bzfree                          ,18             ,135            ,859281         ,158144.2       ,               0,               0
default_bzalloc                         ,18             ,660            ,82800          ,20741.0        ,               0,               0
BZ2_compressBlock                       ,273            ,32311857       ,1671942312     ,483842829.3    ,          110327,          109150
bsPutUChar                              ,1668           ,231            ,2376           ,394.4          ,               1,               1
bsW                                     ,79379955       ,33             ,233844         ,66.0           ,               0,               0
bsPutUInt32                             ,276            ,1122           ,2094           ,1250.1         ,               4,               4
bsFinishWrite                           ,3              ,318            ,351            ,331.0          ,               0,               0
BZ2_bsInitWrite                         ,3              ,480            ,750            ,639.0          ,               0,               0
sendMTFValues                           ,273            ,2776755        ,138778329      ,72598284.7     ,           10624,           10624
generateMTFValues                       ,273            ,698304         ,53007378       ,20657662.5     ,               1,               1
makeMaps_e                              ,273            ,756            ,2346           ,1426.2         ,               0,               0
BZ2_decompress                          ,7488           ,1341           ,8623803        ,1330141.9      ,               0,               0
makeMaps_d                              ,273            ,870            ,2532           ,1480.7         ,               0,               0
BZ2_blockSort                           ,273            ,28484556       ,1620405696     ,390578365.0    ,           99450,           98273
mainSort                                ,1              ,0              ,0              ,-nan           ,               0,               0
mainQSort3                              ,1              ,0              ,0              ,-nan           ,               0,               0
mainSimpleSort                          ,2571376        ,0              ,0              ,-nan           ,               0,               0
mmed3                                   ,6966489        ,30             ,113118         ,60.6           ,               0,               0
mainGtU                                 ,328060278      ,30             ,659937         ,83.9           ,               0,               0
fallbackSort                            ,1              ,1386187110     ,1386187110     ,1386187110.0   ,         6442379,         3172953
fallbackQSort3                          ,3172952        ,96             ,4121466        ,170.3          ,               1,               0
fallbackSimpleSort                      ,2761           ,381            ,381            ,381.0          ,               0,               0
BZ2_hbMakeCodeLengths                   ,6552           ,5622           ,185787         ,44293.6        ,               0,               0
BZ2_hbAssignCodes                       ,1638           ,837            ,49122          ,6576.5         ,               0,               0
BZ2_hbCreateDecodeTables                ,1638           ,1386           ,94587          ,7491.4         ,               0,               0
