bi_reverse                              ,685            ,45             ,539            ,101.8          ,               0,               0
bi_windup                               ,1              ,339            ,339            ,339.0          ,               0,               0
bi_init                                 ,1              ,196            ,196            ,196.0          ,               0,               0
longest_match                           ,1772016        ,140            ,57444          ,517.0          ,               0,               0
do_exit                                 ,1              ,1896           ,1896           ,1896.0         ,               0,               0
install_signal_handlers                 ,1              ,35105          ,35105          ,35105.0        ,               0,               0
open_and_stat                           ,1              ,110929         ,110929         ,110929.0       ,               0,               0
input_eof                               ,1              ,489            ,489            ,489.0          ,               0,               0
scan_tree                               ,110            ,213            ,2193           ,739.2          ,               0,               0
init_block                              ,56             ,603            ,7098           ,906.5          ,               0,               0
pqdownheap                              ,586            ,39             ,579            ,99.6           ,               0,               0
gen_bitlen                              ,165            ,93             ,1134           ,205.3          ,               0,               0
ct_tally                                ,1772116        ,48             ,33264          ,61.9           ,               0,               0
write_buffer                            ,95             ,558            ,10668          ,1338.9         ,               0,               0
read_buffer                             ,13952          ,1314           ,127540         ,12564.6        ,               0,               0
updcrc                                  ,13952          ,406            ,1065043        ,260756.5       ,               0,               0
clear_bufs                              ,1              ,5453           ,5453           ,5453.0         ,               0,               0
gzip_base_name                          ,2              ,826            ,7245           ,4035.5         ,               0,               0
add_envopt                              ,1              ,2072           ,2072           ,2072.0         ,               0,               0
send_bits                               ,5318119        ,36             ,121740         ,50.9           ,               0,               0
deflate                                 ,1              ,8275104708     ,8275104708     ,8275104708.0   ,               0,               0
fill_window                             ,13951          ,101769         ,910308         ,385787.5       ,               0,               0
lm_init                                 ,1              ,1431521        ,1431521        ,1431521.0      ,               0,               0
treat_file                              ,1              ,8281667433     ,8281667433     ,8281667433.0   ,               0,               0
open_input_file                         ,1              ,89766          ,89766          ,89766.0        ,               0,               0
flush_block                             ,55             ,146583         ,1722714        ,1643989.7      ,               0,               0
build_bl_tree                           ,55             ,1719           ,5715           ,1949.5         ,               0,               0
compress_block                          ,55             ,139062         ,1730745        ,1640091.8      ,               0,               0
send_all_trees                          ,55             ,1872           ,4689           ,2199.0         ,               0,               0
send_tree                               ,110            ,210            ,3699           ,939.2          ,               0,               0
build_tree                              ,165            ,327            ,12702          ,1142.1         ,               0,               0
gen_codes                               ,166            ,129            ,17661          ,499.0          ,               0,               0
ct_init                                 ,1              ,59066          ,59066          ,59066.0        ,               0,               0
write_buf                               ,95             ,567            ,10428          ,1395.3         ,               0,               0
flush_outbuf                            ,95             ,558            ,9669           ,1338.5         ,               0,               0
zip                                     ,1              ,8462746804     ,8462746804     ,8462746804.0   ,               0,               0
file_read                               ,13952          ,1305           ,1390844        ,273107.6       ,               0,               0
bi_reverse                              ,685            ,45             ,546            ,98.6           ,               0,               0
bi_windup                               ,1              ,354            ,354            ,354.0          ,               0,               0
bi_init                                 ,1              ,196            ,196            ,196.0          ,               0,               0
longest_match                           ,1772016        ,140            ,171606         ,521.5          ,               0,               0
do_exit                                 ,1              ,1299           ,1299           ,1299.0         ,               0,               0
install_signal_handlers                 ,1              ,33180          ,33180          ,33180.0        ,               0,               0
open_and_stat                           ,1              ,168091         ,168091         ,168091.0       ,               0,               0
input_eof                               ,1              ,645            ,645            ,645.0          ,               0,               0
scan_tree                               ,110            ,222            ,2157           ,721.3          ,               0,               0
init_block                              ,56             ,594            ,7469           ,831.2          ,               0,               0
pqdownheap                              ,586            ,36             ,411            ,85.6           ,               0,               0
gen_bitlen                              ,165            ,93             ,1236           ,181.5          ,               0,               0
ct_tally                                ,1772116        ,51             ,141654         ,62.7           ,               0,               0
write_buffer                            ,95             ,558            ,10182          ,1443.8         ,               0,               0
read_buffer                             ,13952          ,1317           ,143940         ,17901.0        ,               0,               0
updcrc                                  ,13952          ,364            ,1094023        ,262906.1       ,               0,               0
clear_bufs                              ,1              ,6209           ,6209           ,6209.0         ,               0,               0
gzip_base_name                          ,2              ,931            ,6769           ,3850.0         ,               0,               0
add_envopt                              ,1              ,2247           ,2247           ,2247.0         ,               0,               0
file_read                               ,13952          ,1740           ,1234184        ,281401.2       ,               1,               1
send_bits                               ,5318119        ,36             ,28149          ,52.6           ,               0,               0
deflate                                 ,1              ,8517579521     ,8517579521     ,8517579521.0   ,               0,               0
fill_window                             ,13951          ,99870          ,773717         ,372187.3       ,               0,               0
lm_init                                 ,1              ,1395429        ,1395429        ,1395429.0      ,               0,               0
treat_file                              ,1              ,8281803822     ,8281803822     ,8281803822.0   ,               0,               0
open_input_file                         ,1              ,159903         ,159903         ,159903.0       ,               0,               0
flush_block                             ,55             ,146889         ,1721640        ,1643547.9      ,               0,               0
build_bl_tree                           ,55             ,1551           ,5544           ,1827.5         ,               0,               0
compress_block                          ,55             ,138993         ,1780785        ,1665617.3      ,               0,               0
send_all_trees                          ,55             ,1860           ,4812           ,2171.4         ,               0,               0
send_tree                               ,110            ,213            ,3591           ,876.3          ,               0,               0
build_tree                              ,165            ,345            ,11508          ,1113.9         ,               0,               0
gen_codes                               ,166            ,132            ,17675          ,502.5          ,               0,               0
ct_init                                 ,1              ,63798          ,63798          ,63798.0        ,               0,               0
write_buf                               ,95             ,555            ,10014          ,1351.5         ,               0,               0
flush_outbuf                            ,95             ,558            ,9624           ,1300.7         ,               0,               0
zip                                     ,1              ,8531404652     ,8531404652     ,8531404652.0   ,               0,               0
file_read                               ,13952          ,1887           ,1183224        ,284586.0       ,               0,               0
bi_reverse                              ,685            ,45             ,546            ,102.9          ,               0,               0
bi_windup                               ,1              ,342            ,342            ,342.0          ,               0,               0
bi_init                                 ,1              ,350            ,350            ,350.0          ,               0,               0
longest_match                           ,1772016        ,147            ,903522         ,517.1          ,               0,               0
do_exit                                 ,1              ,1917           ,1917           ,1917.0         ,               0,               0
install_signal_handlers                 ,1              ,20469          ,20469          ,20469.0        ,               0,               0
open_and_stat                           ,1              ,89304          ,89304          ,89304.0        ,               0,               0
input_eof                               ,1              ,462            ,462            ,462.0          ,               0,               0
scan_tree                               ,110            ,204            ,2196           ,763.4          ,               0,               0
init_block                              ,56             ,603            ,7616           ,851.3          ,               0,               0
pqdownheap                              ,586            ,36             ,618            ,92.1           ,               0,               0
gen_bitlen                              ,165            ,87             ,1221           ,209.8          ,               0,               0
ct_tally                                ,1772116        ,51             ,28515          ,62.6           ,               0,               0
write_buffer                            ,95             ,555            ,11115          ,1409.1         ,               0,               0
read_buffer                             ,13952          ,1350           ,183855         ,12537.7        ,               0,               0
updcrc                                  ,13952          ,371            ,1063389        ,260538.0       ,               0,               0
clear_bufs                              ,1              ,14022          ,14022          ,14022.0        ,               0,               0
gzip_base_name                          ,2              ,791            ,4380           ,2585.5         ,               0,               0
add_envopt                              ,1              ,1374           ,1374           ,1374.0         ,               0,               0
file_read                               ,13952          ,1815           ,1225903        ,273639.7       ,               1,               1
send_bits                               ,5318119        ,36             ,28524          ,50.2           ,               0,               0
deflate                                 ,1              ,8275228240     ,8275228240     ,8275228240.0   ,               0,               0
fill_window                             ,13951          ,100380         ,840259         ,386060.6       ,               0,               0
lm_init                                 ,1              ,1440894        ,1440894        ,1440894.0      ,               0,               0
treat_file                              ,1              ,8402303919     ,8402303919     ,8402303919.0   ,               0,               0
open_input_file                         ,1              ,97316          ,97316          ,97316.0        ,               0,               0
flush_block                             ,55             ,146775         ,1783263        ,1680993.3      ,               0,               0
build_bl_tree                           ,55             ,1554           ,5583           ,1893.1         ,               0,               0
compress_block                          ,55             ,138990         ,1716219        ,1638589.1      ,               0,               0
send_all_trees                          ,55             ,2013           ,4716           ,2343.3         ,               0,               0
send_tree                               ,110            ,207            ,4017           ,911.2          ,               0,               0
build_tree                              ,165            ,339            ,11451          ,1119.7         ,               0,               0
gen_codes                               ,166            ,135            ,17493          ,509.6          ,               0,               0
ct_init                                 ,1              ,57015          ,57015          ,57015.0        ,               0,               0
write_buf                               ,95             ,564            ,9774           ,1389.1         ,               0,               0
flush_outbuf                            ,95             ,570            ,10107          ,1357.3         ,               0,               0
zip                                     ,1              ,8501369057     ,8501369057     ,8501369057.0   ,               0,               0
file_read                               ,13952          ,2562           ,1198457        ,283920.9       ,               0,               0
bi_reverse                              ,685            ,45             ,560            ,101.9          ,               0,               0
bi_windup                               ,1              ,336            ,336            ,336.0          ,               0,               0
bi_init                                 ,1              ,231            ,231            ,231.0          ,               0,               0
longest_match                           ,1772016        ,140            ,100617         ,526.8          ,               0,               0
do_exit                                 ,1              ,1635           ,1635           ,1635.0         ,               0,               0
install_signal_handlers                 ,1              ,32809          ,32809          ,32809.0        ,               0,               0
open_and_stat                           ,1              ,112077         ,112077         ,112077.0       ,               0,               0
input_eof                               ,1              ,672            ,672            ,672.0          ,               0,               0
scan_tree                               ,110            ,204            ,2313           ,752.4          ,               0,               0
init_block                              ,56             ,603            ,7651           ,837.0          ,               0,               0
pqdownheap                              ,586            ,36             ,504            ,86.0           ,               0,               0
gen_bitlen                              ,165            ,93             ,1236           ,182.7          ,               0,               0
ct_tally                                ,1772116        ,48             ,84174          ,63.3           ,               0,               0
write_buffer                            ,95             ,567            ,10512          ,1375.9         ,               0,               0
read_buffer                             ,13952          ,1758           ,148260         ,18580.6        ,               0,               0
updcrc                                  ,13952          ,350            ,1117627        ,265184.7       ,               0,               0
clear_bufs                              ,1              ,6510           ,6510           ,6510.0         ,               0,               0
gzip_base_name                          ,2              ,770            ,7049           ,3909.5         ,               0,               0
add_envopt                              ,1              ,2205           ,2205           ,2205.0         ,               0,               0
file_read                               ,13952          ,2112           ,1268281        ,284332.0       ,               1,               1
send_bits                               ,5318119        ,36             ,123708         ,51.1           ,               0,               0
deflate                                 ,1              ,8336830638     ,8336830638     ,8336830638.0   ,               0,               0
fill_window                             ,13951          ,100002         ,846293         ,378164.1       ,               0,               0
lm_init                                 ,1              ,865271         ,865271         ,865271.0       ,               0,               0
treat_file                              ,1              ,8479635909     ,8479635909     ,8479635909.0   ,               0,               0
open_input_file                         ,1              ,140616         ,140616         ,140616.0       ,               0,               0
flush_block                             ,55             ,166605         ,1806561        ,1718152.0      ,               0,               0
build_bl_tree                           ,55             ,1605           ,5856           ,1913.2         ,               0,               0
compress_block                          ,55             ,139044         ,1730721        ,1634785.9      ,               0,               0
send_all_trees                          ,55             ,1833           ,4776           ,2318.1         ,               0,               0
send_tree                               ,110            ,189            ,3741           ,953.7          ,               0,               0
build_tree                              ,165            ,339            ,11991          ,1119.5         ,               0,               0
gen_codes                               ,166            ,129            ,17493          ,500.3          ,               0,               0
ct_init                                 ,1              ,60837          ,60837          ,60837.0        ,               0,               0
write_buf                               ,95             ,579            ,11358          ,1407.3         ,               0,               0
flush_outbuf                            ,95             ,573            ,10992          ,1378.4         ,               0,               0
zip                                     ,1              ,8276548703     ,8276548703     ,8276548703.0   ,               0,               0
file_read                               ,13952          ,1500           ,1281700        ,284213.6       ,               0,               0
bi_reverse                              ,685            ,45             ,553            ,101.2          ,               0,               0
bi_windup                               ,1              ,345            ,345            ,345.0          ,               0,               0
bi_init                                 ,1              ,196            ,196            ,196.0          ,               0,               0
longest_match                           ,1772016        ,140            ,34986          ,516.9          ,               0,               0
do_exit                                 ,1              ,1965           ,1965           ,1965.0         ,               0,               0
install_signal_handlers                 ,1              ,34692          ,34692          ,34692.0        ,               0,               0
open_and_stat                           ,1              ,111881         ,111881         ,111881.0       ,               0,               0
input_eof                               ,1              ,537            ,537            ,537.0          ,               0,               0
scan_tree                               ,110            ,210            ,2154           ,719.6          ,               0,               0
init_block                              ,56             ,591            ,6447           ,793.9          ,               0,               0
pqdownheap                              ,586            ,36             ,729            ,90.9           ,               0,               0
gen_bitlen                              ,165            ,93             ,1323           ,177.7          ,               0,               0
ct_tally                                ,1772116        ,51             ,28896          ,61.9           ,               0,               0
write_buffer                            ,95             ,558            ,10128          ,1329.6         ,               0,               0
read_buffer                             ,13952          ,1365           ,126679         ,12906.6        ,               0,               0
updcrc                                  ,13952          ,385            ,1037631        ,260545.6       ,               0,               0
clear_bufs                              ,1              ,5572           ,5572           ,5572.0         ,               0,               0
gzip_base_name                          ,2              ,707            ,7056           ,3881.5         ,               0,               0
add_envopt                              ,1              ,2128           ,2128           ,2128.0         ,               0,               0
file_read                               ,13952          ,1803           ,1166557        ,274006.8       ,               1,               1
send_bits                               ,5318119        ,36             ,28143          ,50.2           ,               0,               0
deflate                                 ,1              ,8381774232     ,8381774232     ,8381774232.0   ,               0,               0
fill_window                             ,13951          ,100338         ,887838         ,378672.9       ,               0,               0
lm_init                                 ,1              ,1442504        ,1442504        ,1442504.0      ,               0,               0
treat_file                              ,1              ,8280388821     ,8280388821     ,8280388821.0   ,               0,               0
open_input_file                         ,1              ,133693         ,133693         ,133693.0       ,               0,               0
flush_block                             ,55             ,146796         ,1819254        ,1645855.8      ,               0,               0
build_bl_tree                           ,55             ,1611           ,5817           ,1939.7         ,               0,               0
compress_block                          ,55             ,138987         ,1719627        ,1636148.0      ,               0,               0
send_all_trees                          ,55             ,1899           ,5049           ,2257.7         ,               0,               0
send_tree                               ,110            ,225            ,3603           ,943.3          ,               0,               0
build_tree                              ,165            ,336            ,12375          ,1122.3         ,               0,               0
gen_codes                               ,166            ,129            ,17507          ,496.8          ,               0,               0
ct_init                                 ,1              ,63595          ,63595          ,63595.0        ,               0,               0
write_buf                               ,95             ,570            ,10692          ,1466.1         ,               0,               0
flush_outbuf                            ,95             ,567            ,11385          ,1370.5         ,               0,               0
zip                                     ,1              ,8505650796     ,8505650796     ,8505650796.0   ,               0,               0
file_read                               ,13952          ,1647           ,1206996        ,278869.5       ,               0,               0
