send_bits                               ,5318119        ,36             ,33831          ,49.8           ,               0,               0
bi_reverse                              ,685            ,48             ,567            ,100.5          ,               0,               0
bi_windup                               ,1              ,528            ,528            ,528.0          ,               0,               0
bi_init                                 ,1              ,196            ,196            ,196.0          ,               0,               0
deflate                                 ,1              ,9943263048     ,9943263048     ,9943263048.0   ,         8920280,         8920280
longest_match                           ,1772016        ,147            ,58305          ,516.9          ,               0,               0
fill_window                             ,13951          ,101166         ,766647         ,373548.1       ,               2,               2
lm_init                                 ,1              ,1335831        ,1335831        ,1335831.0      ,               3,               3
do_exit                                 ,1              ,2115           ,2115           ,2115.0         ,               0,               0
install_signal_handlers                 ,1              ,21576          ,21576          ,21576.0        ,               0,               0
treat_file                              ,1              ,9944956176     ,9944956176     ,9944956176.0   ,         8920617,         8920617
open_input_file                         ,1              ,97149          ,97149          ,97149.0        ,               1,               1
open_and_stat                           ,1              ,88008          ,88008          ,88008.0        ,               0,               0
input_eof                               ,1              ,441            ,441            ,441.0          ,               0,               0
flush_block                             ,55             ,1628340        ,19436664       ,19066466.1     ,            8176,            8176
build_bl_tree                           ,55             ,3843           ,14376          ,4365.4         ,              10,              10
scan_tree                               ,110            ,216            ,2157           ,744.4          ,               0,               0
compress_block                          ,55             ,1600740        ,19412175       ,19041332.9     ,            8096,            8096
send_all_trees                          ,55             ,8787           ,20262          ,9434.0         ,              35,              35
send_tree                               ,110            ,978            ,12210          ,2064.9         ,               4,               4
init_block                              ,56             ,606            ,16156          ,1070.3         ,               0,               0
build_tree                              ,165            ,1710           ,33846          ,3004.6         ,               7,               7
pqdownheap                              ,586            ,36             ,540            ,87.3           ,               0,               0
gen_bitlen                              ,165            ,93             ,1383           ,167.1          ,               0,               0
gen_codes                               ,166            ,525            ,123137         ,1675.7         ,               2,               2
ct_tally                                ,1772116        ,51             ,28971          ,62.1           ,               0,               0
ct_init                                 ,1              ,196252         ,196252         ,196252.0       ,             320,             320
write_buf                               ,95             ,936            ,11850          ,2444.0         ,               1,               1
write_buffer                            ,95             ,720            ,11508          ,2036.1         ,               0,               0
read_buffer                             ,13952          ,1413           ,131131         ,12764.8        ,               0,               0
updcrc                                  ,13952          ,308            ,1092560        ,260358.6       ,               0,               0
clear_bufs                              ,1              ,5544           ,5544           ,5544.0         ,               0,               0
flush_outbuf                            ,95             ,1155           ,12600          ,2893.9         ,               2,               2
gzip_base_name                          ,2              ,504            ,4458           ,2481.0         ,               0,               0
add_envopt                              ,1              ,1212           ,1212           ,1212.0         ,               0,               0
zip                                     ,1              ,9944805732     ,9944805732     ,9944805732.0   ,         8920612,         8920612
file_read                               ,13952          ,1794           ,1226225        ,273671.7       ,               1,               1
send_bits                               ,5318119        ,36             ,105699         ,49.8           ,               0,               0
bi_reverse                              ,685            ,45             ,582            ,100.9          ,               0,               0
bi_windup                               ,1              ,351            ,351            ,351.0          ,               0,               0
bi_init                                 ,1              ,111            ,111            ,111.0          ,               0,               0
deflate                                 ,1              ,9970222727     ,9970222727     ,9970222727.0   ,         8920280,         8920280
longest_match                           ,1772016        ,147            ,115293         ,516.7          ,               0,               0
fill_window                             ,13951          ,101628         ,781354         ,374516.3       ,               2,               2
lm_init                                 ,1              ,1300775        ,1300775        ,1300775.0      ,               3,               3
do_exit                                 ,1              ,2091           ,2091           ,2091.0         ,               0,               0
install_signal_handlers                 ,1              ,22155          ,22155          ,22155.0        ,               0,               0
treat_file                              ,1              ,9971855796     ,9971855796     ,9971855796.0   ,         8920617,         8920617
open_input_file                         ,1              ,93438          ,93438          ,93438.0        ,               1,               1
open_and_stat                           ,1              ,83085          ,83085          ,83085.0        ,               0,               0
input_eof                               ,1              ,336            ,336            ,336.0          ,               0,               0
flush_block                             ,55             ,1629555        ,19543992       ,19070580.9     ,            8176,            8176
build_bl_tree                           ,55             ,3885           ,13842          ,4476.4         ,              10,              10
scan_tree                               ,110            ,213            ,2208           ,762.4          ,               0,               0
compress_block                          ,55             ,1600884        ,19518597       ,19045026.5     ,            8096,            8096
send_all_trees                          ,55             ,8799           ,19782          ,9546.0         ,              35,              35
send_tree                               ,110            ,966            ,12192          ,2088.4         ,               4,               4
init_block                              ,56             ,588            ,7301           ,850.5          ,               0,               0
build_tree                              ,165            ,1728           ,31752          ,3103.5         ,               7,               7
pqdownheap                              ,586            ,36             ,792            ,94.7           ,               0,               0
gen_bitlen                              ,165            ,90             ,1275           ,170.7          ,               0,               0
gen_codes                               ,166            ,525            ,123564         ,1714.0         ,               2,               2
ct_tally                                ,1772116        ,48             ,31818          ,61.1           ,               0,               0
ct_init                                 ,1              ,185254         ,185254         ,185254.0       ,             320,             320
write_buf                               ,95             ,885            ,13395          ,2416.0         ,               1,               1
write_buffer                            ,95             ,669            ,12624          ,1965.3         ,               0,               0
read_buffer                             ,13952          ,1527           ,139482         ,13346.1        ,               0,               0
updcrc                                  ,13952          ,171            ,1038240        ,260405.9       ,               0,               0
clear_bufs                              ,1              ,3900           ,3900           ,3900.0         ,               0,               0
flush_outbuf                            ,95             ,1164           ,14028          ,2848.1         ,               2,               2
gzip_base_name                          ,2              ,588            ,4434           ,2511.0         ,               0,               0
add_envopt                              ,1              ,1323           ,1323           ,1323.0         ,               0,               0
zip                                     ,1              ,9971718327     ,9971718327     ,9971718327.0   ,         8920612,         8920612
file_read                               ,13952          ,1962           ,1179850        ,274345.9       ,               1,               1
send_bits                               ,5318119        ,36             ,83436          ,50.6           ,               0,               0
bi_reverse                              ,685            ,45             ,553            ,102.3          ,               0,               0
bi_windup                               ,1              ,336            ,336            ,336.0          ,               0,               0
bi_init                                 ,1              ,210            ,210            ,210.0          ,               0,               0
deflate                                 ,1              ,10217687266    ,10217687266    ,10217687266.0  ,         8920280,         8920280
longest_match                           ,1772016        ,140            ,147742         ,526.8          ,               0,               0
fill_window                             ,13951          ,101133         ,1040732        ,385838.1       ,               2,               2
lm_init                                 ,1              ,1314222        ,1314222        ,1314222.0      ,               3,               3
do_exit                                 ,1              ,1335           ,1335           ,1335.0         ,               0,               0
install_signal_handlers                 ,1              ,18690          ,18690          ,18690.0        ,               0,               0
treat_file                              ,1              ,10219419033    ,10219419033    ,10219419033.0  ,         8920617,         8920617
open_input_file                         ,1              ,161181         ,161181         ,161181.0       ,               1,               1
open_and_stat                           ,1              ,151044         ,151044         ,151044.0       ,               0,               0
input_eof                               ,1              ,576            ,576            ,576.0          ,               0,               0
flush_block                             ,55             ,1633707        ,20028450       ,19543029.3     ,            8176,            8176
build_bl_tree                           ,55             ,3996           ,14190          ,4647.5         ,              10,              10
scan_tree                               ,110            ,207            ,2019           ,834.4          ,               0,               0
compress_block                          ,55             ,1604187        ,19943187       ,19515404.8     ,            8096,            8096
send_all_trees                          ,55             ,8955           ,79461          ,10960.1        ,              35,              35
send_tree                               ,110            ,984            ,71007          ,2762.7         ,               4,               4
init_block                              ,56             ,576            ,7028           ,936.0          ,               0,               0
build_tree                              ,165            ,1749           ,33081          ,3171.2         ,               7,               7
pqdownheap                              ,586            ,39             ,360            ,89.9           ,               0,               0
gen_bitlen                              ,165            ,90             ,1461           ,164.8          ,               0,               0
gen_codes                               ,166            ,522            ,125055         ,1794.4         ,               2,               2
ct_tally                                ,1772116        ,51             ,85467          ,62.6           ,               0,               0
ct_init                                 ,1              ,189707         ,189707         ,189707.0       ,             320,             320
write_buf                               ,95             ,927            ,9948           ,2412.7         ,               1,               1
write_buffer                            ,95             ,693            ,9369           ,1971.6         ,               0,               0
read_buffer                             ,13952          ,1518           ,175371         ,17766.9        ,               0,               0
updcrc                                  ,13952          ,259            ,1040879        ,265843.4       ,               0,               0
clear_bufs                              ,1              ,6013           ,6013           ,6013.0         ,               0,               0
flush_outbuf                            ,95             ,1173           ,11022          ,2916.3         ,               2,               2
gzip_base_name                          ,2              ,798            ,4251           ,2524.5         ,               0,               0
add_envopt                              ,1              ,1173           ,1173           ,1173.0         ,               0,               0
zip                                     ,1              ,10219201425    ,10219201425    ,10219201425.0  ,         8920612,         8920612
file_read                               ,13952          ,1944           ,1182132        ,284216.2       ,               1,               1
send_bits                               ,5318119        ,36             ,113112         ,50.6           ,               0,               0
bi_reverse                              ,685            ,45             ,560            ,100.7          ,               0,               0
bi_windup                               ,1              ,387            ,387            ,387.0          ,               0,               0
bi_init                                 ,1              ,196            ,196            ,196.0          ,               0,               0
deflate                                 ,1              ,9985782152     ,9985782152     ,9985782152.0   ,         8920280,         8920280
longest_match                           ,1772016        ,140            ,118860         ,517.4          ,               0,               0
fill_window                             ,13951          ,101145         ,795263         ,373784.7       ,               2,               2
lm_init                                 ,1              ,1282127        ,1282127        ,1282127.0      ,               3,               3
do_exit                                 ,1              ,1773           ,1773           ,1773.0         ,               0,               0
install_signal_handlers                 ,1              ,19683          ,19683          ,19683.0        ,               0,               0
treat_file                              ,1              ,9987421806     ,9987421806     ,9987421806.0   ,         8920617,         8920617
open_input_file                         ,1              ,96515          ,96515          ,96515.0        ,               1,               1
open_and_stat                           ,1              ,85747          ,85747          ,85747.0        ,               0,               0
input_eof                               ,1              ,447            ,447            ,447.0          ,               0,               0
flush_block                             ,55             ,1650840        ,22062024       ,19523048.8     ,            8176,            8176
build_bl_tree                           ,55             ,3804           ,14097          ,4385.3         ,              10,              10
scan_tree                               ,110            ,210            ,2169           ,758.5          ,               0,               0
compress_block                          ,55             ,1622256        ,22037994       ,19497513.2     ,            8096,            8096
send_all_trees                          ,55             ,8910           ,20157          ,9599.2         ,              35,              35
send_tree                               ,110            ,990            ,12384          ,2135.8         ,               4,               4
init_block                              ,56             ,594            ,8029           ,906.7          ,               0,               0
build_tree                              ,165            ,1680           ,32826          ,3078.8         ,               7,               7
pqdownheap                              ,586            ,36             ,597            ,88.7           ,               0,               0
gen_bitlen                              ,165            ,93             ,1872           ,172.6          ,               0,               0
gen_codes                               ,166            ,519            ,123480         ,1680.1         ,               2,               2
ct_tally                                ,1772116        ,51             ,28416          ,64.9           ,               0,               0
ct_init                                 ,1              ,197988         ,197988         ,197988.0       ,             320,             320
write_buf                               ,95             ,909            ,11736          ,2368.7         ,               1,               1
write_buffer                            ,95             ,675            ,10863          ,1942.9         ,               0,               0
read_buffer                             ,13952          ,1431           ,126385         ,12704.5        ,               0,               0
updcrc                                  ,13952          ,210            ,1040662        ,260625.3       ,               0,               0
clear_bufs                              ,1              ,6230           ,6230           ,6230.0         ,               0,               0
flush_outbuf                            ,95             ,1149           ,12627          ,2798.1         ,               2,               2
gzip_base_name                          ,2              ,910            ,4584           ,2747.0         ,               0,               0
add_envopt                              ,1              ,1305           ,1305           ,1305.0         ,               0,               0
zip                                     ,1              ,9987274734     ,9987274734     ,9987274734.0   ,         8920612,         8920612
file_read                               ,13952          ,1776           ,1169532        ,273893.0       ,               1,               1
send_bits                               ,5318119        ,36             ,94353          ,50.4           ,               0,               0
bi_reverse                              ,685            ,45             ,9405           ,113.1          ,               0,               0
bi_windup                               ,1              ,336            ,336            ,336.0          ,               0,               0
bi_init                                 ,1              ,111            ,111            ,111.0          ,               0,               0
deflate                                 ,1              ,10217975784    ,10217975784    ,10217975784.0  ,         8920280,         8920280
longest_match                           ,1772016        ,140            ,140208         ,526.9          ,               0,               0
fill_window                             ,13951          ,100902         ,861917         ,386382.3       ,               2,               2
lm_init                                 ,1              ,1317652        ,1317652        ,1317652.0      ,               3,               3
do_exit                                 ,1              ,1203           ,1203           ,1203.0         ,               0,               0
install_signal_handlers                 ,1              ,19650          ,19650          ,19650.0        ,               0,               0
treat_file                              ,1              ,10219644654    ,10219644654    ,10219644654.0  ,         8920617,         8920617
open_input_file                         ,1              ,103845         ,103845         ,103845.0       ,               1,               1
open_and_stat                           ,1              ,94404          ,94404          ,94404.0        ,               0,               0
input_eof                               ,1              ,369            ,369            ,369.0          ,               0,               0
flush_block                             ,55             ,1684614        ,19899909       ,19432770.8     ,            8176,            8176
build_bl_tree                           ,55             ,3840           ,13992          ,4520.5         ,              10,              10
scan_tree                               ,110            ,204            ,2172           ,810.6          ,               0,               0
compress_block                          ,55             ,1656939        ,19876452       ,19407265.7     ,            8096,            8096
send_all_trees                          ,55             ,8763           ,20295          ,9683.7         ,              35,              35
send_tree                               ,110            ,984            ,12723          ,2140.3         ,               4,               4
init_block                              ,56             ,573            ,7490           ,901.5          ,               0,               0
build_tree                              ,165            ,1716           ,31119          ,3016.1         ,               7,               7
pqdownheap                              ,586            ,36             ,474            ,93.4           ,               0,               0
gen_bitlen                              ,165            ,90             ,1161           ,160.7          ,               0,               0
gen_codes                               ,166            ,525            ,149794         ,1838.2         ,               2,               2
ct_tally                                ,1772116        ,48             ,95043          ,62.7           ,               0,               0
ct_init                                 ,1              ,195901         ,195901         ,195901.0       ,             320,             320
write_buf                               ,95             ,870            ,10287          ,2295.2         ,               1,               1
write_buffer                            ,95             ,657            ,9729           ,1843.6         ,               0,               0
read_buffer                             ,13952          ,1299           ,156590         ,18122.8        ,               0,               0
updcrc                                  ,13952          ,135            ,1038016        ,265957.2       ,               0,               0
clear_bufs                              ,1              ,3882           ,3882           ,3882.0         ,               0,               0
flush_outbuf                            ,95             ,1119           ,11079          ,2715.4         ,               2,               2
gzip_base_name                          ,2              ,553            ,4176           ,2364.5         ,               0,               0
add_envopt                              ,1              ,1248           ,1248           ,1248.0         ,               0,               0
zip                                     ,1              ,10219498239    ,10219498239    ,10219498239.0  ,         8920612,         8920612
file_read                               ,13952          ,1770           ,1196867        ,284629.1       ,               1,               1
