This file contains any messages produced by compilers while
running configure, to aid debugging if configure makes a mistake.

It was created by GNU grep configure 2.6.1-dirty, which was
generated by GNU Autoconf 2.69.  Invocation command line was

  $ ./configure CC=icc libdynprof.a libzca-toggle.a --prefix=/home/test/Builds/apps1/prof_apps/grep/instrumented/bin

## --------- ##
## Platform. ##
## --------- ##

hostname = ubuntu
uname -m = x86_64
uname -r = 3.8.0-19-generic
uname -s = Linux
uname -v = #29-Ubuntu SMP Wed Apr 17 18:16:28 UTC 2013

/usr/bin/uname -p = unknown
/bin/uname -X     = unknown

/bin/arch              = unknown
/usr/bin/arch -k       = unknown
/usr/convex/getsysinfo = unknown
/usr/bin/hostinfo      = unknown
/bin/machine           = unknown
/usr/bin/oslevel       = unknown
/bin/universe          = unknown

PATH: /opt/intel/bin
PATH: /home/test/Downloads/pdtoolkit-3.20/x86_64//bin
PATH: /home/test/Downloads/tau-2.23.1b/x86_64/bin
PATH: /home/test/Installations/jdk1.7.0_51/bin
PATH: /usr/lib/lightdm/lightdm
PATH: /usr/local/sbin
PATH: /usr/local/bin
PATH: /usr/sbin
PATH: /usr/bin
PATH: /sbin
PATH: /bin
PATH: /usr/games
PATH: /usr/local/games


## ----------- ##
## Core tests. ##
## ----------- ##

configure:3042: checking for a BSD-compatible install
configure:3110: result: /usr/bin/install -c
configure:3121: checking whether build environment is sane
configure:3175: result: yes
configure:3316: checking for a thread-safe mkdir -p
configure:3355: result: /bin/mkdir -p
configure:3369: checking for gawk
configure:3399: result: no
configure:3369: checking for mawk
configure:3385: found /usr/bin/mawk
configure:3396: result: mawk
configure:3407: checking whether make sets $(MAKE)
configure:3429: result: yes
configure:3541: checking build system type
configure:3555: result: x86_64-unknown-linux-gnu
configure:3575: checking host system type
configure:3588: result: x86_64-unknown-linux-gnu
configure:3612: checking for gawk
configure:3639: result: mawk
configure:3699: checking for gcc
configure:3726: result: icc libdynprof.a libzca-toggle.a
configure:3955: checking for C compiler version
configure:3964: icc libdynprof.a libzca-toggle.a --version >&5
icc (ICC) 14.0.1 20131008
Copyright (C) 1985-2013 Intel Corporation.  All rights reserved.

icc: error #10236: File not found:  'libdynprof.a'
icc: error #10236: File not found:  'libzca-toggle.a'
configure:3975: $? = 0
configure:3964: icc libdynprof.a libzca-toggle.a -v >&5
icc: error #10236: File not found:  'libdynprof.a'
icc: error #10236: File not found:  'libzca-toggle.a'
icc version 14.0.1 (gcc version 4.7.0 compatibility)
configure:3975: $? = 0
configure:3964: icc libdynprof.a libzca-toggle.a -V >&5
Intel(R) C Intel(R) 64 Compiler XE for applications running on Intel(R) 64, Version 14.0.1.106 Build 20131008
Copyright (C) 1985-2013 Intel Corporation.  All rights reserved.
icc: error #10236: File not found:  'libdynprof.a'
icc: error #10236: File not found:  'libzca-toggle.a'

icc: NOTE: The evaluation period for this product ends on 6-may-2014 UTC.
configure:3975: $? = 0
configure:3964: icc libdynprof.a libzca-toggle.a -qversion >&5
icc: error #10236: File not found:  'libdynprof.a'
icc: error #10236: File not found:  'libzca-toggle.a'
icc: command line warning #10006: ignoring unknown option '-qversion'
icc: command line error: no files specified; for help type "icc -help"
configure:3975: $? = 1
configure:3995: checking whether the C compiler works
configure:4017: icc libdynprof.a libzca-toggle.a    conftest.c  >&5
icc: error #10236: File not found:  'libdynprof.a'
icc: error #10236: File not found:  'libzca-toggle.a'
configure:4021: $? = 1
configure:4059: result: no
configure: failed program was:
| /* confdefs.h */
| #define PACKAGE_NAME "GNU grep"
| #define PACKAGE_TARNAME "grep"
| #define PACKAGE_VERSION "2.6.1-dirty"
| #define PACKAGE_STRING "GNU grep 2.6.1-dirty"
| #define PACKAGE_BUGREPORT "bug-grep@gnu.org"
| #define PACKAGE_URL "http://www.gnu.org/software/grep/"
| #define GREP 1
| #define PACKAGE "grep"
| #define VERSION "2.6.1-dirty"
| /* end confdefs.h.  */
| 
| int
| main ()
| {
| 
|   ;
|   return 0;
| }
configure:4064: error: in `/home/test/Builds/apps1/prof_apps/grep/instrumented':
configure:4066: error: C compiler cannot create executables
See `config.log' for more details

## ---------------- ##
## Cache variables. ##
## ---------------- ##

ac_cv_build=x86_64-unknown-linux-gnu
ac_cv_env_CC_set=set
ac_cv_env_CC_value='icc libdynprof.a libzca-toggle.a'
ac_cv_env_CFLAGS_set=
ac_cv_env_CFLAGS_value=
ac_cv_env_CPPFLAGS_set=
ac_cv_env_CPPFLAGS_value=
ac_cv_env_CPP_set=
ac_cv_env_CPP_value=
ac_cv_env_CXXFLAGS_set=
ac_cv_env_CXXFLAGS_value=
ac_cv_env_CXX_set=
ac_cv_env_CXX_value=
ac_cv_env_LDFLAGS_set=
ac_cv_env_LDFLAGS_value=
ac_cv_env_LIBS_set=
ac_cv_env_LIBS_value=
ac_cv_env_PCRE_CFLAGS_set=
ac_cv_env_PCRE_CFLAGS_value=
ac_cv_env_PCRE_LIBS_set=
ac_cv_env_PCRE_LIBS_value=
ac_cv_env_PKG_CONFIG_set=
ac_cv_env_PKG_CONFIG_value=
ac_cv_env_build_alias_set=
ac_cv_env_build_alias_value=
ac_cv_env_host_alias_set=
ac_cv_env_host_alias_value=
ac_cv_env_target_alias_set=
ac_cv_env_target_alias_value=
ac_cv_host=x86_64-unknown-linux-gnu
ac_cv_path_install='/usr/bin/install -c'
ac_cv_path_mkdir=/bin/mkdir
ac_cv_prog_AWK=mawk
ac_cv_prog_ac_ct_CC='icc libdynprof.a libzca-toggle.a'
ac_cv_prog_make_make_set=yes

## ----------------- ##
## Output variables. ##
## ----------------- ##

ACLOCAL='${SHELL} /home/test/Builds/apps1/prof_apps/grep/instrumented/build-aux/missing --run aclocal-1.11a'
ALLOCA=''
ALLOCA_H=''
AMDEPBACKSLASH=''
AMDEP_FALSE=''
AMDEP_TRUE=''
AMTAR='${SHELL} /home/test/Builds/apps1/prof_apps/grep/instrumented/build-aux/missing --run tar'
AM_BACKSLASH='\'
AM_DEFAULT_VERBOSITY='0'
ANSICXX_FALSE=''
ANSICXX_TRUE=''
APPLE_UNIVERSAL_BUILD=''
AUTOCONF='${SHELL} /home/test/Builds/apps1/prof_apps/grep/instrumented/build-aux/missing --run autoconf'
AUTOHEADER='${SHELL} /home/test/Builds/apps1/prof_apps/grep/instrumented/build-aux/missing --run autoheader'
AUTOMAKE='${SHELL} /home/test/Builds/apps1/prof_apps/grep/instrumented/build-aux/missing --run automake-1.11a'
AWK='mawk'
BITSIZEOF_PTRDIFF_T=''
BITSIZEOF_SIG_ATOMIC_T=''
BITSIZEOF_SIZE_T=''
BITSIZEOF_WCHAR_T=''
BITSIZEOF_WINT_T=''
CC='icc libdynprof.a libzca-toggle.a'
CCDEPMODE=''
CFLAGS=''
CONFIG_INCLUDE=''
CPP=''
CPPFLAGS=''
CXX=''
CXXDEPMODE=''
CXXFLAGS=''
CXX_CHOICE=''
CYGPATH_W='echo'
DEFS=''
DEPDIR=''
ECHO_C=''
ECHO_N='-n'
ECHO_T=''
EGREP=''
EMULTIHOP_HIDDEN=''
EMULTIHOP_VALUE=''
ENOLINK_HIDDEN=''
ENOLINK_VALUE=''
EOVERFLOW_HIDDEN=''
EOVERFLOW_VALUE=''
ERRNO_H=''
EXEEXT=''
FNMATCH_H=''
GETOPT_H=''
GETTEXT_MACRO_VERSION=''
GLIBC21=''
GL_COND_LIBTOOL_FALSE=''
GL_COND_LIBTOOL_TRUE=''
GMSGFMT=''
GMSGFMT_015=''
GNULIB_ALPHASORT=''
GNULIB_ATOLL=''
GNULIB_BTOWC=''
GNULIB_CALLOC_POSIX=''
GNULIB_CANONICALIZE_FILE_NAME=''
GNULIB_CHOWN=''
GNULIB_CLOSE=''
GNULIB_DIRFD=''
GNULIB_DUP2=''
GNULIB_DUP3=''
GNULIB_DUPLOCALE=''
GNULIB_ENVIRON=''
GNULIB_EUIDACCESS=''
GNULIB_FACCESSAT=''
GNULIB_FCHDIR=''
GNULIB_FCHMODAT=''
GNULIB_FCHOWNAT=''
GNULIB_FCNTL=''
GNULIB_FDOPENDIR=''
GNULIB_FSTATAT=''
GNULIB_FSYNC=''
GNULIB_FTRUNCATE=''
GNULIB_FUTIMENS=''
GNULIB_GETCWD=''
GNULIB_GETDOMAINNAME=''
GNULIB_GETDTABLESIZE=''
GNULIB_GETGROUPS=''
GNULIB_GETHOSTNAME=''
GNULIB_GETLOADAVG=''
GNULIB_GETLOGIN=''
GNULIB_GETLOGIN_R=''
GNULIB_GETPAGESIZE=''
GNULIB_GETSUBOPT=''
GNULIB_GETUSERSHELL=''
GNULIB_IMAXABS=''
GNULIB_IMAXDIV=''
GNULIB_LCHMOD=''
GNULIB_LCHOWN=''
GNULIB_LINK=''
GNULIB_LINKAT=''
GNULIB_LSEEK=''
GNULIB_LSTAT=''
GNULIB_MALLOC_POSIX=''
GNULIB_MBRLEN=''
GNULIB_MBRTOWC=''
GNULIB_MBSCASECMP=''
GNULIB_MBSCASESTR=''
GNULIB_MBSCHR=''
GNULIB_MBSCSPN=''
GNULIB_MBSINIT=''
GNULIB_MBSLEN=''
GNULIB_MBSNCASECMP=''
GNULIB_MBSNLEN=''
GNULIB_MBSNRTOWCS=''
GNULIB_MBSPBRK=''
GNULIB_MBSPCASECMP=''
GNULIB_MBSRCHR=''
GNULIB_MBSRTOWCS=''
GNULIB_MBSSEP=''
GNULIB_MBSSPN=''
GNULIB_MBSSTR=''
GNULIB_MBSTOK_R=''
GNULIB_MEMCHR=''
GNULIB_MEMMEM=''
GNULIB_MEMPCPY=''
GNULIB_MEMRCHR=''
GNULIB_MKDIRAT=''
GNULIB_MKDTEMP=''
GNULIB_MKFIFO=''
GNULIB_MKFIFOAT=''
GNULIB_MKNOD=''
GNULIB_MKNODAT=''
GNULIB_MKOSTEMP=''
GNULIB_MKOSTEMPS=''
GNULIB_MKSTEMP=''
GNULIB_MKSTEMPS=''
GNULIB_MKTIME=''
GNULIB_NANOSLEEP=''
GNULIB_NL_LANGINFO=''
GNULIB_OPEN=''
GNULIB_OPENAT=''
GNULIB_PIPE2=''
GNULIB_PREAD=''
GNULIB_PUTENV=''
GNULIB_RANDOM_R=''
GNULIB_RAWMEMCHR=''
GNULIB_READLINK=''
GNULIB_READLINKAT=''
GNULIB_REALLOC_POSIX=''
GNULIB_REALPATH=''
GNULIB_RMDIR=''
GNULIB_RPMATCH=''
GNULIB_SCANDIR=''
GNULIB_SETENV=''
GNULIB_SLEEP=''
GNULIB_STAT=''
GNULIB_STPCPY=''
GNULIB_STPNCPY=''
GNULIB_STRCASESTR=''
GNULIB_STRCHRNUL=''
GNULIB_STRDUP=''
GNULIB_STRERROR=''
GNULIB_STRNDUP=''
GNULIB_STRNLEN=''
GNULIB_STRPBRK=''
GNULIB_STRPTIME=''
GNULIB_STRSEP=''
GNULIB_STRSIGNAL=''
GNULIB_STRSTR=''
GNULIB_STRTOD=''
GNULIB_STRTOIMAX=''
GNULIB_STRTOK_R=''
GNULIB_STRTOLL=''
GNULIB_STRTOULL=''
GNULIB_STRTOUMAX=''
GNULIB_STRVERSCMP=''
GNULIB_SYMLINK=''
GNULIB_SYMLINKAT=''
GNULIB_TIMEGM=''
GNULIB_TIME_R=''
GNULIB_UNISTD_H_GETOPT=''
GNULIB_UNISTD_H_SIGPIPE=''
GNULIB_UNLINK=''
GNULIB_UNLINKAT=''
GNULIB_UNSETENV=''
GNULIB_USLEEP=''
GNULIB_UTIMENSAT=''
GNULIB_WARN_CFLAGS=''
GNULIB_WCRTOMB=''
GNULIB_WCSNRTOMBS=''
GNULIB_WCSRTOMBS=''
GNULIB_WCTOB=''
GNULIB_WCWIDTH=''
GNULIB_WRITE=''
GREP=''
HAVE_ALPHASORT=''
HAVE_ATOLL=''
HAVE_BTOWC=''
HAVE_CALLOC_POSIX=''
HAVE_CANONICALIZE_FILE_NAME=''
HAVE_CHOWN=''
HAVE_DECL_DIRFD=''
HAVE_DECL_ENVIRON=''
HAVE_DECL_GETLOADAVG=''
HAVE_DECL_GETLOGIN_R=''
HAVE_DECL_GETUSERSHELL=''
HAVE_DECL_IMAXABS=''
HAVE_DECL_IMAXDIV=''
HAVE_DECL_MEMMEM=''
HAVE_DECL_MEMRCHR=''
HAVE_DECL_STRDUP=''
HAVE_DECL_STRERROR=''
HAVE_DECL_STRNDUP=''
HAVE_DECL_STRNLEN=''
HAVE_DECL_STRSIGNAL=''
HAVE_DECL_STRTOIMAX=''
HAVE_DECL_STRTOK_R=''
HAVE_DECL_STRTOUMAX=''
HAVE_DECL_WCTOB=''
HAVE_DECL_WCWIDTH=''
HAVE_DUP2=''
HAVE_DUP3=''
HAVE_DUPLOCALE=''
HAVE_EUIDACCESS=''
HAVE_FACCESSAT=''
HAVE_FCHMODAT=''
HAVE_FCHOWNAT=''
HAVE_FCNTL=''
HAVE_FDOPENDIR=''
HAVE_FSTATAT=''
HAVE_FSYNC=''
HAVE_FTRUNCATE=''
HAVE_FUTIMENS=''
HAVE_GETDOMAINNAME=''
HAVE_GETDTABLESIZE=''
HAVE_GETGROUPS=''
HAVE_GETHOSTNAME=''
HAVE_GETLOGIN=''
HAVE_GETOPT_H=''
HAVE_GETPAGESIZE=''
HAVE_GETSUBOPT=''
HAVE_INTTYPES_H=''
HAVE_ISWBLANK=''
HAVE_ISWCNTRL=''
HAVE_LANGINFO_CODESET=''
HAVE_LANGINFO_ERA=''
HAVE_LANGINFO_H=''
HAVE_LCHMOD=''
HAVE_LCHOWN=''
HAVE_LINK=''
HAVE_LINKAT=''
HAVE_LONG_LONG_INT=''
HAVE_LSTAT=''
HAVE_MALLOC_POSIX=''
HAVE_MBRLEN=''
HAVE_MBRTOWC=''
HAVE_MBSINIT=''
HAVE_MBSLEN=''
HAVE_MBSNRTOWCS=''
HAVE_MBSRTOWCS=''
HAVE_MEMPCPY=''
HAVE_MKDIRAT=''
HAVE_MKDTEMP=''
HAVE_MKFIFO=''
HAVE_MKFIFOAT=''
HAVE_MKNOD=''
HAVE_MKNODAT=''
HAVE_MKOSTEMP=''
HAVE_MKOSTEMPS=''
HAVE_MKSTEMPS=''
HAVE_NL_LANGINFO=''
HAVE_OPENAT=''
HAVE_OS_H=''
HAVE_PIPE2=''
HAVE_PREAD=''
HAVE_RANDOM_H=''
HAVE_RANDOM_R=''
HAVE_RAWMEMCHR=''
HAVE_READLINK=''
HAVE_READLINKAT=''
HAVE_REALLOC_POSIX=''
HAVE_REALPATH=''
HAVE_RPMATCH=''
HAVE_SCANDIR=''
HAVE_SETENV=''
HAVE_SIGNED_SIG_ATOMIC_T=''
HAVE_SIGNED_WCHAR_T=''
HAVE_SIGNED_WINT_T=''
HAVE_SLEEP=''
HAVE_STDINT_H=''
HAVE_STPCPY=''
HAVE_STPNCPY=''
HAVE_STRCASESTR=''
HAVE_STRCHRNUL=''
HAVE_STRPBRK=''
HAVE_STRSEP=''
HAVE_STRTOD=''
HAVE_STRTOLL=''
HAVE_STRTOULL=''
HAVE_STRUCT_RANDOM_DATA=''
HAVE_STRVERSCMP=''
HAVE_SYMLINK=''
HAVE_SYMLINKAT=''
HAVE_SYS_BITYPES_H=''
HAVE_SYS_INTTYPES_H=''
HAVE_SYS_LOADAVG_H=''
HAVE_SYS_PARAM_H=''
HAVE_SYS_TYPES_H=''
HAVE_UNISTD_H=''
HAVE_UNLINKAT=''
HAVE_UNSETENV=''
HAVE_UNSIGNED_LONG_LONG_INT=''
HAVE_USLEEP=''
HAVE_UTIMENSAT=''
HAVE_WCHAR_H=''
HAVE_WCHAR_T=''
HAVE_WCRTOMB=''
HAVE_WCSNRTOMBS=''
HAVE_WCSRTOMBS=''
HAVE_WCTYPE_H=''
HAVE_WINT_T=''
HAVE_XLOCALE_H=''
HAVE__BOOL=''
INCLUDE_NEXT=''
INCLUDE_NEXT_AS_FIRST_DIRECTIVE=''
INSTALL_DATA='${INSTALL} -m 644'
INSTALL_PROGRAM='${INSTALL}'
INSTALL_SCRIPT='${INSTALL}'
INSTALL_STRIP_PROGRAM='$(install_sh) -c -s'
INT32_MAX_LT_INTMAX_MAX=''
INT64_MAX_EQ_LONG_MAX=''
INTLLIBS=''
INTL_MACOSX_LIBS=''
LDFLAGS=''
LIBGREPUTILS_LIBDEPS=''
LIBGREPUTILS_LTLIBDEPS=''
LIBICONV=''
LIBINTL=''
LIBOBJS=''
LIBS=''
LIBTESTS_LIBDEPS=''
LOCALCHARSET_TESTS_ENVIRONMENT=''
LOCALE_FR=''
LOCALE_FR_UTF8=''
LOCALE_JA=''
LOCALE_TR_UTF8=''
LOCALE_ZH_CN=''
LTLIBICONV=''
LTLIBINTL=''
LTLIBOBJS=''
MAKEINFO='${SHELL} /home/test/Builds/apps1/prof_apps/grep/instrumented/build-aux/missing --run makeinfo'
MKDIR_P='/bin/mkdir -p'
MSGFMT=''
MSGFMT_015=''
MSGMERGE=''
NEXT_AS_FIRST_DIRECTIVE_DIRENT_H=''
NEXT_AS_FIRST_DIRECTIVE_ERRNO_H=''
NEXT_AS_FIRST_DIRECTIVE_FCNTL_H=''
NEXT_AS_FIRST_DIRECTIVE_GETOPT_H=''
NEXT_AS_FIRST_DIRECTIVE_INTTYPES_H=''
NEXT_AS_FIRST_DIRECTIVE_LANGINFO_H=''
NEXT_AS_FIRST_DIRECTIVE_LOCALE_H=''
NEXT_AS_FIRST_DIRECTIVE_STDDEF_H=''
NEXT_AS_FIRST_DIRECTIVE_STDINT_H=''
NEXT_AS_FIRST_DIRECTIVE_STDLIB_H=''
NEXT_AS_FIRST_DIRECTIVE_STRING_H=''
NEXT_AS_FIRST_DIRECTIVE_SYS_STAT_H=''
NEXT_AS_FIRST_DIRECTIVE_TIME_H=''
NEXT_AS_FIRST_DIRECTIVE_UNISTD_H=''
NEXT_AS_FIRST_DIRECTIVE_WCHAR_H=''
NEXT_AS_FIRST_DIRECTIVE_WCTYPE_H=''
NEXT_DIRENT_H=''
NEXT_ERRNO_H=''
NEXT_FCNTL_H=''
NEXT_GETOPT_H=''
NEXT_INTTYPES_H=''
NEXT_LANGINFO_H=''
NEXT_LOCALE_H=''
NEXT_STDDEF_H=''
NEXT_STDINT_H=''
NEXT_STDLIB_H=''
NEXT_STRING_H=''
NEXT_SYS_STAT_H=''
NEXT_TIME_H=''
NEXT_UNISTD_H=''
NEXT_WCHAR_H=''
NEXT_WCTYPE_H=''
OBJEXT=''
PACKAGE='grep'
PACKAGE_BUGREPORT='bug-grep@gnu.org'
PACKAGE_NAME='GNU grep'
PACKAGE_STRING='GNU grep 2.6.1-dirty'
PACKAGE_TARNAME='grep'
PACKAGE_URL='http://www.gnu.org/software/grep/'
PACKAGE_VERSION='2.6.1-dirty'
PATH_SEPARATOR=':'
PCRE_CFLAGS=''
PCRE_LIBS=''
PKG_CONFIG=''
POSUB=''
PRAGMA_SYSTEM_HEADER=''
PRIPTR_PREFIX=''
PRI_MACROS_BROKEN=''
PTRDIFF_T_SUFFIX=''
RANLIB=''
REPLACE_BTOWC=''
REPLACE_CANONICALIZE_FILE_NAME=''
REPLACE_CHOWN=''
REPLACE_CLOSE=''
REPLACE_CLOSEDIR=''
REPLACE_DUP2=''
REPLACE_DUP=''
REPLACE_DUPLOCALE=''
REPLACE_FCHDIR=''
REPLACE_FCHOWNAT=''
REPLACE_FCNTL=''
REPLACE_FDOPENDIR=''
REPLACE_FSTAT=''
REPLACE_FSTATAT=''
REPLACE_FUTIMENS=''
REPLACE_GETCWD=''
REPLACE_GETGROUPS=''
REPLACE_GETPAGESIZE=''
REPLACE_ISWCNTRL=''
REPLACE_LCHOWN=''
REPLACE_LINK=''
REPLACE_LINKAT=''
REPLACE_LOCALTIME_R=''
REPLACE_LSEEK=''
REPLACE_LSTAT=''
REPLACE_MBRLEN=''
REPLACE_MBRTOWC=''
REPLACE_MBSINIT=''
REPLACE_MBSNRTOWCS=''
REPLACE_MBSRTOWCS=''
REPLACE_MBSTATE_T=''
REPLACE_MEMCHR=''
REPLACE_MEMMEM=''
REPLACE_MKDIR=''
REPLACE_MKFIFO=''
REPLACE_MKNOD=''
REPLACE_MKSTEMP=''
REPLACE_MKTIME=''
REPLACE_NANOSLEEP=''
REPLACE_NL_LANGINFO=''
REPLACE_NULL=''
REPLACE_OPEN=''
REPLACE_OPENAT=''
REPLACE_OPENDIR=''
REPLACE_PREAD=''
REPLACE_PUTENV=''
REPLACE_READLINK=''
REPLACE_REALPATH=''
REPLACE_RMDIR=''
REPLACE_SETENV=''
REPLACE_SLEEP=''
REPLACE_STAT=''
REPLACE_STRCASESTR=''
REPLACE_STRDUP=''
REPLACE_STRERROR=''
REPLACE_STRNDUP=''
REPLACE_STRPTIME=''
REPLACE_STRSIGNAL=''
REPLACE_STRSTR=''
REPLACE_STRTOD=''
REPLACE_STRTOK_R=''
REPLACE_SYMLINK=''
REPLACE_TIMEGM=''
REPLACE_UNLINK=''
REPLACE_UNLINKAT=''
REPLACE_UNSETENV=''
REPLACE_USLEEP=''
REPLACE_UTIMENSAT=''
REPLACE_WCRTOMB=''
REPLACE_WCSNRTOMBS=''
REPLACE_WCSRTOMBS=''
REPLACE_WCTOB=''
REPLACE_WCWIDTH=''
REPLACE_WRITE=''
SET_MAKE=''
SHELL='/bin/bash'
SIG_ATOMIC_T_SUFFIX=''
SIZE_T_SUFFIX=''
STDBOOL_H=''
STDDEF_H=''
STDINT_H=''
STRIP=''
SYS_TIME_H_DEFINES_STRUCT_TIMESPEC=''
TIME_H_DEFINES_STRUCT_TIMESPEC=''
UINT32_MAX_LT_UINTMAX_MAX=''
UINT64_MAX_EQ_ULONG_MAX=''
UNDEFINE_STRTOK_R=''
UNISTD_H_HAVE_WINSOCK2_H=''
UNISTD_H_HAVE_WINSOCK2_H_AND_USE_SOCKETS=''
USE_NLS=''
VERSION='2.6.1-dirty'
WARN_CFLAGS=''
WCHAR_T_SUFFIX=''
WERROR_CFLAGS=''
WINT_T_SUFFIX=''
XGETTEXT=''
XGETTEXT_015=''
XGETTEXT_EXTRA_OPTIONS=''
abs_aux_dir=''
ac_ct_CC='icc libdynprof.a libzca-toggle.a'
am__EXEEXT_FALSE=''
am__EXEEXT_TRUE=''
am__fastdepCC_FALSE=''
am__fastdepCC_TRUE=''
am__fastdepCXX_FALSE=''
am__fastdepCXX_TRUE=''
am__include=''
am__isrc=''
am__leading_dot='.'
am__nodep=''
am__quote=''
am__tar='${AMTAR} chof - "$$tardir"'
am__untar='${AMTAR} xf -'
bindir='${exec_prefix}/bin'
build='x86_64-unknown-linux-gnu'
build_alias=''
build_cpu='x86_64'
build_os='linux-gnu'
build_vendor='unknown'
datadir='${datarootdir}'
datarootdir='${prefix}/share'
docdir='${datarootdir}/doc/${PACKAGE_TARNAME}'
dvidir='${docdir}'
exec_prefix='NONE'
gl_LIBOBJS=''
gl_LTLIBOBJS=''
gltests_LIBOBJS=''
gltests_LTLIBOBJS=''
host='x86_64-unknown-linux-gnu'
host_alias=''
host_cpu='x86_64'
host_os='linux-gnu'
host_vendor='unknown'
htmldir='${docdir}'
includedir='${prefix}/include'
infodir='${datarootdir}/info'
install_sh='${SHELL} /home/test/Builds/apps1/prof_apps/grep/instrumented/build-aux/install-sh'
libdir='${exec_prefix}/lib'
libexecdir='${exec_prefix}/libexec'
localedir='${datarootdir}/locale'
localstatedir='${prefix}/var'
mandir='${datarootdir}/man'
mkdir_p='/bin/mkdir -p'
oldincludedir='/usr/include'
pdfdir='${docdir}'
prefix='/home/test/Builds/apps1/prof_apps/grep/instrumented/bin'
program_transform_name='s,x,x,'
psdir='${docdir}'
sbindir='${exec_prefix}/sbin'
sharedstatedir='${prefix}/com'
sysconfdir='${prefix}/etc'
target_alias=''

## ----------- ##
## confdefs.h. ##
## ----------- ##

/* confdefs.h */
#define PACKAGE_NAME "GNU grep"
#define PACKAGE_TARNAME "grep"
#define PACKAGE_VERSION "2.6.1-dirty"
#define PACKAGE_STRING "GNU grep 2.6.1-dirty"
#define PACKAGE_BUGREPORT "bug-grep@gnu.org"
#define PACKAGE_URL "http://www.gnu.org/software/grep/"
#define GREP 1
#define PACKAGE "grep"
#define VERSION "2.6.1-dirty"

configure: exit 77
