dct_luma_16x16                          ,8925           ,13395          ,54600          ,16477.4        
dct_luma                                ,1530287        ,609            ,81655          ,883.0          
dct_chroma                              ,54708          ,3003           ,105168         ,3774.0         
intrapred_luma_16x16                    ,8925           ,1797           ,77349          ,4189.4         
intrapred_luma                          ,142800         ,525            ,40596          ,927.7          
Configure                               ,1              ,3336863        ,3336863        ,3336863.0      
ParseContent                            ,1              ,442771         ,442771         ,442771.0       
PatchInp                                ,1              ,151697         ,151697         ,151697.0       
start_sequence                          ,1              ,1566385        ,1566385        ,1566385.0      
terminate_sequence                      ,1              ,1584532        ,1584532        ,1584532.0      
FmoStartPicture                         ,25             ,4281           ,5361           ,4607.8         
FmoGetFirstMBOfSliceGroup               ,200            ,396            ,1839           ,698.6          
FmoGetNextMBNr                          ,2500           ,114            ,46512          ,467.5          
FmoGetPreviousMBNr                      ,7375           ,48             ,16782          ,169.9          
FmoSliceGroupCompletelyCoded            ,50             ,183            ,2532           ,822.7          
FmoInit                                 ,25             ,1959           ,4797           ,3188.0         
SliceHeader                             ,25             ,3030           ,7803           ,4063.1         
ref_pic_list_reordering                 ,25             ,495            ,1869           ,1128.4         
dec_ref_pic_marking                     ,25             ,429            ,2115           ,996.0          
encode_one_frame                        ,25             ,219921498      ,1977750540     ,1566969700.1   
ReadOneFrame                            ,25             ,610710         ,690567         ,640983.2       
buf2img                                 ,75             ,95457          ,457059         ,197328.2       
GenerateFullPelRepresentation           ,25             ,404562         ,506199         ,417822.2       
init_frame                              ,25             ,1698           ,10395          ,3091.0         
RandomIntraInit                         ,1              ,32124          ,32124          ,32124.0        
init_global_buffers                     ,1              ,149436         ,149436         ,149436.0       
init_orig_buffers                       ,1              ,74421          ,74421          ,74421.0        
free_picture                            ,1              ,3661           ,3661           ,3661.0         
free_global_buffers                     ,1              ,114132         ,114132         ,114132.0       
free_orig_planes                        ,1              ,4638           ,4638           ,4638.0         
free_img                                ,1              ,502800         ,502800         ,502800.0       
init_img                                ,1              ,1743231        ,1743231        ,1743231.0      
DeblockFrame                            ,25             ,2914944        ,4675476        ,3487620.1      
DeblockMb                               ,2475           ,15570          ,5912892        ,38792.6        
EdgeLoop                                ,19068          ,1728           ,39915          ,2428.6         
GetStrength                             ,19300          ,1092           ,33708          ,2153.5         
start_macroblock                        ,2475           ,2004           ,41400          ,3211.7         
terminate_macroblock                    ,2475           ,882            ,16956          ,1386.5         
OneComponentLumaPrediction4x4           ,304128         ,246            ,36216          ,332.0          
LumaResidualCoding8x8                   ,76032          ,1587           ,42699          ,5013.4         
LumaResidualCoding                      ,9504           ,9309           ,72069          ,18022.4        
LumaPrediction4x4                       ,304128         ,321            ,36093          ,435.8          
ChromaPrediction4x4                     ,237840         ,96             ,120987         ,957.0          
ChromaResidualCoding                    ,29730          ,8352           ,152991         ,15540.7        
IntraChromaPrediction                   ,2475           ,2286           ,25833          ,4938.0         
write_one_macroblock                    ,2475           ,873            ,47229          ,6577.9         
writeMBLayer                            ,29829          ,387            ,166809         ,15752.1        
writeChromaCoeff                        ,29332          ,60             ,51000          ,1505.4         
writeChromaIntraPredMode                ,17967          ,144            ,8679           ,331.0          
writeMotionInfo2NAL                     ,29332          ,75             ,37125          ,898.0          
writeReferenceFrame                     ,55808          ,63             ,17295          ,343.3          
writeMotionVector8x8                    ,63308          ,279            ,36369          ,940.4          
writeCBPandLumaCoeff                    ,29332          ,312            ,177381         ,12711.3        
writeLumaCoeff8x8                       ,46320          ,2130           ,46905          ,4338.6         
writeCoeff4x4_CAVLC                     ,1645597        ,390            ,110301         ,1197.8         
find_sad_16x16                          ,8925           ,3366           ,121392         ,8885.8         
free_dpb                                ,1              ,9603           ,9603           ,9603.0         
alloc_storable_picture                  ,25             ,122892         ,365817         ,249675.7       
store_picture_in_dpb                    ,25             ,28419447       ,29734920       ,29238171.0     
output_one_frame_from_dpb               ,25             ,29574          ,59118          ,46426.8        
idr_memory_management                   ,1              ,5853           ,5853           ,5853.0         
flush_dpb                               ,2              ,2364           ,3291135        ,1646749.5      
unmark_for_reference                    ,31             ,182            ,969607         ,161786.1       
sliding_window_memory_management        ,24             ,435            ,584031         ,186808.2       
insert_picture_in_dpb                   ,25             ,28705068       ,30206259       ,29601685.7     
alloc_colocated                         ,1              ,228991         ,228991         ,228991.0       
free_colocated                          ,1              ,1315521        ,1315521        ,1315521.0      
Clear_Motion_Search_Module              ,1              ,532632         ,532632         ,532632.0       
FindSkipModeMotionVector                ,2376           ,1056           ,19722          ,2170.0         
SetMotionVectorPredictor                ,812458         ,231            ,41304          ,469.4          
PartitionMotionSearch                   ,49896          ,10974          ,16669073       ,644955.1       
BlockMotionSearch                       ,791505         ,3966           ,10622169       ,40467.8        
SubPelBlockMotionSearch                 ,791505         ,567            ,134100         ,10791.6        
sign                                    ,9810694        ,51             ,129816         ,83.0           
Init_Motion_Search_Module               ,1              ,9571299        ,9571299        ,9571299.0      
AllocNalPayloadBuffer                   ,1              ,133070         ,133070         ,133070.0       
RBSPtoNALU                              ,2              ,564            ,4425           ,2494.5         
init_out_buffer                         ,1              ,5193           ,5193           ,5193.0         
GenerateParameterSets                   ,1              ,156309         ,156309         ,156309.0       
GenerateSequenceParameterSet            ,1              ,146670         ,146670         ,146670.0       
FreeParameterSets                       ,1              ,2232           ,2232           ,2232.0         
GenerateSeq_parameter_set_NALU          ,1              ,60300          ,60300          ,60300.0        
GenerateSeq_parameter_set_rbsp          ,1              ,23115          ,23115          ,23115.0        
GeneratePic_parameter_set_NALU          ,1              ,32466          ,32466          ,32466.0        
GeneratePic_parameter_set_rbsp          ,1              ,6711           ,6711           ,6711.0         
clear_rdopt                             ,1              ,28395          ,28395          ,28395.0        
encode_one_macroblock                   ,2475           ,764634         ,34611334       ,15250007.4     
RDCost_for_macroblocks                  ,29730          ,31815          ,7147161        ,171597.6       
Mode_Decision_for_Intra4x4Macroblock    ,8925           ,257712         ,893193         ,400432.6       
RDCost_for_8x8blocks                    ,38016          ,5514           ,53190          ,8654.9         
Mode_Decision_for_4x4IntraBlocks        ,142800         ,6723           ,4662993        ,25701.9        
set_stored_macroblock_parameters        ,2475           ,4704           ,26304          ,7612.8         
init_rdopt                              ,1              ,77802          ,77802          ,77802.0        
delete_coding_state                     ,7              ,198            ,2715           ,612.0          
FastLine16Y_11                          ,269932720      ,42             ,2622555        ,64.3           
UMVLine16Y_11                           ,66437600       ,48             ,112719         ,86.2           
FastPelY_14                             ,543503824      ,45             ,2172975        ,66.7           
CloseSEIMessages                        ,1              ,9111           ,9111           ,9111.0         
encode_one_slice                        ,25             ,185624304      ,1909438470     ,1514403265.0   
dct_luma_16x16                          ,8925           ,13245          ,110913         ,16420.4        
dct_luma                                ,1530287        ,600            ,149526         ,876.4          
dct_chroma                              ,54708          ,3039           ,108498         ,3758.9         
intrapred_luma_16x16                    ,8925           ,1800           ,40422          ,4290.1         
intrapred_luma                          ,142800         ,513            ,93069          ,927.3          
Configure                               ,1              ,1378729        ,1378729        ,1378729.0      
ParseContent                            ,1              ,510503         ,510503         ,510503.0       
PatchInp                                ,1              ,148099         ,148099         ,148099.0       
start_sequence                          ,1              ,1553566        ,1553566        ,1553566.0      
terminate_sequence                      ,1              ,1527339        ,1527339        ,1527339.0      
FmoStartPicture                         ,25             ,4296           ,6249           ,4666.0         
FmoGetFirstMBOfSliceGroup               ,200            ,510            ,2007           ,690.2          
FmoGetNextMBNr                          ,2500           ,114            ,17172          ,511.3          
FmoGetPreviousMBNr                      ,7375           ,48             ,1704           ,170.5          
FmoSliceGroupCompletelyCoded            ,50             ,246            ,1488           ,752.3          
FmoInit                                 ,25             ,1971           ,5745           ,3366.7         
SliceHeader                             ,25             ,3096           ,8616           ,4576.6         
ref_pic_list_reordering                 ,25             ,495            ,2037           ,1017.1         
dec_ref_pic_marking                     ,25             ,435            ,1767           ,815.4          
encode_one_frame                        ,25             ,222696066      ,1939299972     ,1552482688.1   
ReadOneFrame                            ,25             ,607962         ,686895         ,639216.4       
buf2img                                 ,75             ,95418          ,398688         ,195525.4       
GenerateFullPelRepresentation           ,25             ,404517         ,528990         ,423857.3       
init_frame                              ,25             ,1689           ,9171           ,2809.0         
RandomIntraInit                         ,1              ,33774          ,33774          ,33774.0        
init_global_buffers                     ,1              ,94845          ,94845          ,94845.0        
init_orig_buffers                       ,1              ,72060          ,72060          ,72060.0        
free_picture                            ,1              ,3750           ,3750           ,3750.0         
free_global_buffers                     ,1              ,95802          ,95802          ,95802.0        
free_orig_planes                        ,1              ,6957           ,6957           ,6957.0         
free_img                                ,1              ,513912         ,513912         ,513912.0       
init_img                                ,1              ,1731975        ,1731975        ,1731975.0      
DeblockFrame                            ,25             ,2969040        ,4705767        ,3507703.3      
DeblockMb                               ,2475           ,15537          ,240441         ,35665.5        
EdgeLoop                                ,19068          ,1704           ,179667         ,2467.1         
GetStrength                             ,19300          ,1095           ,102780         ,2168.1         
start_macroblock                        ,2475           ,1989           ,76695          ,3244.8         
terminate_macroblock                    ,2475           ,966            ,18528          ,1398.7         
OneComponentLumaPrediction4x4           ,304128         ,246            ,37479          ,332.5          
LumaResidualCoding8x8                   ,76032          ,1572           ,124911         ,5045.5         
LumaResidualCoding                      ,9504           ,9285           ,121854         ,18052.2        
LumaPrediction4x4                       ,304128         ,315            ,100959         ,436.1          
ChromaPrediction4x4                     ,237840         ,96             ,103464         ,955.9          
ChromaResidualCoding                    ,29730          ,8382           ,65037          ,15659.4        
IntraChromaPrediction                   ,2475           ,2289           ,75984          ,4819.0         
write_one_macroblock                    ,2475           ,918            ,82695          ,6601.3         
writeMBLayer                            ,29829          ,414            ,154236         ,15797.8        
writeChromaCoeff                        ,29332          ,57             ,108567         ,1517.3         
writeChromaIntraPredMode                ,17967          ,168            ,17442          ,327.9          
writeMotionInfo2NAL                     ,29332          ,75             ,129891         ,884.5          
writeReferenceFrame                     ,55808          ,60             ,31617          ,332.4          
writeMotionVector8x8                    ,63308          ,264            ,35526          ,924.4          
writeCBPandLumaCoeff                    ,29332          ,315            ,136749         ,12660.7        
writeLumaCoeff8x8                       ,46320          ,2145           ,52710          ,4432.4         
writeCoeff4x4_CAVLC                     ,1645597        ,393            ,94236          ,1201.6         
find_sad_16x16                          ,8925           ,3336           ,45744          ,8907.7         
free_dpb                                ,1              ,10656          ,10656          ,10656.0        
alloc_storable_picture                  ,25             ,123387         ,536942         ,252815.1       
store_picture_in_dpb                    ,25             ,28335732       ,30405618       ,29258039.4     
output_one_frame_from_dpb               ,25             ,22164          ,55356          ,45339.8        
idr_memory_management                   ,1              ,6624           ,6624           ,6624.0         
flush_dpb                               ,2              ,2292           ,3100089        ,1551190.5      
unmark_for_reference                    ,31             ,189            ,1283830        ,193795.3       
sliding_window_memory_management        ,24             ,387            ,454338         ,168878.5       
insert_picture_in_dpb                   ,25             ,28587636       ,30279699       ,29126092.7     
alloc_colocated                         ,1              ,120603         ,120603         ,120603.0       
free_colocated                          ,1              ,1155330        ,1155330        ,1155330.0      
Clear_Motion_Search_Module              ,1              ,871449         ,871449         ,871449.0       
FindSkipModeMotionVector                ,2376           ,1014           ,19818          ,2387.2         
SetMotionVectorPredictor                ,812458         ,231            ,129375         ,468.0          
PartitionMotionSearch                   ,49896          ,11079          ,15179121       ,645779.2       
BlockMotionSearch                       ,791505         ,4122           ,6793495        ,40730.9        
SubPelBlockMotionSearch                 ,791505         ,555            ,2942610        ,10792.5        
sign                                    ,9810694        ,45             ,41526          ,75.6           
Init_Motion_Search_Module               ,1              ,9531678        ,9531678        ,9531678.0      
AllocNalPayloadBuffer                   ,1              ,88782          ,88782          ,88782.0        
RBSPtoNALU                              ,2              ,1020           ,4329           ,2674.5         
init_out_buffer                         ,1              ,4767           ,4767           ,4767.0         
GenerateParameterSets                   ,1              ,267204         ,267204         ,267204.0       
GenerateSequenceParameterSet            ,1              ,135780         ,135780         ,135780.0       
FreeParameterSets                       ,1              ,2745           ,2745           ,2745.0         
GenerateSeq_parameter_set_NALU          ,1              ,58476          ,58476          ,58476.0        
GenerateSeq_parameter_set_rbsp          ,1              ,19026          ,19026          ,19026.0        
GeneratePic_parameter_set_NALU          ,1              ,35598          ,35598          ,35598.0        
GeneratePic_parameter_set_rbsp          ,1              ,5628           ,5628           ,5628.0         
clear_rdopt                             ,1              ,29493          ,29493          ,29493.0        
encode_one_macroblock                   ,2475           ,726717         ,32786423       ,15347680.4     
RDCost_for_macroblocks                  ,29730          ,31899          ,11974206       ,171933.9       
Mode_Decision_for_Intra4x4Macroblock    ,8925           ,259212         ,811804         ,405156.9       
RDCost_for_8x8blocks                    ,38016          ,5544           ,137565         ,8573.8         
Mode_Decision_for_4x4IntraBlocks        ,142800         ,6756           ,10680499       ,25242.0        
set_stored_macroblock_parameters        ,2475           ,4776           ,82278          ,7547.1         
init_rdopt                              ,1              ,70980          ,70980          ,70980.0        
delete_coding_state                     ,7              ,207            ,2493           ,591.4          
FastLine16Y_11                          ,269932720      ,42             ,103317         ,63.7           
UMVLine16Y_11                           ,66437600       ,48             ,237111         ,85.0           
FastPelY_14                             ,543503824      ,45             ,6061179        ,66.7           
CloseSEIMessages                        ,1              ,12483          ,12483          ,12483.0        
encode_one_slice                        ,25             ,183853131      ,1939606914     ,1529034993.1   
dct_luma_16x16                          ,8925           ,13212          ,164451         ,16344.5        
dct_luma                                ,1530287        ,609            ,132678         ,875.0          
dct_chroma                              ,54708          ,3009           ,7953938        ,3857.6         
intrapred_luma_16x16                    ,8925           ,1815           ,78390          ,4296.7         
intrapred_luma                          ,142800         ,516            ,36486          ,932.6          
Configure                               ,1              ,1369905        ,1369905        ,1369905.0      
ParseContent                            ,1              ,444913         ,444913         ,444913.0       
PatchInp                                ,1              ,192003         ,192003         ,192003.0       
start_sequence                          ,1              ,1767800        ,1767800        ,1767800.0      
terminate_sequence                      ,1              ,1367262        ,1367262        ,1367262.0      
FmoStartPicture                         ,25             ,4374           ,5448           ,4878.1         
FmoGetFirstMBOfSliceGroup               ,200            ,405            ,1884           ,712.8          
FmoGetNextMBNr                          ,2500           ,114            ,1917           ,526.8          
FmoGetPreviousMBNr                      ,7375           ,48             ,16974          ,171.0          
FmoSliceGroupCompletelyCoded            ,50             ,183            ,1922           ,576.5          
FmoInit                                 ,25             ,1998           ,5685           ,3582.0         
SliceHeader                             ,25             ,3021           ,9132           ,4642.8         
ref_pic_list_reordering                 ,25             ,498            ,2139           ,1223.6         
dec_ref_pic_marking                     ,25             ,576            ,1908           ,986.2          
encode_one_frame                        ,25             ,229090323      ,1980542910     ,1560706749.0   
ReadOneFrame                            ,25             ,603942         ,804414         ,648857.3       
buf2img                                 ,75             ,95505          ,430572         ,196204.6       
GenerateFullPelRepresentation           ,25             ,404409         ,428805         ,409836.5       
init_frame                              ,25             ,1659           ,9813           ,3352.8         
RandomIntraInit                         ,1              ,60480          ,60480          ,60480.0        
init_global_buffers                     ,1              ,83973          ,83973          ,83973.0        
init_orig_buffers                       ,1              ,66534          ,66534          ,66534.0        
free_picture                            ,1              ,3507           ,3507           ,3507.0         
free_global_buffers                     ,1              ,117993         ,117993         ,117993.0       
free_orig_planes                        ,1              ,3882           ,3882           ,3882.0         
free_img                                ,1              ,646584         ,646584         ,646584.0       
init_img                                ,1              ,1794432        ,1794432        ,1794432.0      
DeblockFrame                            ,25             ,2863842        ,4579821        ,3468378.4      
DeblockMb                               ,2475           ,15573          ,120063         ,35576.6        
EdgeLoop                                ,19068          ,1719           ,38238          ,2417.1         
GetStrength                             ,19300          ,1119           ,94824          ,2277.2         
start_macroblock                        ,2475           ,2001           ,77079          ,3250.2         
terminate_macroblock                    ,2475           ,969            ,19851          ,1405.4         
OneComponentLumaPrediction4x4           ,304128         ,246            ,102042         ,329.0          
LumaResidualCoding8x8                   ,76032          ,1542           ,77193          ,5052.0         
LumaResidualCoding                      ,9504           ,9210           ,173802         ,18099.9        
LumaPrediction4x4                       ,304128         ,318            ,130362         ,437.5          
ChromaPrediction4x4                     ,237840         ,99             ,124572         ,964.9          
ChromaResidualCoding                    ,29730          ,8559           ,126567         ,15694.7        
IntraChromaPrediction                   ,2475           ,2313           ,21966          ,4775.9         
write_one_macroblock                    ,2475           ,954            ,78057          ,6571.2         
writeMBLayer                            ,29829          ,432            ,7973064        ,16067.7        
writeChromaCoeff                        ,29332          ,69             ,129420         ,1500.9         
writeChromaIntraPredMode                ,17967          ,144            ,36273          ,331.2          
writeMotionInfo2NAL                     ,29332          ,75             ,38985          ,877.7          
writeReferenceFrame                     ,55808          ,63             ,100644         ,330.4          
writeMotionVector8x8                    ,63308          ,270            ,36276          ,924.2          
writeCBPandLumaCoeff                    ,29332          ,315            ,162354         ,12788.8        
writeLumaCoeff8x8                       ,46320          ,2148           ,131691         ,4385.7         
writeCoeff4x4_CAVLC                     ,1645597        ,390            ,7674840        ,1195.4         
find_sad_16x16                          ,8925           ,3357           ,54387          ,8878.5         
free_dpb                                ,1              ,6798           ,6798           ,6798.0         
alloc_storable_picture                  ,25             ,125007         ,335769         ,242835.1       
store_picture_in_dpb                    ,25             ,28435122       ,41077449       ,29876787.7     
output_one_frame_from_dpb               ,25             ,24501          ,53100          ,42524.4        
idr_memory_management                   ,1              ,6081           ,6081           ,6081.0         
flush_dpb                               ,2              ,1932           ,3665487        ,1833709.5      
unmark_for_reference                    ,31             ,182            ,1272077        ,176524.0       
sliding_window_memory_management        ,24             ,462            ,534759         ,172168.0       
insert_picture_in_dpb                   ,25             ,28275444       ,30161226       ,28975987.9     
alloc_colocated                         ,1              ,134421         ,134421         ,134421.0       
free_colocated                          ,1              ,967863         ,967863         ,967863.0       
Clear_Motion_Search_Module              ,1              ,653289         ,653289         ,653289.0       
FindSkipModeMotionVector                ,2376           ,972            ,19359          ,2107.7         
SetMotionVectorPredictor                ,812458         ,231            ,36555          ,460.7          
PartitionMotionSearch                   ,49896          ,11328          ,16423257       ,644941.3       
BlockMotionSearch                       ,791505         ,4008           ,12419010       ,40602.7        
SubPelBlockMotionSearch                 ,791505         ,576            ,2381096        ,10774.9        
sign                                    ,9810694        ,45             ,147627         ,75.7           
Init_Motion_Search_Module               ,1              ,14805329       ,14805329       ,14805329.0     
AllocNalPayloadBuffer                   ,1              ,82095          ,82095          ,82095.0        
RBSPtoNALU                              ,2              ,990            ,5097           ,3043.5         
init_out_buffer                         ,1              ,4446           ,4446           ,4446.0         
GenerateParameterSets                   ,1              ,156648         ,156648         ,156648.0       
GenerateSequenceParameterSet            ,1              ,221298         ,221298         ,221298.0       
FreeParameterSets                       ,1              ,2283           ,2283           ,2283.0         
GenerateSeq_parameter_set_NALU          ,1              ,57012          ,57012          ,57012.0        
GenerateSeq_parameter_set_rbsp          ,1              ,14727          ,14727          ,14727.0        
GeneratePic_parameter_set_NALU          ,1              ,34203          ,34203          ,34203.0        
GeneratePic_parameter_set_rbsp          ,1              ,5706           ,5706           ,5706.0         
clear_rdopt                             ,1              ,28974          ,28974          ,28974.0        
encode_one_macroblock                   ,2475           ,736134         ,23710374       ,15224747.6     
RDCost_for_macroblocks                  ,29730          ,31878          ,12254784       ,172173.1       
Mode_Decision_for_Intra4x4Macroblock    ,8925           ,258354         ,11619555       ,404082.9       
RDCost_for_8x8blocks                    ,38016          ,5736           ,53037          ,8548.4         
Mode_Decision_for_4x4IntraBlocks        ,142800         ,6672           ,235698         ,25104.6        
set_stored_macroblock_parameters        ,2475           ,4644           ,26094          ,7497.6         
init_rdopt                              ,1              ,71187          ,71187          ,71187.0        
delete_coding_state                     ,7              ,198            ,2853           ,666.9          
FastLine16Y_11                          ,269932720      ,42             ,158835         ,63.8           
UMVLine16Y_11                           ,66437600       ,48             ,1839051        ,84.9           
FastPelY_14                             ,543503824      ,45             ,9530232        ,65.9           
CloseSEIMessages                        ,1              ,9531           ,9531           ,9531.0         
encode_one_slice                        ,25             ,205740561      ,1904897658     ,1510946350.4   
dct_luma_16x16                          ,8925           ,13170          ,119430         ,16226.6        
dct_luma                                ,1530287        ,606            ,141927         ,871.7          
dct_chroma                              ,54708          ,3090           ,124728         ,3778.4         
intrapred_luma_16x16                    ,8925           ,1884           ,22044          ,4287.0         
intrapred_luma                          ,142800         ,513            ,148821         ,915.7          
Configure                               ,1              ,1312690        ,1312690        ,1312690.0      
ParseContent                            ,1              ,655046         ,655046         ,655046.0       
PatchInp                                ,1              ,197197         ,197197         ,197197.0       
start_sequence                          ,1              ,1723834        ,1723834        ,1723834.0      
terminate_sequence                      ,1              ,1722335        ,1722335        ,1722335.0      
FmoStartPicture                         ,25             ,4320           ,6288           ,4812.1         
FmoGetFirstMBOfSliceGroup               ,200            ,390            ,2487           ,681.3          
FmoGetNextMBNr                          ,2500           ,114            ,9865           ,494.8          
FmoGetPreviousMBNr                      ,7375           ,48             ,2184           ,174.1          
FmoSliceGroupCompletelyCoded            ,50             ,195            ,1755           ,592.3          
FmoInit                                 ,25             ,1950           ,5154           ,3783.1         
SliceHeader                             ,25             ,3114           ,8148           ,4766.4         
ref_pic_list_reordering                 ,25             ,492            ,2199           ,1180.9         
dec_ref_pic_marking                     ,25             ,420            ,2022           ,970.3          
encode_one_frame                        ,25             ,221789949      ,1931086269     ,1549631982.5   
ReadOneFrame                            ,25             ,605355         ,742902         ,643537.0       
buf2img                                 ,75             ,95445          ,412374         ,193695.0       
GenerateFullPelRepresentation           ,25             ,404511         ,477099         ,419485.1       
init_frame                              ,25             ,1698           ,8337           ,2625.0         
RandomIntraInit                         ,1              ,130134         ,130134         ,130134.0       
init_global_buffers                     ,1              ,86967          ,86967          ,86967.0        
init_orig_buffers                       ,1              ,74838          ,74838          ,74838.0        
free_picture                            ,1              ,3396           ,3396           ,3396.0         
free_global_buffers                     ,1              ,89085          ,89085          ,89085.0        
free_orig_planes                        ,1              ,7365           ,7365           ,7365.0         
free_img                                ,1              ,640773         ,640773         ,640773.0       
init_img                                ,1              ,1759221        ,1759221        ,1759221.0      
DeblockFrame                            ,25             ,2866833        ,4648689        ,3477629.2      
DeblockMb                               ,2475           ,15513          ,104888         ,35227.2        
EdgeLoop                                ,19068          ,1722           ,101877         ,2430.9         
GetStrength                             ,19300          ,1092           ,149340         ,2177.8         
start_macroblock                        ,2475           ,2085           ,75831          ,3244.1         
terminate_macroblock                    ,2475           ,957            ,37395          ,1383.0         
OneComponentLumaPrediction4x4           ,304128         ,246            ,34227          ,327.1          
LumaResidualCoding8x8                   ,76032          ,1569           ,137016         ,5025.3         
LumaResidualCoding                      ,9504           ,9390           ,221919         ,18115.0        
LumaPrediction4x4                       ,304128         ,318            ,148317         ,425.2          
ChromaPrediction4x4                     ,237840         ,96             ,94554          ,971.0          
ChromaResidualCoding                    ,29730          ,8388           ,63063          ,15558.4        
IntraChromaPrediction                   ,2475           ,2010           ,50460          ,4825.0         
write_one_macroblock                    ,2475           ,984            ,101565         ,6637.2         
writeMBLayer                            ,29829          ,402            ,149256         ,15894.3        
writeChromaCoeff                        ,29332          ,57             ,83628          ,1521.7         
writeChromaIntraPredMode                ,17967          ,138            ,36207          ,330.3          
writeMotionInfo2NAL                     ,29332          ,72             ,76944          ,868.1          
writeReferenceFrame                     ,55808          ,63             ,91953          ,341.2          
writeMotionVector8x8                    ,63308          ,276            ,74316          ,921.0          
writeCBPandLumaCoeff                    ,29332          ,300            ,156051         ,12753.6        
writeLumaCoeff8x8                       ,46320          ,2130           ,43914          ,4383.9         
writeCoeff4x4_CAVLC                     ,1645597        ,387            ,11053332       ,1191.0         
find_sad_16x16                          ,8925           ,3411           ,54150          ,8906.6         
free_dpb                                ,1              ,10857          ,10857          ,10857.0        
alloc_storable_picture                  ,25             ,128643         ,552454         ,266801.7       
store_picture_in_dpb                    ,25             ,28321524       ,29325243       ,28915015.6     
output_one_frame_from_dpb               ,25             ,23079          ,52611          ,44826.4        
idr_memory_management                   ,1              ,8595           ,8595           ,8595.0         
flush_dpb                               ,2              ,2109           ,3333225        ,1667667.0      
unmark_for_reference                    ,31             ,189            ,1187657        ,171169.3       
sliding_window_memory_management        ,24             ,420            ,564492         ,179948.8       
insert_picture_in_dpb                   ,25             ,28267356       ,31558695       ,29253204.8     
alloc_colocated                         ,1              ,129063         ,129063         ,129063.0       
free_colocated                          ,1              ,970026         ,970026         ,970026.0       
Clear_Motion_Search_Module              ,1              ,888291         ,888291         ,888291.0       
FindSkipModeMotionVector                ,2376           ,996            ,75789          ,2406.4         
SetMotionVectorPredictor                ,812458         ,228            ,47799          ,459.8          
PartitionMotionSearch                   ,49896          ,10887          ,19122036       ,646704.3       
BlockMotionSearch                       ,791505         ,3930           ,11769160       ,40812.6        
SubPelBlockMotionSearch                 ,791505         ,555            ,597340         ,10719.2        
sign                                    ,9810694        ,48             ,56367          ,75.1           
Init_Motion_Search_Module               ,1              ,9684912        ,9684912        ,9684912.0      
AllocNalPayloadBuffer                   ,1              ,88332          ,88332          ,88332.0        
RBSPtoNALU                              ,2              ,993            ,5106           ,3049.5         
init_out_buffer                         ,1              ,5202           ,5202           ,5202.0         
GenerateParameterSets                   ,1              ,263683         ,263683         ,263683.0       
GenerateSequenceParameterSet            ,1              ,128556         ,128556         ,128556.0       
FreeParameterSets                       ,1              ,2115           ,2115           ,2115.0         
GenerateSeq_parameter_set_NALU          ,1              ,65775          ,65775          ,65775.0        
GenerateSeq_parameter_set_rbsp          ,1              ,22788          ,22788          ,22788.0        
GeneratePic_parameter_set_NALU          ,1              ,36708          ,36708          ,36708.0        
GeneratePic_parameter_set_rbsp          ,1              ,6435           ,6435           ,6435.0         
clear_rdopt                             ,1              ,30495          ,30495          ,30495.0        
encode_one_macroblock                   ,2475           ,721443         ,23519871       ,15299559.5     
RDCost_for_macroblocks                  ,29730          ,31617          ,839811         ,169977.3       
Mode_Decision_for_Intra4x4Macroblock    ,8925           ,258537         ,891968         ,395210.9       
RDCost_for_8x8blocks                    ,38016          ,5460           ,108519         ,8564.5         
Mode_Decision_for_4x4IntraBlocks        ,142800         ,6696           ,5474832        ,25266.7        
set_stored_macroblock_parameters        ,2475           ,4500           ,132603         ,7468.5         
init_rdopt                              ,1              ,76002          ,76002          ,76002.0        
delete_coding_state                     ,7              ,192            ,2895           ,615.0          
FastLine16Y_11                          ,269932720      ,42             ,201771         ,63.5           
UMVLine16Y_11                           ,66437600       ,48             ,236787         ,85.5           
FastPelY_14                             ,543503824      ,45             ,6158016        ,65.9           
CloseSEIMessages                        ,1              ,12825          ,12825          ,12825.0        
encode_one_slice                        ,25             ,195819192      ,1949458872     ,1522821567.4   
dct_luma_16x16                          ,8925           ,13191          ,119514         ,16301.2        
dct_luma                                ,1530287        ,609            ,1878027        ,881.4          
dct_chroma                              ,54708          ,2988           ,133014         ,3730.7         
intrapred_luma_16x16                    ,8925           ,1764           ,40965          ,4311.3         
intrapred_luma                          ,142800         ,513            ,94074          ,922.9          
Configure                               ,1              ,4489142        ,4489142        ,4489142.0      
ParseContent                            ,1              ,444766         ,444766         ,444766.0       
PatchInp                                ,1              ,266840         ,266840         ,266840.0       
start_sequence                          ,1              ,1724459        ,1724459        ,1724459.0      
terminate_sequence                      ,1              ,1619193        ,1619193        ,1619193.0      
FmoStartPicture                         ,25             ,4281           ,9947           ,4941.1         
FmoGetFirstMBOfSliceGroup               ,200            ,399            ,1953           ,703.2          
FmoGetNextMBNr                          ,2500           ,114            ,2043           ,481.4          
FmoGetPreviousMBNr                      ,7375           ,57             ,2331           ,164.3          
FmoSliceGroupCompletelyCoded            ,50             ,195            ,1509           ,762.4          
FmoInit                                 ,25             ,1893           ,4455           ,2829.2         
SliceHeader                             ,25             ,2913           ,9150           ,4563.0         
ref_pic_list_reordering                 ,25             ,492            ,1599           ,973.4          
dec_ref_pic_marking                     ,25             ,411            ,1749           ,732.5          
encode_one_frame                        ,25             ,223136430      ,1980127020     ,1557047144.3   
ReadOneFrame                            ,25             ,611346         ,675204         ,635428.4       
buf2img                                 ,75             ,95460          ,421281         ,194089.8       
GenerateFullPelRepresentation           ,25             ,404577         ,474567         ,411174.7       
init_frame                              ,25             ,1656           ,10119          ,3056.2         
RandomIntraInit                         ,1              ,33846          ,33846          ,33846.0        
init_global_buffers                     ,1              ,79227          ,79227          ,79227.0        
init_orig_buffers                       ,1              ,72732          ,72732          ,72732.0        
free_picture                            ,1              ,3534           ,3534           ,3534.0         
free_global_buffers                     ,1              ,128142         ,128142         ,128142.0       
free_orig_planes                        ,1              ,3843           ,3843           ,3843.0         
free_img                                ,1              ,531429         ,531429         ,531429.0       
init_img                                ,1              ,1837128        ,1837128        ,1837128.0      
DeblockFrame                            ,25             ,2898468        ,4607487        ,3473321.8      
DeblockMb                               ,2475           ,15492          ,138372         ,35399.9        
EdgeLoop                                ,19068          ,1728           ,88767          ,2430.0         
GetStrength                             ,19300          ,1095           ,102639         ,2162.9         
start_macroblock                        ,2475           ,2157           ,29934          ,3333.5         
terminate_macroblock                    ,2475           ,918            ,45393          ,1389.3         
OneComponentLumaPrediction4x4           ,304128         ,243            ,148653         ,331.8          
LumaResidualCoding8x8                   ,76032          ,1545           ,190119         ,4987.5         
LumaResidualCoding                      ,9504           ,9150           ,57177          ,17998.4        
LumaPrediction4x4                       ,304128         ,318            ,119520         ,428.5          
ChromaPrediction4x4                     ,237840         ,96             ,40098          ,950.0          
ChromaResidualCoding                    ,29730          ,8388           ,110739         ,15378.4        
IntraChromaPrediction                   ,2475           ,2232           ,96870          ,5004.7         
write_one_macroblock                    ,2475           ,918            ,54614          ,6620.6         
writeMBLayer                            ,29829          ,408            ,158271         ,15749.9        
writeChromaCoeff                        ,29332          ,66             ,156204         ,1517.1         
writeChromaIntraPredMode                ,17967          ,144            ,101289         ,330.1          
writeMotionInfo2NAL                     ,29332          ,75             ,73224          ,866.0          
writeReferenceFrame                     ,55808          ,60             ,36798          ,335.3          
writeMotionVector8x8                    ,63308          ,258            ,38157          ,916.8          
writeCBPandLumaCoeff                    ,29332          ,312            ,144294         ,12729.6        
writeLumaCoeff8x8                       ,46320          ,2124           ,130389         ,4357.7         
writeCoeff4x4_CAVLC                     ,1645597        ,393            ,141108         ,1190.1         
find_sad_16x16                          ,8925           ,3297           ,113784         ,8835.9         
free_dpb                                ,1              ,10212          ,10212          ,10212.0        
alloc_storable_picture                  ,25             ,125358         ,389760         ,249729.6       
store_picture_in_dpb                    ,25             ,28624839       ,29681379       ,29270090.6     
output_one_frame_from_dpb               ,25             ,32145          ,76443          ,60932.4        
idr_memory_management                   ,1              ,6255           ,6255           ,6255.0         
flush_dpb                               ,2              ,2679           ,4155894        ,2079286.5      
unmark_for_reference                    ,31             ,189            ,1413205        ,181832.4       
sliding_window_memory_management        ,24             ,435            ,460035         ,169653.2       
insert_picture_in_dpb                   ,25             ,28274787       ,30219231       ,29065052.4     
alloc_colocated                         ,1              ,213584         ,213584         ,213584.0       
free_colocated                          ,1              ,597720         ,597720         ,597720.0       
Clear_Motion_Search_Module              ,1              ,891078         ,891078         ,891078.0       
FindSkipModeMotionVector                ,2376           ,1014           ,19833          ,2393.0         
SetMotionVectorPredictor                ,812458         ,231            ,112995         ,462.3          
PartitionMotionSearch                   ,49896          ,11058          ,14780301       ,639996.0       
BlockMotionSearch                       ,791505         ,4044           ,5607246        ,40703.2        
SubPelBlockMotionSearch                 ,791505         ,564            ,3218618        ,10750.5        
sign                                    ,9810694        ,48             ,277170         ,76.0           
Init_Motion_Search_Module               ,1              ,8993025        ,8993025        ,8993025.0      
AllocNalPayloadBuffer                   ,1              ,137613         ,137613         ,137613.0       
RBSPtoNALU                              ,2              ,828            ,5406           ,3117.0         
init_out_buffer                         ,1              ,4536           ,4536           ,4536.0         
GenerateParameterSets                   ,1              ,166170         ,166170         ,166170.0       
GenerateSequenceParameterSet            ,1              ,125175         ,125175         ,125175.0       
FreeParameterSets                       ,1              ,2082           ,2082           ,2082.0         
GenerateSeq_parameter_set_NALU          ,1              ,60966          ,60966          ,60966.0        
GenerateSeq_parameter_set_rbsp          ,1              ,21828          ,21828          ,21828.0        
GeneratePic_parameter_set_NALU          ,1              ,33693          ,33693          ,33693.0        
GeneratePic_parameter_set_rbsp          ,1              ,6687           ,6687           ,6687.0         
clear_rdopt                             ,1              ,28629          ,28629          ,28629.0        
encode_one_macroblock                   ,2475           ,735288         ,33372363       ,15313718.0     
RDCost_for_macroblocks                  ,29730          ,31869          ,10463955       ,171279.3       
Mode_Decision_for_Intra4x4Macroblock    ,8925           ,264651         ,822241         ,401989.6       
RDCost_for_8x8blocks                    ,38016          ,5496           ,129468         ,8666.2         
Mode_Decision_for_4x4IntraBlocks        ,142800         ,6783           ,139664         ,25669.8        
set_stored_macroblock_parameters        ,2475           ,4635           ,81144          ,7610.8         
init_rdopt                              ,1              ,77160          ,77160          ,77160.0        
delete_coding_state                     ,7              ,192            ,2871           ,606.4          
FastLine16Y_11                          ,269932720      ,42             ,10741668       ,64.0           
UMVLine16Y_11                           ,66437600       ,48             ,143292         ,84.9           
FastPelY_14                             ,543503824      ,45             ,10910112       ,66.5           
CloseSEIMessages                        ,1              ,9765           ,9765           ,9765.0         
encode_one_slice                        ,25             ,186279135      ,1907100525     ,1512738608.8   
