writeChromaIntraPredMode                ,17967          ,117            ,20649          ,253.4          ,               0,               0
dct_luma_16x16                          ,8925           ,13071          ,47655          ,15762.9        ,               0,               0
writeMotionInfo2NAL                     ,29332          ,57             ,21786          ,803.2          ,               0,               0
dct_luma                                ,1530287        ,588            ,40050          ,836.9          ,               0,               0
writeReferenceFrame                     ,55808          ,45             ,18288          ,252.7          ,               0,               0
dct_chroma                              ,54708          ,2949           ,30498          ,3647.9         ,               0,               0
writeMotionVector8x8                    ,63308          ,246            ,35349          ,850.8          ,               0,               0
intrapred_luma_16x16                    ,8925           ,1677           ,29793          ,4131.2         ,               0,               0
writeCBPandLumaCoeff                    ,29332          ,264            ,158175         ,12548.8        ,               0,               0
intrapred_luma                          ,142800         ,480            ,30176          ,941.3          ,               0,               0
writeLumaCoeff8x8                       ,46320          ,2148           ,215700         ,4324.7         ,               0,               0
Configure                               ,1              ,4637946        ,4637946        ,4637946.0      ,               0,               0
writeCoeff4x4_CAVLC                     ,1645597        ,369            ,213075         ,1166.3         ,               0,               0
ParseContent                            ,1              ,250233         ,250233         ,250233.0       ,               0,               0
find_sad_16x16                          ,8925           ,3555           ,165273         ,8884.0         ,               0,               0
PatchInp                                ,1              ,662817         ,662817         ,662817.0       ,               0,               0
free_dpb                                ,1              ,14609          ,14609          ,14609.0        ,               0,               0
start_sequence                          ,1              ,5164258        ,5164258        ,5164258.0      ,               0,               0
terminate_sequence                      ,1              ,1155869        ,1155869        ,1155869.0      ,               0,               0
FmoStartPicture                         ,25             ,4149           ,4866           ,4460.5         ,               0,               0
FmoGetFirstMBOfSliceGroup               ,200            ,270            ,1248           ,634.5          ,               0,               0
FmoGetNextMBNr                          ,2500           ,102            ,1008           ,339.0          ,               0,               0
FmoGetPreviousMBNr                      ,7375           ,39             ,1487114        ,315.5          ,               0,               0
FmoSliceGroupCompletelyCoded            ,50             ,288            ,1122           ,605.0          ,               0,               0
FmoInit                                 ,25             ,1869           ,5436           ,2484.8         ,               0,               0
SliceHeader                             ,25             ,2856           ,5196           ,3765.0         ,               0,               0
ref_pic_list_reordering                 ,25             ,627            ,1899           ,1121.4         ,               0,               0
dec_ref_pic_marking                     ,25             ,354            ,1215           ,618.2          ,               0,               0
encode_one_frame                        ,25             ,221890968      ,1926306756     ,1526706051.5   ,               0,               0
ReadOneFrame                            ,25             ,602238         ,724620         ,632110.4       ,               0,               0
buf2img                                 ,75             ,95418          ,390957         ,191334.2       ,               0,               0
GenerateFullPelRepresentation           ,25             ,404346         ,410793         ,405906.1       ,               0,               0
init_frame                              ,25             ,1686           ,8844           ,3137.5         ,               0,               0
RandomIntraInit                         ,1              ,30936          ,30936          ,30936.0        ,               0,               0
init_global_buffers                     ,1              ,96498          ,96498          ,96498.0        ,               0,               0
init_orig_buffers                       ,1              ,72225          ,72225          ,72225.0        ,               0,               0
free_picture                            ,1              ,2247           ,2247           ,2247.0         ,               0,               0
free_global_buffers                     ,1              ,87645          ,87645          ,87645.0        ,               0,               0
free_orig_planes                        ,1              ,3024           ,3024           ,3024.0         ,               0,               0
free_img                                ,1              ,500628         ,500628         ,500628.0       ,               0,               0
init_img                                ,1              ,1694766        ,1694766        ,1694766.0      ,               0,               0
DeblockFrame                            ,25             ,2863347        ,4623510        ,3483103.4      ,               0,               0
DeblockMb                               ,2475           ,15579          ,78840          ,34670.0        ,               0,               0
EdgeLoop                                ,19068          ,1692           ,29499          ,2352.9         ,               0,               0
GetStrength                             ,19300          ,1071           ,28023          ,2135.0         ,               0,               0
start_macroblock                        ,2475           ,1893           ,26778          ,3086.8         ,               0,               0
terminate_macroblock                    ,2475           ,855            ,3541           ,1305.6         ,               0,               0
OneComponentLumaPrediction4x4           ,304128         ,222            ,26184          ,273.1          ,               0,               0
LumaResidualCoding8x8                   ,76032          ,1521           ,32718          ,4859.3         ,               0,               0
LumaResidualCoding                      ,9504           ,9033           ,51510          ,17798.5        ,               0,               0
LumaPrediction4x4                       ,304128         ,288            ,2841349        ,408.9          ,               0,               0
ChromaPrediction4x4                     ,237840         ,78             ,27894          ,897.2          ,               0,               0
ChromaResidualCoding                    ,29730          ,8472           ,53809          ,15329.4        ,               0,               0
IntraChromaPrediction                   ,2475           ,2121           ,21186          ,4844.2         ,               0,               0
write_one_macroblock                    ,2475           ,852            ,44496          ,6375.8         ,               0,               0
writeMBLayer                            ,29829          ,399            ,128331         ,15461.9        ,               0,               0
writeChromaCoeff                        ,29332          ,48             ,35274          ,1450.2         ,               0,               0
writeChromaIntraPredMode                ,17967          ,117            ,11913          ,245.4          ,               0,               0
writeMotionInfo2NAL                     ,29332          ,60             ,27798          ,777.1          ,               0,               0
writeReferenceFrame                     ,55808          ,42             ,11637          ,249.8          ,               0,               0
writeMotionVector8x8                    ,63308          ,237            ,26982          ,840.6          ,               0,               0
writeCBPandLumaCoeff                    ,29332          ,258            ,107799         ,12411.4        ,               0,               0
writeLumaCoeff8x8                       ,46320          ,2130           ,3490240        ,4300.3         ,               0,               0
writeCoeff4x4_CAVLC                     ,1645597        ,366            ,47616          ,1144.5         ,               0,               0
find_sad_16x16                          ,8925           ,3348           ,35133          ,8735.3         ,               0,               0
free_dpb                                ,1              ,4952           ,4952           ,4952.0         ,               0,               0
alloc_storable_picture                  ,25             ,131058         ,341574         ,246952.2       ,               0,               0
store_picture_in_dpb                    ,25             ,28316736       ,29312766       ,28861465.1     ,               0,               0
output_one_frame_from_dpb               ,25             ,37975          ,66556          ,55328.5        ,               0,               0
idr_memory_management                   ,1              ,7740           ,7740           ,7740.0         ,               0,               0
flush_dpb                               ,2              ,1098           ,3421571        ,1711334.5      ,               0,               0
unmark_for_reference                    ,31             ,98             ,872903         ,126754.6       ,               0,               0
sliding_window_memory_management        ,24             ,435            ,488070         ,138643.8       ,               0,               0
insert_picture_in_dpb                   ,25             ,28314876       ,29253300       ,28697912.9     ,               0,               0
alloc_colocated                         ,1              ,130632         ,130632         ,130632.0       ,               0,               0
free_colocated                          ,1              ,600570         ,600570         ,600570.0       ,               0,               0
Clear_Motion_Search_Module              ,1              ,542784         ,542784         ,542784.0       ,               0,               0
FindSkipModeMotionVector                ,2376           ,858            ,11227          ,2081.4         ,               0,               0
SetMotionVectorPredictor                ,812458         ,213            ,27099          ,413.6          ,               0,               0
PartitionMotionSearch                   ,49896          ,10941          ,19454531       ,637902.6       ,               0,               0
BlockMotionSearch                       ,791505         ,3993           ,4652256        ,40066.2        ,               0,               0
SubPelBlockMotionSearch                 ,791505         ,540            ,3588368        ,10590.6        ,               0,               0
sign                                    ,9810694        ,30             ,27039          ,55.1           ,               0,               0
Init_Motion_Search_Module               ,1              ,9362784        ,9362784        ,9362784.0      ,               0,               0
AllocNalPayloadBuffer                   ,1              ,79587          ,79587          ,79587.0        ,               0,               0
RBSPtoNALU                              ,2              ,1080           ,3699           ,2389.5         ,               0,               0
init_out_buffer                         ,1              ,4560           ,4560           ,4560.0         ,               0,               0
GenerateParameterSets                   ,1              ,150105         ,150105         ,150105.0       ,               0,               0
GenerateSequenceParameterSet            ,1              ,122259         ,122259         ,122259.0       ,               0,               0
FreeParameterSets                       ,1              ,2181           ,2181           ,2181.0         ,               0,               0
GenerateSeq_parameter_set_NALU          ,1              ,66762          ,66762          ,66762.0        ,               0,               0
GenerateSeq_parameter_set_rbsp          ,1              ,17493          ,17493          ,17493.0        ,               0,               0
GeneratePic_parameter_set_NALU          ,1              ,37035          ,37035          ,37035.0        ,               0,               0
GeneratePic_parameter_set_rbsp          ,1              ,5144           ,5144           ,5144.0         ,               0,               0
clear_rdopt                             ,1              ,27810          ,27810          ,27810.0        ,               0,               0
encode_one_macroblock                   ,2475           ,703050         ,37388187       ,15081286.4     ,               0,               0
RDCost_for_macroblocks                  ,29730          ,31515          ,3839324        ,166847.3       ,               0,               0
Mode_Decision_for_Intra4x4Macroblock    ,8925           ,264792         ,741371         ,391570.3       ,               0,               0
RDCost_for_8x8blocks                    ,38016          ,5496           ,40182          ,8366.8         ,               0,               0
Mode_Decision_for_4x4IntraBlocks        ,142800         ,6546           ,87567          ,24282.5        ,               0,               0
set_stored_macroblock_parameters        ,2475           ,4548           ,23300          ,7405.1         ,               0,               0
init_rdopt                              ,1              ,67923          ,67923          ,67923.0        ,               0,               0
delete_coding_state                     ,7              ,195            ,1596           ,487.3          ,               0,               0
FastLine16Y_11                          ,269932720      ,27             ,81504          ,39.7           ,               0,               0
UMVLine16Y_11                           ,66437600       ,33             ,27591          ,63.0           ,               0,               0
FastPelY_14                             ,543503824      ,30             ,3451170        ,41.6           ,               0,               0
CloseSEIMessages                        ,1              ,8912           ,8912           ,8912.0         ,               0,               0
encode_one_slice                        ,25             ,187376703      ,1886748903     ,1495800277.2   ,               0,               0
dct_luma_16x16                          ,8925           ,13080          ,64056          ,15776.0        ,               0,               0
dct_luma                                ,1530287        ,585            ,58416          ,836.3          ,               0,               0
dct_chroma                              ,54708          ,2991           ,34617          ,3691.6         ,               0,               0
intrapred_luma_16x16                    ,8925           ,1755           ,30780          ,4277.6         ,               0,               0
intrapred_luma                          ,142800         ,477            ,36843          ,944.0          ,               0,               0
Configure                               ,1              ,2083837        ,2083837        ,2083837.0      ,               0,               0
ParseContent                            ,1              ,261216         ,261216         ,261216.0       ,               0,               0
PatchInp                                ,1              ,667968         ,667968         ,667968.0       ,               0,               0
start_sequence                          ,1              ,4823004        ,4823004        ,4823004.0      ,               0,               0
terminate_sequence                      ,1              ,1179793        ,1179793        ,1179793.0      ,               0,               0
FmoStartPicture                         ,25             ,4149           ,5652           ,4444.4         ,               0,               0
FmoGetFirstMBOfSliceGroup               ,200            ,348            ,1239           ,630.2          ,               0,               0
FmoGetNextMBNr                          ,2500           ,105            ,1074           ,369.8          ,               0,               0
FmoGetPreviousMBNr                      ,7375           ,39             ,2486299        ,452.0          ,               0,               0
FmoSliceGroupCompletelyCoded            ,50             ,159            ,1347           ,634.4          ,               0,               0
FmoInit                                 ,25             ,1998           ,5481           ,3692.4         ,               0,               0
SliceHeader                             ,25             ,2916           ,6003           ,3880.3         ,               0,               0
ref_pic_list_reordering                 ,25             ,639            ,1413           ,968.6          ,               0,               0
dec_ref_pic_marking                     ,25             ,477            ,1394           ,738.7          ,               0,               0
encode_one_frame                        ,25             ,224973771      ,1891686933     ,1522393303.6   ,               0,               0
ReadOneFrame                            ,25             ,602130         ,646896         ,625864.0       ,               0,               0
buf2img                                 ,75             ,95421          ,391365         ,191284.8       ,               0,               0
GenerateFullPelRepresentation           ,25             ,404394         ,546553         ,411295.2       ,               0,               0
init_frame                              ,25             ,1659           ,9261           ,3380.2         ,               0,               0
RandomIntraInit                         ,1              ,30846          ,30846          ,30846.0        ,               0,               0
init_global_buffers                     ,1              ,84594          ,84594          ,84594.0        ,               0,               0
init_orig_buffers                       ,1              ,75462          ,75462          ,75462.0        ,               0,               0
free_picture                            ,1              ,2982           ,2982           ,2982.0         ,               0,               0
free_global_buffers                     ,1              ,84063          ,84063          ,84063.0        ,               0,               0
free_orig_planes                        ,1              ,3093           ,3093           ,3093.0         ,               0,               0
free_img                                ,1              ,985341         ,985341         ,985341.0       ,               0,               0
init_img                                ,1              ,1700454        ,1700454        ,1700454.0      ,               0,               0
DeblockFrame                            ,25             ,2860965        ,4579530        ,3425936.3      ,               0,               0
DeblockMb                               ,2475           ,15297          ,75171          ,34664.5        ,               0,               0
EdgeLoop                                ,19068          ,1683           ,28872          ,2351.8         ,               0,               0
GetStrength                             ,19300          ,1071           ,24834          ,2125.8         ,               0,               0
start_macroblock                        ,2475           ,1881           ,26016          ,3074.5         ,               0,               0
terminate_macroblock                    ,2475           ,855            ,25602          ,1290.0         ,               0,               0
OneComponentLumaPrediction4x4           ,304128         ,219            ,25656          ,268.2          ,               0,               0
LumaResidualCoding8x8                   ,76032          ,1476           ,32025          ,4870.0         ,               0,               0
LumaResidualCoding                      ,9504           ,9183           ,49269          ,17765.5        ,               0,               0
LumaPrediction4x4                       ,304128         ,288            ,25431          ,397.7          ,               0,               0
ChromaPrediction4x4                     ,237840         ,78             ,28368          ,900.2          ,               0,               0
ChromaResidualCoding                    ,29730          ,8493           ,58184          ,15355.0        ,               0,               0
IntraChromaPrediction                   ,2475           ,2298           ,30303          ,4890.1         ,               0,               0
write_one_macroblock                    ,2475           ,807            ,51344          ,6318.9         ,               0,               0
writeMBLayer                            ,29829          ,411            ,148554         ,15421.5        ,               0,               0
writeChromaCoeff                        ,29332          ,48             ,34377          ,1434.1         ,               0,               0
writeChromaIntraPredMode                ,17967          ,108            ,2128           ,244.6          ,               0,               0
writeMotionInfo2NAL                     ,29332          ,48             ,26691          ,777.8          ,               0,               0
writeReferenceFrame                     ,55808          ,45             ,11886          ,252.3          ,               0,               0
writeMotionVector8x8                    ,63308          ,243            ,25866          ,833.0          ,               0,               0
writeCBPandLumaCoeff                    ,29332          ,264            ,104980         ,12375.4        ,               0,               0
writeLumaCoeff8x8                       ,46320          ,2130           ,47394          ,4221.8         ,               0,               0
writeCoeff4x4_CAVLC                     ,1645597        ,369            ,47908          ,1144.2         ,               0,               0
find_sad_16x16                          ,8925           ,3456           ,33987          ,8728.9         ,               0,               0
free_dpb                                ,1              ,6713           ,6713           ,6713.0         ,               0,               0
alloc_storable_picture                  ,25             ,131187         ,338043         ,251784.2       ,               0,               0
store_picture_in_dpb                    ,25             ,28364910       ,29261316       ,28841421.7     ,               0,               0
output_one_frame_from_dpb               ,25             ,18891          ,57591          ,45022.6        ,               0,               0
idr_memory_management                   ,1              ,7056           ,7056           ,7056.0         ,               0,               0
flush_dpb                               ,2              ,1626           ,3318132        ,1659879.0      ,               0,               0
unmark_for_reference                    ,31             ,98             ,873526         ,132775.2       ,               0,               0
sliding_window_memory_management        ,24             ,441            ,346488         ,132037.4       ,               0,               0
insert_picture_in_dpb                   ,25             ,28355610       ,30478683       ,28783861.7     ,               0,               0
alloc_colocated                         ,1              ,122691         ,122691         ,122691.0       ,               0,               0
free_colocated                          ,1              ,742156         ,742156         ,742156.0       ,               0,               0
Clear_Motion_Search_Module              ,1              ,540591         ,540591         ,540591.0       ,               0,               0
FindSkipModeMotionVector                ,2376           ,789            ,15864          ,1984.9         ,               0,               0
SetMotionVectorPredictor                ,812458         ,213            ,31515          ,416.1          ,               0,               0
PartitionMotionSearch                   ,49896          ,10893          ,20630046       ,637073.9       ,               0,               0
BlockMotionSearch                       ,791505         ,4035           ,2392345        ,40068.2        ,               0,               0
SubPelBlockMotionSearch                 ,791505         ,540            ,3580948        ,10594.0        ,               0,               0
sign                                    ,9810694        ,30             ,26601          ,55.7           ,               0,               0
Init_Motion_Search_Module               ,1              ,9078519        ,9078519        ,9078519.0      ,               0,               0
AllocNalPayloadBuffer                   ,1              ,96999          ,96999          ,96999.0        ,               0,               0
RBSPtoNALU                              ,2              ,1146           ,3336           ,2241.0         ,               0,               0
init_out_buffer                         ,1              ,3600           ,3600           ,3600.0         ,               0,               0
GenerateParameterSets                   ,1              ,147648         ,147648         ,147648.0       ,               0,               0
GenerateSequenceParameterSet            ,1              ,118104         ,118104         ,118104.0       ,               0,               0
FreeParameterSets                       ,1              ,2226           ,2226           ,2226.0         ,               0,               0
GenerateSeq_parameter_set_NALU          ,1              ,65757          ,65757          ,65757.0        ,               0,               0
GenerateSeq_parameter_set_rbsp          ,1              ,18112          ,18112          ,18112.0        ,               0,               0
GeneratePic_parameter_set_NALU          ,1              ,34416          ,34416          ,34416.0        ,               0,               0
GeneratePic_parameter_set_rbsp          ,1              ,4326           ,4326           ,4326.0         ,               0,               0
clear_rdopt                             ,1              ,28329          ,28329          ,28329.0        ,               0,               0
encode_one_macroblock                   ,2475           ,701889         ,45113446       ,15054772.1     ,               0,               0
RDCost_for_macroblocks                  ,29730          ,31719          ,747481         ,166733.5       ,               0,               0
Mode_Decision_for_Intra4x4Macroblock    ,8925           ,261612         ,668031         ,390650.4       ,               0,               0
RDCost_for_8x8blocks                    ,38016          ,5448           ,40989          ,8372.8         ,               0,               0
Mode_Decision_for_4x4IntraBlocks        ,142800         ,6516           ,99057          ,24272.0        ,               0,               0
set_stored_macroblock_parameters        ,2475           ,4479           ,22436          ,7480.8         ,               0,               0
init_rdopt                              ,1              ,78309          ,78309          ,78309.0        ,               0,               0
delete_coding_state                     ,7              ,180            ,1695           ,435.4          ,               0,               0
FastLine16Y_11                          ,269932720      ,24             ,86994          ,39.4           ,               0,               0
UMVLine16Y_11                           ,66437600       ,33             ,91770          ,62.9           ,               0,               0
FastPelY_14                             ,543503824      ,30             ,3467438        ,42.1           ,               0,               0
CloseSEIMessages                        ,1              ,9374           ,9374           ,9374.0         ,               0,               0
encode_one_slice                        ,25             ,182378025      ,1884488454     ,1493266236.7   ,               0,               0
dct_luma_16x16                          ,8925           ,13110          ,42474          ,15724.7        ,               0,               0
dct_luma                                ,1530287        ,588            ,28542          ,839.5          ,               0,               0
dct_chroma                              ,54708          ,2979           ,29715          ,3674.8         ,               0,               0
intrapred_luma_16x16                    ,8925           ,1686           ,30471          ,4168.5         ,               0,               0
intrapred_luma                          ,142800         ,489            ,26229          ,938.9          ,               0,               0
Configure                               ,1              ,2260914        ,2260914        ,2260914.0      ,               0,               0
ParseContent                            ,1              ,248838         ,248838         ,248838.0       ,               0,               0
PatchInp                                ,1              ,597745         ,597745         ,597745.0       ,               0,               0
start_sequence                          ,1              ,5144586        ,5144586        ,5144586.0      ,               0,               0
terminate_sequence                      ,1              ,1061780        ,1061780        ,1061780.0      ,               0,               0
FmoStartPicture                         ,25             ,4152           ,5456           ,4542.9         ,               0,               0
FmoGetFirstMBOfSliceGroup               ,200            ,453            ,1221           ,611.1          ,               0,               0
FmoGetNextMBNr                          ,2500           ,105            ,1328           ,353.8          ,               0,               0
FmoGetPreviousMBNr                      ,7375           ,39             ,1203           ,116.7          ,               0,               0
FmoSliceGroupCompletelyCoded            ,50             ,168            ,1548           ,577.2          ,               0,               0
FmoInit                                 ,25             ,2001           ,5118           ,3286.2         ,               0,               0
SliceHeader                             ,25             ,2769           ,6492           ,4336.2         ,               0,               0
ref_pic_list_reordering                 ,25             ,603            ,1830           ,1214.9         ,               0,               0
dec_ref_pic_marking                     ,25             ,474            ,1290           ,618.4          ,               0,               0
encode_one_frame                        ,25             ,222852614      ,1900959078     ,1526046451.8   ,               0,               0
ReadOneFrame                            ,25             ,600807         ,1007348        ,641315.2       ,               0,               0
buf2img                                 ,75             ,95463          ,403821         ,191949.4       ,               0,               0
GenerateFullPelRepresentation           ,25             ,404391         ,412701         ,406006.6       ,               0,               0
init_frame                              ,25             ,1650           ,8091           ,2861.9         ,               0,               0
RandomIntraInit                         ,1              ,31173          ,31173          ,31173.0        ,               0,               0
init_global_buffers                     ,1              ,83451          ,83451          ,83451.0        ,               0,               0
init_orig_buffers                       ,1              ,86172          ,86172          ,86172.0        ,               0,               0
free_picture                            ,1              ,2196           ,2196           ,2196.0         ,               0,               0
free_global_buffers                     ,1              ,153006         ,153006         ,153006.0       ,               0,               0
free_orig_planes                        ,1              ,3108           ,3108           ,3108.0         ,               0,               0
free_img                                ,1              ,963704         ,963704         ,963704.0       ,               0,               0
init_img                                ,1              ,1825389        ,1825389        ,1825389.0      ,               0,               0
DeblockFrame                            ,25             ,2852001        ,4585656        ,3471947.4      ,               0,               0
DeblockMb                               ,2475           ,15357          ,97341          ,34721.8        ,               0,               0
EdgeLoop                                ,19068          ,1686           ,14841          ,2350.8         ,               0,               0
GetStrength                             ,19300          ,1071           ,14469          ,2126.7         ,               0,               0
start_macroblock                        ,2475           ,2001           ,33356          ,3153.7         ,               0,               0
terminate_macroblock                    ,2475           ,954            ,14265          ,1301.1         ,               0,               0
OneComponentLumaPrediction4x4           ,304128         ,216            ,26922          ,268.7          ,               0,               0
LumaResidualCoding8x8                   ,76032          ,1506           ,31575          ,4870.1         ,               0,               0
LumaResidualCoding                      ,9504           ,9150           ,46755          ,17707.5        ,               0,               0
LumaPrediction4x4                       ,304128         ,285            ,25536          ,396.3          ,               0,               0
ChromaPrediction4x4                     ,237840         ,78             ,28719          ,897.5          ,               0,               0
ChromaResidualCoding                    ,29730          ,8448           ,53931          ,15257.7        ,               0,               0
IntraChromaPrediction                   ,2475           ,2292           ,25936          ,4914.7         ,               0,               0
write_one_macroblock                    ,2475           ,858            ,53516          ,6468.9         ,               0,               0
writeMBLayer                            ,29829          ,378            ,158844         ,15450.5        ,               0,               0
writeChromaCoeff                        ,29332          ,48             ,27960          ,1433.1         ,               0,               0
writeChromaIntraPredMode                ,17967          ,117            ,12516          ,255.7          ,               0,               0
writeMotionInfo2NAL                     ,29332          ,51             ,28470          ,784.3          ,               0,               0
writeReferenceFrame                     ,55808          ,45             ,12135          ,254.3          ,               0,               0
writeMotionVector8x8                    ,63308          ,237            ,26025          ,825.8          ,               0,               0
writeCBPandLumaCoeff                    ,29332          ,258            ,102348         ,12440.3        ,               0,               0
writeLumaCoeff8x8                       ,46320          ,2106           ,34839          ,4231.9         ,               0,               0
writeCoeff4x4_CAVLC                     ,1645597        ,369            ,62055          ,1147.8         ,               0,               0
find_sad_16x16                          ,8925           ,3411           ,35526          ,8866.8         ,               0,               0
free_dpb                                ,1              ,15623          ,15623          ,15623.0        ,               0,               0
alloc_storable_picture                  ,25             ,129117         ,308802         ,242465.4       ,               0,               0
store_picture_in_dpb                    ,25             ,28281747       ,29277840       ,28794568.2     ,               0,               0
output_one_frame_from_dpb               ,25             ,22032          ,55248          ,44896.6        ,               0,               0
idr_memory_management                   ,1              ,7395           ,7395           ,7395.0         ,               0,               0
flush_dpb                               ,2              ,1662           ,3327697        ,1664679.5      ,               0,               0
unmark_for_reference                    ,31             ,98             ,888765         ,131800.2       ,               0,               0
sliding_window_memory_management        ,24             ,396            ,336825         ,126660.8       ,               0,               0
insert_picture_in_dpb                   ,25             ,28260897       ,29233260       ,28694921.8     ,               0,               0
alloc_colocated                         ,1              ,142293         ,142293         ,142293.0       ,               0,               0
free_colocated                          ,1              ,528405         ,528405         ,528405.0       ,               0,               0
Clear_Motion_Search_Module              ,1              ,759584         ,759584         ,759584.0       ,               0,               0
FindSkipModeMotionVector                ,2376           ,828            ,4194           ,2257.3         ,               0,               0
SetMotionVectorPredictor                ,812458         ,213            ,80115          ,415.2          ,               0,               0
PartitionMotionSearch                   ,49896          ,10824          ,15901110       ,636936.0       ,               0,               0
BlockMotionSearch                       ,791505         ,4092           ,7237274        ,40074.8        ,               0,               0
SubPelBlockMotionSearch                 ,791505         ,546            ,129129         ,10578.1        ,               0,               0
sign                                    ,9810694        ,33             ,26907          ,55.2           ,               0,               0
Init_Motion_Search_Module               ,1              ,9928911        ,9928911        ,9928911.0      ,               0,               0
AllocNalPayloadBuffer                   ,1              ,93222          ,93222          ,93222.0        ,               0,               0
RBSPtoNALU                              ,2              ,1044           ,3507           ,2275.5         ,               0,               0
init_out_buffer                         ,1              ,4881           ,4881           ,4881.0         ,               0,               0
GenerateParameterSets                   ,1              ,144420         ,144420         ,144420.0       ,               0,               0
GenerateSequenceParameterSet            ,1              ,128466         ,128466         ,128466.0       ,               0,               0
FreeParameterSets                       ,1              ,2168           ,2168           ,2168.0         ,               0,               0
GenerateSeq_parameter_set_NALU          ,1              ,63471          ,63471          ,63471.0        ,               0,               0
GenerateSeq_parameter_set_rbsp          ,1              ,17970          ,17970          ,17970.0        ,               0,               0
GeneratePic_parameter_set_NALU          ,1              ,36828          ,36828          ,36828.0        ,               0,               0
GeneratePic_parameter_set_rbsp          ,1              ,5187           ,5187           ,5187.0         ,               0,               0
clear_rdopt                             ,1              ,27717          ,27717          ,27717.0        ,               0,               0
encode_one_macroblock                   ,2475           ,734763         ,23553072       ,15062212.7     ,               0,               0
RDCost_for_macroblocks                  ,29730          ,31689          ,685707         ,166542.1       ,               0,               0
Mode_Decision_for_Intra4x4Macroblock    ,8925           ,261918         ,667036         ,390098.6       ,               0,               0
RDCost_for_8x8blocks                    ,38016          ,5541           ,70353          ,8390.1         ,               0,               0
Mode_Decision_for_4x4IntraBlocks        ,142800         ,6555           ,98630          ,24349.2        ,               0,               0
set_stored_macroblock_parameters        ,2475           ,4599           ,20560          ,7420.2         ,               0,               0
init_rdopt                              ,1              ,72516          ,72516          ,72516.0        ,               0,               0
delete_coding_state                     ,7              ,174            ,1521           ,482.1          ,               0,               0
FastLine16Y_11                          ,269932720      ,24             ,47040          ,39.4           ,               0,               0
UMVLine16Y_11                           ,66437600       ,33             ,29733          ,63.3           ,               0,               0
FastPelY_14                             ,543503824      ,30             ,3415349        ,42.8           ,               0,               0
CloseSEIMessages                        ,1              ,8280           ,8280           ,8280.0         ,               0,               0
encode_one_slice                        ,25             ,187850214      ,1898429121     ,1494972514.1   ,               0,               0
dct_luma_16x16                          ,8925           ,13098          ,54288          ,15784.6        ,               0,               0
dct_luma                                ,1530287        ,588            ,32133          ,839.1          ,               0,               0
dct_chroma                              ,54708          ,2997           ,30528          ,3650.8         ,               0,               0
intrapred_luma_16x16                    ,8925           ,1686           ,30912          ,4147.7         ,               0,               0
intrapred_luma                          ,142800         ,474            ,27120          ,940.3          ,               0,               0
Configure                               ,1              ,2291556        ,2291556        ,2291556.0      ,               0,               0
ParseContent                            ,1              ,257034         ,257034         ,257034.0       ,               0,               0
PatchInp                                ,1              ,716753         ,716753         ,716753.0       ,               0,               0
start_sequence                          ,1              ,8489945        ,8489945        ,8489945.0      ,               0,               0
terminate_sequence                      ,1              ,1203588        ,1203588        ,1203588.0      ,               0,               0
FmoStartPicture                         ,25             ,4170           ,4896           ,4481.4         ,               0,               0
FmoGetFirstMBOfSliceGroup               ,200            ,462            ,1464           ,632.4          ,               0,               0
FmoGetNextMBNr                          ,2500           ,144            ,1358           ,340.1          ,               0,               0
FmoGetPreviousMBNr                      ,7375           ,39             ,1276           ,114.6          ,               0,               0
FmoSliceGroupCompletelyCoded            ,50             ,180            ,1314           ,597.7          ,               0,               0
FmoInit                                 ,25             ,2094           ,5226           ,3548.0         ,               0,               0
SliceHeader                             ,25             ,2829           ,5103           ,3718.9         ,               0,               0
ref_pic_list_reordering                 ,25             ,510            ,1491           ,852.8          ,               0,               0
dec_ref_pic_marking                     ,25             ,486            ,1362           ,707.0          ,               0,               0
encode_one_frame                        ,25             ,221491527      ,1922864916     ,1526360971.4   ,               0,               0
ReadOneFrame                            ,25             ,603918         ,645396         ,626912.2       ,               0,               0
buf2img                                 ,75             ,95457          ,569277         ,197202.4       ,               0,               0
GenerateFullPelRepresentation           ,25             ,404364         ,412215         ,405866.2       ,               0,               0
init_frame                              ,25             ,1746           ,8859           ,2998.1         ,               0,               0
RandomIntraInit                         ,1              ,31476          ,31476          ,31476.0        ,               0,               0
init_global_buffers                     ,1              ,91830          ,91830          ,91830.0        ,               0,               0
init_orig_buffers                       ,1              ,73767          ,73767          ,73767.0        ,               0,               0
free_picture                            ,1              ,2823           ,2823           ,2823.0         ,               0,               0
free_global_buffers                     ,1              ,85269          ,85269          ,85269.0        ,               0,               0
free_orig_planes                        ,1              ,3069           ,3069           ,3069.0         ,               0,               0
free_img                                ,1              ,494466         ,494466         ,494466.0       ,               0,               0
init_img                                ,1              ,1707996        ,1707996        ,1707996.0      ,               0,               0
DeblockFrame                            ,25             ,2853276        ,4587807        ,3428169.1      ,               0,               0
DeblockMb                               ,2475           ,15660          ,63408          ,34665.0        ,               0,               0
EdgeLoop                                ,19068          ,1683           ,23334          ,2351.2         ,               0,               0
GetStrength                             ,19300          ,1071           ,27360          ,2127.3         ,               0,               0
start_macroblock                        ,2475           ,1830           ,25917          ,3145.2         ,               0,               0
terminate_macroblock                    ,2475           ,945            ,13344          ,1292.1         ,               0,               0
OneComponentLumaPrediction4x4           ,304128         ,219            ,25347          ,267.1          ,               0,               0
LumaResidualCoding8x8                   ,76032          ,1503           ,86610          ,4847.2         ,               0,               0
LumaResidualCoding                      ,9504           ,9177           ,48468          ,17843.8        ,               0,               0
LumaPrediction4x4                       ,304128         ,288            ,2298675        ,406.0          ,               0,               0
ChromaPrediction4x4                     ,237840         ,81             ,29130          ,905.4          ,               0,               0
ChromaResidualCoding                    ,29730          ,8511           ,58716          ,15390.0        ,               0,               0
IntraChromaPrediction                   ,2475           ,2208           ,29904          ,4922.2         ,               0,               0
write_one_macroblock                    ,2475           ,816            ,46104          ,6411.7         ,               0,               0
writeMBLayer                            ,29829          ,402            ,123624         ,15403.4        ,               0,               0
writeChromaCoeff                        ,29332          ,48             ,34578          ,1434.4         ,               0,               0
writeChromaIntraPredMode                ,17967          ,126            ,12285          ,267.7          ,               0,               0
writeMotionInfo2NAL                     ,29332          ,57             ,27111          ,794.9          ,               0,               0
writeReferenceFrame                     ,55808          ,42             ,12069          ,252.5          ,               0,               0
writeMotionVector8x8                    ,63308          ,237            ,27396          ,843.7          ,               0,               0
writeCBPandLumaCoeff                    ,29332          ,261            ,125994         ,12408.2        ,               0,               0
writeLumaCoeff8x8                       ,46320          ,2139           ,32931          ,4245.0         ,               0,               0
writeCoeff4x4_CAVLC                     ,1645597        ,369            ,61794          ,1143.2         ,               0,               0
find_sad_16x16                          ,8925           ,3303           ,35187          ,8696.7         ,               0,               0
free_dpb                                ,1              ,4698           ,4698           ,4698.0         ,               0,               0
alloc_storable_picture                  ,25             ,126327         ,360432         ,254356.5       ,               0,               0
store_picture_in_dpb                    ,25             ,28379568       ,29276229       ,28850854.9     ,               0,               0
output_one_frame_from_dpb               ,25             ,43085          ,67578          ,56565.5        ,               0,               0
idr_memory_management                   ,1              ,6822           ,6822           ,6822.0         ,               0,               0
flush_dpb                               ,2              ,1314           ,3514324        ,1757819.0      ,               0,               0
unmark_for_reference                    ,31             ,98             ,1384642        ,144002.3       ,               0,               0
sliding_window_memory_management        ,24             ,438            ,464589         ,135312.1       ,               0,               0
insert_picture_in_dpb                   ,25             ,28263654       ,30126129       ,28751708.4     ,               0,               0
alloc_colocated                         ,1              ,125598         ,125598         ,125598.0       ,               0,               0
free_colocated                          ,1              ,1573859        ,1573859        ,1573859.0      ,               0,               0
Clear_Motion_Search_Module              ,1              ,549576         ,549576         ,549576.0       ,               0,               0
FindSkipModeMotionVector                ,2376           ,834            ,15474          ,2127.9         ,               0,               0
SetMotionVectorPredictor                ,812458         ,213            ,27429          ,416.7          ,               0,               0
PartitionMotionSearch                   ,49896          ,10899          ,16795677       ,636988.2       ,               0,               0
BlockMotionSearch                       ,791505         ,4116           ,5022695        ,40081.7        ,               0,               0
SubPelBlockMotionSearch                 ,791505         ,543            ,3537212        ,10591.8        ,               0,               0
sign                                    ,9810694        ,30             ,27222          ,55.1           ,               0,               0
Init_Motion_Search_Module               ,1              ,9406587        ,9406587        ,9406587.0      ,               0,               0
AllocNalPayloadBuffer                   ,1              ,78354          ,78354          ,78354.0        ,               0,               0
RBSPtoNALU                              ,2              ,1041           ,4575           ,2808.0         ,               0,               0
init_out_buffer                         ,1              ,5175           ,5175           ,5175.0         ,               0,               0
GenerateParameterSets                   ,1              ,150204         ,150204         ,150204.0       ,               0,               0
GenerateSequenceParameterSet            ,1              ,123918         ,123918         ,123918.0       ,               0,               0
FreeParameterSets                       ,1              ,2220           ,2220           ,2220.0         ,               0,               0
GenerateSeq_parameter_set_NALU          ,1              ,74092          ,74092          ,74092.0        ,               0,               0
GenerateSeq_parameter_set_rbsp          ,1              ,19244          ,19244          ,19244.0        ,               0,               0
GeneratePic_parameter_set_NALU          ,1              ,33816          ,33816          ,33816.0        ,               0,               0
GeneratePic_parameter_set_rbsp          ,1              ,4956           ,4956           ,4956.0         ,               0,               0
clear_rdopt                             ,1              ,43715          ,43715          ,43715.0        ,               0,               0
encode_one_macroblock                   ,2475           ,707985         ,26848232       ,15067702.5     ,               0,               0
RDCost_for_macroblocks                  ,29730          ,31452          ,734295         ,166579.6       ,               0,               0
Mode_Decision_for_Intra4x4Macroblock    ,8925           ,263580         ,3775086        ,391636.7       ,               0,               0
RDCost_for_8x8blocks                    ,38016          ,5529           ,48468          ,8373.5         ,               0,               0
Mode_Decision_for_4x4IntraBlocks        ,142800         ,6537           ,121893         ,24273.5        ,               0,               0
set_stored_macroblock_parameters        ,2475           ,4653           ,21954          ,7569.2         ,               0,               0
init_rdopt                              ,1              ,76956          ,76956          ,76956.0        ,               0,               0
delete_coding_state                     ,7              ,186            ,1692           ,441.4          ,               0,               0
FastLine16Y_11                          ,269932720      ,24             ,48870          ,39.4           ,               0,               0
UMVLine16Y_11                           ,66437600       ,33             ,67353          ,62.7           ,               0,               0
FastPelY_14                             ,543503824      ,30             ,2841279        ,42.1           ,               0,               0
CloseSEIMessages                        ,1              ,10703          ,10703          ,10703.0        ,               0,               0
encode_one_slice                        ,25             ,188419268      ,1877673348     ,1493292141.0   ,               0,               0
dct_luma_16x16                          ,8925           ,13062          ,42951          ,16005.5        ,               0,               0
dct_luma                                ,1530287        ,582            ,28038          ,838.5          ,               0,               0
dct_chroma                              ,54708          ,2991           ,34128          ,3648.9         ,               0,               0
intrapred_luma_16x16                    ,8925           ,1689           ,17256          ,4149.7         ,               0,               0
intrapred_luma                          ,142800         ,483            ,26817          ,939.8          ,               0,               0
Configure                               ,1              ,2213712        ,2213712        ,2213712.0      ,               0,               0
ParseContent                            ,1              ,252435         ,252435         ,252435.0       ,               0,               0
PatchInp                                ,1              ,809256         ,809256         ,809256.0       ,               0,               0
start_sequence                          ,1              ,5379429        ,5379429        ,5379429.0      ,               0,               0
terminate_sequence                      ,1              ,1163215        ,1163215        ,1163215.0      ,               0,               0
FmoStartPicture                         ,25             ,4179           ,4980           ,4540.9         ,               0,               0
FmoGetFirstMBOfSliceGroup               ,200            ,504            ,1348           ,634.1          ,               0,               0
FmoGetNextMBNr                          ,2500           ,111            ,1197           ,336.1          ,               0,               0
FmoGetPreviousMBNr                      ,7375           ,39             ,12042          ,116.4          ,               0,               0
FmoSliceGroupCompletelyCoded            ,50             ,210            ,1074           ,589.3          ,               0,               0
FmoInit                                 ,25             ,2046           ,5331           ,3639.7         ,               0,               0
SliceHeader                             ,25             ,2874           ,5568           ,4075.7         ,               0,               0
ref_pic_list_reordering                 ,25             ,621            ,1794           ,1078.3         ,               0,               0
dec_ref_pic_marking                     ,25             ,366            ,1326           ,745.8          ,               0,               0
encode_one_frame                        ,25             ,221856957      ,1898098815     ,1525977325.9   ,               0,               0
ReadOneFrame                            ,25             ,600378         ,647988         ,625762.8       ,               0,               0
buf2img                                 ,75             ,95532          ,385188         ,190852.5       ,               0,               0
GenerateFullPelRepresentation           ,25             ,404376         ,423867         ,406876.4       ,               0,               0
init_frame                              ,25             ,1674           ,10492          ,3317.4         ,               0,               0
RandomIntraInit                         ,1              ,30777          ,30777          ,30777.0        ,               0,               0
init_global_buffers                     ,1              ,86538          ,86538          ,86538.0        ,               0,               0
init_orig_buffers                       ,1              ,130130         ,130130         ,130130.0       ,               0,               0
free_picture                            ,1              ,2667           ,2667           ,2667.0         ,               0,               0
free_global_buffers                     ,1              ,144949         ,144949         ,144949.0       ,               0,               0
free_orig_planes                        ,1              ,3204           ,3204           ,3204.0         ,               0,               0
free_img                                ,1              ,969290         ,969290         ,969290.0       ,               0,               0
init_img                                ,1              ,1688346        ,1688346        ,1688346.0      ,               0,               0
DeblockFrame                            ,25             ,2852949        ,4580460        ,3426739.9      ,               0,               0
DeblockMb                               ,2475           ,15456          ,84298          ,35110.7        ,               0,               0
EdgeLoop                                ,19068          ,1683           ,27996          ,2352.3         ,               0,               0
GetStrength                             ,19300          ,1071           ,27927          ,2127.7         ,               0,               0
start_macroblock                        ,2475           ,2052           ,27144          ,3145.6         ,               0,               0
terminate_macroblock                    ,2475           ,921            ,346848         ,1571.9         ,               0,               0
OneComponentLumaPrediction4x4           ,304128         ,219            ,2400189        ,280.0          ,               0,               0
LumaResidualCoding8x8                   ,76032          ,1500           ,44181          ,4853.9         ,               0,               0
LumaResidualCoding                      ,9504           ,9072           ,77643          ,17730.2        ,               0,               0
LumaPrediction4x4                       ,304128         ,288            ,30324          ,402.5          ,               0,               0
ChromaPrediction4x4                     ,237840         ,78             ,29397          ,900.2          ,               0,               0
ChromaResidualCoding                    ,29730          ,8484           ,113016         ,15328.2        ,               0,               0
IntraChromaPrediction                   ,2475           ,2244           ,25408          ,4869.0         ,               0,               0
write_one_macroblock                    ,2475           ,876            ,52084          ,6329.5         ,               0,               0
writeMBLayer                            ,29829          ,405            ,131877         ,15446.2        ,               0,               0
writeChromaCoeff                        ,29332          ,48             ,35706          ,1462.6         ,               0,               0
writeChromaIntraPredMode                ,17967          ,114            ,12600          ,246.0          ,               0,               0
writeMotionInfo2NAL                     ,29332          ,57             ,14151          ,772.6          ,               0,               0
writeReferenceFrame                     ,55808          ,45             ,12201          ,247.0          ,               0,               0
writeMotionVector8x8                    ,63308          ,237            ,13992          ,831.1          ,               0,               0
writeCBPandLumaCoeff                    ,29332          ,258            ,100116         ,12361.2        ,               0,               0
writeLumaCoeff8x8                       ,46320          ,2139           ,32142          ,4226.0         ,               0,               0
writeCoeff4x4_CAVLC                     ,1645597        ,369            ,48376          ,1142.3         ,               0,               0
find_sad_16x16                          ,8925           ,3429           ,35373          ,8784.9         ,               0,               0
free_dpb                                ,1              ,6727           ,6727           ,6727.0         ,               0,               0
alloc_storable_picture                  ,25             ,128079         ,345051         ,252233.4       ,               0,               0
store_picture_in_dpb                    ,25             ,28306962       ,35008217       ,29180828.6     ,               0,               0
output_one_frame_from_dpb               ,25             ,21486          ,57027          ,44263.3        ,               0,               0
idr_memory_management                   ,1              ,6465           ,6465           ,6465.0         ,               0,               0
flush_dpb                               ,2              ,1245           ,4973997        ,2487621.0      ,               0,               0
unmark_for_reference                    ,31             ,98             ,772693         ,127918.7       ,               0,               0
sliding_window_memory_management        ,24             ,318            ,332187         ,126854.2       ,               0,               0
insert_picture_in_dpb                   ,25             ,28296495       ,30158615       ,28781080.3     ,               0,               0
alloc_colocated                         ,1              ,128460         ,128460         ,128460.0       ,               0,               0
free_colocated                          ,1              ,986601         ,986601         ,986601.0       ,               0,               0
Clear_Motion_Search_Module              ,1              ,524847         ,524847         ,524847.0       ,               0,               0
FindSkipModeMotionVector                ,2376           ,867            ,14946          ,2147.2         ,               0,               0
SetMotionVectorPredictor                ,812458         ,213            ,28113          ,415.9          ,               0,               0
PartitionMotionSearch                   ,49896          ,10929          ,16177026       ,637001.5       ,               0,               0
BlockMotionSearch                       ,791505         ,4071           ,4194702        ,40077.8        ,               0,               0
SubPelBlockMotionSearch                 ,791505         ,537            ,2974300        ,10581.8        ,               0,               0
sign                                    ,9810694        ,30             ,27237          ,55.2           ,               0,               0
Init_Motion_Search_Module               ,1              ,9692178        ,9692178        ,9692178.0      ,               0,               0
AllocNalPayloadBuffer                   ,1              ,87144          ,87144          ,87144.0        ,               0,               0
RBSPtoNALU                              ,2              ,1059           ,4902           ,2980.5         ,               0,               0
init_out_buffer                         ,1              ,4263           ,4263           ,4263.0         ,               0,               0
GenerateParameterSets                   ,1              ,156393         ,156393         ,156393.0       ,               0,               0
GenerateSequenceParameterSet            ,1              ,125001         ,125001         ,125001.0       ,               0,               0
FreeParameterSets                       ,1              ,2319           ,2319           ,2319.0         ,               0,               0
GenerateSeq_parameter_set_NALU          ,1              ,70266          ,70266          ,70266.0        ,               0,               0
GenerateSeq_parameter_set_rbsp          ,1              ,17721          ,17721          ,17721.0        ,               0,               0
GeneratePic_parameter_set_NALU          ,1              ,35892          ,35892          ,35892.0        ,               0,               0
GeneratePic_parameter_set_rbsp          ,1              ,5332           ,5332           ,5332.0         ,               0,               0
clear_rdopt                             ,1              ,27840          ,27840          ,27840.0        ,               0,               0
encode_one_macroblock                   ,2475           ,704265         ,26708367       ,15044893.0     ,               0,               0
RDCost_for_macroblocks                  ,29730          ,31563          ,3891027        ,166510.8       ,               0,               0
Mode_Decision_for_Intra4x4Macroblock    ,8925           ,263310         ,683274         ,392432.5       ,               0,               0
RDCost_for_8x8blocks                    ,38016          ,5451           ,44229          ,8348.1         ,               0,               0
Mode_Decision_for_4x4IntraBlocks        ,142800         ,6573           ,105957         ,24316.0        ,               0,               0
set_stored_macroblock_parameters        ,2475           ,4395           ,33426          ,7512.2         ,               0,               0
init_rdopt                              ,1              ,69462          ,69462          ,69462.0        ,               0,               0
delete_coding_state                     ,7              ,186            ,1605           ,495.9          ,               0,               0
FastLine16Y_11                          ,269932720      ,24             ,82269          ,39.1           ,               0,               0
UMVLine16Y_11                           ,66437600       ,30             ,67788          ,62.9           ,               0,               0
FastPelY_14                             ,543503824      ,30             ,1988265        ,42.2           ,               0,               0
CloseSEIMessages                        ,1              ,9135           ,9135           ,9135.0         ,               0,               0
encode_one_slice                        ,25             ,188922068      ,1864701426     ,1493425572.1   ,               0,               0
