dct_luma_16x16                          ,8925           ,13200          ,125167         ,16254.3        
dct_luma                                ,1406216        ,591            ,133800         ,844.1          
dct_chroma                              ,54674          ,3003           ,124524         ,3753.6         
intrapred_luma_16x16                    ,8925           ,1740           ,40344          ,4194.8         
intrapred_luma                          ,142119         ,489            ,247479         ,866.0          
Configure                               ,1              ,4611377        ,4611377        ,4611377.0      
ParseContent                            ,1              ,253614         ,253614         ,253614.0       
PatchInp                                ,1              ,125055         ,125055         ,125055.0       
start_sequence                          ,1              ,1624376        ,1624376        ,1624376.0      
terminate_sequence                      ,1              ,1360443        ,1360443        ,1360443.0      
FmoStartPicture                         ,25             ,4467           ,5454           ,4746.2         
FmoGetFirstMBOfSliceGroup               ,200            ,378            ,1431           ,650.8          
FmoGetNextMBNr                          ,2500           ,102            ,73188          ,535.2          
FmoGetPreviousMBNr                      ,7375           ,39             ,1401           ,175.8          
FmoSliceGroupCompletelyCoded            ,50             ,420            ,1284           ,765.8          
FmoInit                                 ,25             ,2142           ,6027           ,3489.2         
SliceHeader                             ,25             ,2964           ,9093           ,4563.8         
ref_pic_list_reordering                 ,25             ,489            ,1824           ,1172.0         
dec_ref_pic_marking                     ,25             ,411            ,1722           ,826.3          
encode_one_frame                        ,25             ,220332507      ,1929998913     ,1540639376.3   
ReadOneFrame                            ,25             ,632112         ,1296715        ,683059.1       
buf2img                                 ,75             ,100698         ,447699         ,203176.1       
GenerateFullPelRepresentation           ,25             ,404415         ,557178         ,411800.5       
init_frame                              ,25             ,1812           ,10234          ,3246.9         
RandomIntraInit                         ,1              ,31266          ,31266          ,31266.0        
init_global_buffers                     ,1              ,133770         ,133770         ,133770.0       
init_orig_buffers                       ,1              ,82314          ,82314          ,82314.0        
free_picture                            ,1              ,3696           ,3696           ,3696.0         
free_global_buffers                     ,1              ,128535         ,128535         ,128535.0       
free_orig_planes                        ,1              ,4774           ,4774           ,4774.0         
free_img                                ,1              ,681168         ,681168         ,681168.0       
init_img                                ,1              ,1749402        ,1749402        ,1749402.0      
DeblockFrame                            ,25             ,2878842        ,4654695        ,3483908.4      
DeblockMb                               ,2475           ,15615          ,85044          ,34712.3        
EdgeLoop                                ,18636          ,1725           ,74145          ,2402.0         
GetStrength                             ,19264          ,1071           ,37770          ,2135.2         
start_macroblock                        ,2475           ,2112           ,76677          ,3257.6         
terminate_macroblock                    ,2475           ,864            ,74100          ,1392.9         
OneComponentLumaPrediction4x4           ,299560         ,219            ,36096          ,285.8          
LumaResidualCoding8x8                   ,75892          ,1506           ,216693         ,4920.2         
LumaResidualCoding                      ,9504           ,9141           ,75957          ,17853.4        
LumaPrediction4x4                       ,298856         ,291            ,230427         ,422.1          
ChromaPrediction4x4                     ,235096         ,75             ,182043         ,926.6          
ChromaResidualCoding                    ,29702          ,8430           ,67395          ,15380.9        
IntraChromaPrediction                   ,2475           ,2079           ,50448          ,4811.1         
write_one_macroblock                    ,2475           ,927            ,85120          ,6591.3         
writeMBLayer                            ,29811          ,330            ,272583         ,15776.4        
writeChromaCoeff                        ,29314          ,48             ,101187         ,1480.5         
writeChromaIntraPredMode                ,17961          ,135            ,35145          ,298.0          
writeMotionInfo2NAL                     ,29315          ,57             ,93477          ,830.3          
writeReferenceFrame                     ,55672          ,45             ,16272          ,274.5          
writeMotionVector8x8                    ,63215          ,246            ,102396         ,847.6          
writeCBPandLumaCoeff                    ,29314          ,270            ,240408         ,12713.4        
writeLumaCoeff8x8                       ,46216          ,2106           ,41637          ,4315.2         
writeCoeff4x4_CAVLC                     ,1517952        ,366            ,197940         ,1136.0         
find_sad_16x16                          ,8925           ,3429           ,44625          ,8957.9         
free_dpb                                ,1              ,10927          ,10927          ,10927.0        
alloc_storable_picture                  ,25             ,122685         ,346659         ,245571.1       
store_picture_in_dpb                    ,25             ,28303782       ,29292483       ,28904220.2     
output_one_frame_from_dpb               ,25             ,42126          ,84287          ,70276.9        
idr_memory_management                   ,1              ,4866           ,4866           ,4866.0         
flush_dpb                               ,2              ,2181           ,3603792        ,1802986.5      
unmark_for_reference                    ,31             ,98             ,1029145        ,169035.0       
sliding_window_memory_management        ,24             ,504            ,591759         ,183329.2       
insert_picture_in_dpb                   ,25             ,28287285       ,29616984       ,28908913.4     
alloc_colocated                         ,1              ,224539         ,224539         ,224539.0       
free_colocated                          ,1              ,1679846        ,1679846        ,1679846.0      
Clear_Motion_Search_Module              ,1              ,531177         ,531177         ,531177.0       
FindSkipModeMotionVector                ,2376           ,978            ,6435           ,2078.9         
SetMotionVectorPredictor                ,789715         ,204            ,128733         ,424.4          
PartitionMotionSearch                   ,49856          ,10992          ,21251783       ,637575.1       
BlockMotionSearch                       ,764549         ,3915           ,2964204        ,40591.8        
SubPelBlockMotionSearch                 ,767839         ,534            ,5228209        ,10791.2        
sign                                    ,6530348        ,30             ,135075         ,68.2           
Init_Motion_Search_Module               ,1              ,9347511        ,9347511        ,9347511.0      
AllocNalPayloadBuffer                   ,1              ,163485         ,163485         ,163485.0       
RBSPtoNALU                              ,2              ,489            ,3627           ,2058.0         
init_out_buffer                         ,1              ,5208           ,5208           ,5208.0         
GenerateParameterSets                   ,1              ,161847         ,161847         ,161847.0       
GenerateSequenceParameterSet            ,1              ,158445         ,158445         ,158445.0       
FreeParameterSets                       ,1              ,2180           ,2180           ,2180.0         
GenerateSeq_parameter_set_NALU          ,1              ,61713          ,61713          ,61713.0        
GenerateSeq_parameter_set_rbsp          ,1              ,20178          ,20178          ,20178.0        
GeneratePic_parameter_set_NALU          ,1              ,54950          ,54950          ,54950.0        
GeneratePic_parameter_set_rbsp          ,1              ,4827           ,4827           ,4827.0         
clear_rdopt                             ,1              ,27678          ,27678          ,27678.0        
encode_one_macroblock                   ,2475           ,747405         ,36690511       ,15294288.4     
RDCost_for_macroblocks                  ,29711          ,31875          ,1262268        ,168095.8       
Mode_Decision_for_Intra4x4Macroblock    ,8925           ,257475         ,1015854        ,388085.3       
RDCost_for_8x8blocks                    ,37995          ,5481           ,164007         ,8501.2         
Mode_Decision_for_4x4IntraBlocks        ,142234         ,6759           ,230316         ,24677.2        
set_stored_macroblock_parameters        ,2475           ,4785           ,80502          ,7577.2         
init_rdopt                              ,1              ,72327          ,72327          ,72327.0        
delete_coding_state                     ,7              ,192            ,2124           ,503.6          
FastLine16Y_11                          ,13147966       ,27             ,146766         ,40.7           
UMVLine16Y_11                           ,6278660        ,33             ,42204          ,61.2           
FastPelY_14                             ,13134478       ,30             ,154044         ,42.7           
CloseSEIMessages                        ,1              ,14707          ,14707          ,14707.0        
encode_one_slice                        ,25             ,193721736      ,1860037857     ,1489727966.9   
dct_luma_16x16                          ,8925           ,13176          ,112176         ,16080.9        
dct_luma                                ,1309677        ,588            ,55707          ,835.3          
dct_chroma                              ,54538          ,2973           ,122415         ,3679.1         
intrapred_luma_16x16                    ,8925           ,1767           ,172659         ,4309.2         
intrapred_luma                          ,141799         ,486            ,37224          ,870.2          
Configure                               ,1              ,983417         ,983417         ,983417.0       
ParseContent                            ,1              ,440160         ,440160         ,440160.0       
PatchInp                                ,1              ,158277         ,158277         ,158277.0       
start_sequence                          ,1              ,1732070        ,1732070        ,1732070.0      
terminate_sequence                      ,1              ,1441062        ,1441062        ,1441062.0      
FmoStartPicture                         ,25             ,4365           ,8967           ,4978.7         
FmoGetFirstMBOfSliceGroup               ,200            ,402            ,2160           ,664.1          
FmoGetNextMBNr                          ,2500           ,102            ,1698           ,486.0          
FmoGetPreviousMBNr                      ,7375           ,39             ,1344           ,170.2          
FmoSliceGroupCompletelyCoded            ,50             ,234            ,1225           ,646.0          
FmoInit                                 ,25             ,2073           ,8169           ,3463.8         
SliceHeader                             ,25             ,3003           ,22761          ,5056.6         
ref_pic_list_reordering                 ,25             ,477            ,1845           ,1065.0         
dec_ref_pic_marking                     ,25             ,411            ,1815           ,829.9          
encode_one_frame                        ,25             ,233099267      ,1974657246     ,1547289323.2   
ReadOneFrame                            ,25             ,634404         ,3107390        ,772337.6       
buf2img                                 ,75             ,100800         ,419067         ,201712.0       
GenerateFullPelRepresentation           ,25             ,404514         ,474111         ,409830.1       
init_frame                              ,25             ,1656           ,9042           ,3069.8         
RandomIntraInit                         ,1              ,30711          ,30711          ,30711.0        
init_global_buffers                     ,1              ,94908          ,94908          ,94908.0        
init_orig_buffers                       ,1              ,120246         ,120246         ,120246.0       
free_picture                            ,1              ,3836           ,3836           ,3836.0         
free_global_buffers                     ,1              ,94071          ,94071          ,94071.0        
free_orig_planes                        ,1              ,9380           ,9380           ,9380.0         
free_img                                ,1              ,1013173        ,1013173        ,1013173.0      
init_img                                ,1              ,2990701        ,2990701        ,2990701.0      
DeblockFrame                            ,25             ,2919027        ,4598520        ,3462442.1      
DeblockMb                               ,2475           ,15627          ,69024          ,34851.9        
EdgeLoop                                ,18636          ,1683           ,99069          ,2414.7         
GetStrength                             ,19264          ,1071           ,94044          ,2155.7         
start_macroblock                        ,2475           ,1890           ,44695          ,3226.6         
terminate_macroblock                    ,2475           ,924            ,3183           ,1328.9         
OneComponentLumaPrediction4x4           ,298615         ,219            ,36381          ,294.7          
LumaResidualCoding8x8                   ,75746          ,1512           ,153351         ,4912.7         
LumaResidualCoding                      ,9504           ,9249           ,122382         ,17843.1        
LumaPrediction4x4                       ,299902         ,288            ,35700          ,411.4          
ChromaPrediction4x4                     ,235496         ,75             ,147918         ,921.8          
ChromaResidualCoding                    ,29711          ,8574           ,62783          ,15441.9        
IntraChromaPrediction                   ,2475           ,2199           ,97230          ,4930.3         
write_one_macroblock                    ,2475           ,990            ,113259         ,6532.5         
writeMBLayer                            ,29811          ,363            ,189175         ,15642.4        
writeChromaCoeff                        ,29320          ,48             ,82380          ,1456.1         
writeChromaIntraPredMode                ,17953          ,132            ,1953           ,295.0          
writeMotionInfo2NAL                     ,29302          ,57             ,102189         ,832.3          
writeReferenceFrame                     ,55713          ,39             ,31479          ,276.6          
writeMotionVector8x8                    ,63127          ,243            ,35634          ,846.4          
writeCBPandLumaCoeff                    ,29315          ,276            ,268218         ,12693.1        
writeLumaCoeff8x8                       ,46260          ,2112           ,41532          ,4330.9         
writeCoeff4x4_CAVLC                     ,1501497        ,366            ,243507         ,1143.7         
find_sad_16x16                          ,8925           ,3309           ,131883         ,8824.4         
free_dpb                                ,1              ,5028           ,5028           ,5028.0         
alloc_storable_picture                  ,25             ,123549         ,326790         ,251497.4       
store_picture_in_dpb                    ,25             ,28323135       ,30542721       ,29405879.8     
output_one_frame_from_dpb               ,25             ,22113          ,137085         ,48872.0        
idr_memory_management                   ,1              ,7695           ,7695           ,7695.0         
flush_dpb                               ,2              ,2019           ,3615054        ,1808536.5      
unmark_for_reference                    ,31             ,119            ,999319         ,167797.7       
sliding_window_memory_management        ,24             ,432            ,467898         ,175181.9       
insert_picture_in_dpb                   ,25             ,28656642       ,29525799       ,29139118.8     
alloc_colocated                         ,1              ,130170         ,130170         ,130170.0       
free_colocated                          ,1              ,1214340        ,1214340        ,1214340.0      
Clear_Motion_Search_Module              ,1              ,536925         ,536925         ,536925.0       
FindSkipModeMotionVector                ,2376           ,927            ,18714          ,2132.1         
SetMotionVectorPredictor                ,791687         ,204            ,230232         ,434.9          
PartitionMotionSearch                   ,49802          ,10797          ,23639328       ,640689.0       
BlockMotionSearch                       ,765427         ,3822           ,3681897        ,40152.0        
SubPelBlockMotionSearch                 ,769487         ,537            ,272052         ,10787.9        
sign                                    ,5839910        ,30             ,113721         ,54.3           
Init_Motion_Search_Module               ,1              ,9468630        ,9468630        ,9468630.0      
AllocNalPayloadBuffer                   ,1              ,89982          ,89982          ,89982.0        
RBSPtoNALU                              ,2              ,642            ,3957           ,2299.5         
init_out_buffer                         ,1              ,4347           ,4347           ,4347.0         
GenerateParameterSets                   ,1              ,153453         ,153453         ,153453.0       
GenerateSequenceParameterSet            ,1              ,191268         ,191268         ,191268.0       
FreeParameterSets                       ,1              ,3003           ,3003           ,3003.0         
GenerateSeq_parameter_set_NALU          ,1              ,87072          ,87072          ,87072.0        
GenerateSeq_parameter_set_rbsp          ,1              ,17283          ,17283          ,17283.0        
GeneratePic_parameter_set_NALU          ,1              ,55377          ,55377          ,55377.0        
GeneratePic_parameter_set_rbsp          ,1              ,4866           ,4866           ,4866.0         
clear_rdopt                             ,1              ,53879          ,53879          ,53879.0        
encode_one_macroblock                   ,2475           ,718998         ,29257254       ,15062044.3     
RDCost_for_macroblocks                  ,29711          ,31827          ,1525476        ,168241.0       
Mode_Decision_for_Intra4x4Macroblock    ,8925           ,257496         ,980161         ,388519.3       
RDCost_for_8x8blocks                    ,37998          ,5532           ,165186         ,8574.0         
Mode_Decision_for_4x4IntraBlocks        ,141924         ,6675           ,185967         ,24517.3        
set_stored_macroblock_parameters        ,2475           ,4602           ,42363          ,7503.5         
init_rdopt                              ,1              ,187572         ,187572         ,187572.0       
delete_coding_state                     ,7              ,195            ,1764           ,446.6          
FastLine16Y_11                          ,12822981       ,24             ,177321         ,40.1           
UMVLine16Y_11                           ,6922798        ,30             ,182943         ,62.0           
FastPelY_14                             ,14138750       ,27             ,99648          ,42.7           
CloseSEIMessages                        ,1              ,15792          ,15792          ,15792.0        
encode_one_slice                        ,25             ,198045531      ,1942357647     ,1505214168.6   
dct_luma_16x16                          ,8925           ,13251          ,322029         ,16413.9        
dct_luma                                ,1402594        ,591            ,148524         ,835.1          
dct_chroma                              ,54566          ,2994           ,43083          ,3663.9         
intrapred_luma_16x16                    ,8925           ,1698           ,96495          ,4217.2         
intrapred_luma                          ,141680         ,489            ,58989          ,858.9          
Configure                               ,1              ,796185         ,796185         ,796185.0       
ParseContent                            ,1              ,502747         ,502747         ,502747.0       
PatchInp                                ,1              ,787444         ,787444         ,787444.0       
start_sequence                          ,1              ,1525185        ,1525185        ,1525185.0      
terminate_sequence                      ,1              ,1306176        ,1306176        ,1306176.0      
FmoStartPicture                         ,25             ,4311           ,5277           ,4805.0         
FmoGetFirstMBOfSliceGroup               ,200            ,516            ,1890           ,701.6          
FmoGetNextMBNr                          ,2500           ,93             ,1875           ,504.1          
FmoGetPreviousMBNr                      ,7375           ,39             ,1758           ,175.5          
FmoSliceGroupCompletelyCoded            ,50             ,231            ,1575           ,735.3          
FmoInit                                 ,25             ,2091           ,5100           ,3153.1         
SliceHeader                             ,25             ,3033           ,9303           ,4845.5         
ref_pic_list_reordering                 ,25             ,651            ,2007           ,1027.6         
dec_ref_pic_marking                     ,25             ,423            ,1569           ,913.3          
encode_one_frame                        ,25             ,230134377      ,1950853269     ,1533723434.2   
ReadOneFrame                            ,25             ,634911         ,786939         ,685099.1       
buf2img                                 ,75             ,100647         ,805245         ,210592.1       
GenerateFullPelRepresentation           ,25             ,404460         ,498104         ,411178.8       
init_frame                              ,25             ,1668           ,9696           ,3514.9         
RandomIntraInit                         ,1              ,30759          ,30759          ,30759.0        
init_global_buffers                     ,1              ,93201          ,93201          ,93201.0        
init_orig_buffers                       ,1              ,66333          ,66333          ,66333.0        
free_picture                            ,1              ,3164           ,3164           ,3164.0         
free_global_buffers                     ,1              ,296513         ,296513         ,296513.0       
free_orig_planes                        ,1              ,3195           ,3195           ,3195.0         
free_img                                ,1              ,1163897        ,1163897        ,1163897.0      
init_img                                ,1              ,1714041        ,1714041        ,1714041.0      
DeblockFrame                            ,25             ,2862063        ,4586496        ,3438252.1      
DeblockMb                               ,2475           ,15498          ,180654         ,35373.2        
EdgeLoop                                ,18636          ,1689           ,19464          ,2387.1         
GetStrength                             ,19264          ,1071           ,111975         ,2142.1         
start_macroblock                        ,2475           ,2010           ,124107         ,3351.7         
terminate_macroblock                    ,2475           ,927            ,4626           ,1354.0         
OneComponentLumaPrediction4x4           ,299240         ,216            ,129294         ,292.4          
LumaResidualCoding8x8                   ,75856          ,1494           ,43464          ,4905.4         
LumaResidualCoding                      ,9504           ,9276           ,168057         ,18158.1        
LumaPrediction4x4                       ,299236         ,288            ,100854         ,418.3          
ChromaPrediction4x4                     ,235632         ,75             ,38004          ,927.9          
ChromaResidualCoding                    ,29724          ,8544           ,184581         ,15574.1        
IntraChromaPrediction                   ,2475           ,1884           ,24465          ,4773.0         
write_one_macroblock                    ,2475           ,945            ,127896         ,6706.2         
writeMBLayer                            ,29811          ,372            ,246534         ,15630.2        
writeChromaCoeff                        ,29327          ,45             ,44007          ,1475.0         
writeChromaIntraPredMode                ,17961          ,132            ,119256         ,301.3          
writeMotionInfo2NAL                     ,29328          ,51             ,36036          ,828.7          
writeReferenceFrame                     ,55738          ,45             ,72963          ,272.5          
writeMotionVector8x8                    ,63138          ,237            ,117390         ,840.0          
writeCBPandLumaCoeff                    ,29315          ,279            ,145663         ,12635.6        
writeLumaCoeff8x8                       ,46146          ,2127           ,132450         ,4305.0         
writeCoeff4x4_CAVLC                     ,1505299        ,369            ,55111          ,1148.9         
find_sad_16x16                          ,8925           ,3345           ,140013         ,8914.9         
free_dpb                                ,1              ,7196           ,7196           ,7196.0         
alloc_storable_picture                  ,25             ,122145         ,502831         ,253706.3       
store_picture_in_dpb                    ,25             ,28594305       ,29763276       ,29322254.9     
output_one_frame_from_dpb               ,25             ,22827          ,52167          ,44020.4        
idr_memory_management                   ,1              ,6924           ,6924           ,6924.0         
flush_dpb                               ,2              ,2241           ,6679701        ,3340971.0      
unmark_for_reference                    ,31             ,112            ,1048864        ,168982.5       
sliding_window_memory_management        ,24             ,492            ,558600         ,184077.2       
insert_picture_in_dpb                   ,25             ,28281855       ,29828112       ,28784527.4     
alloc_colocated                         ,1              ,120930         ,120930         ,120930.0       
free_colocated                          ,1              ,1045107        ,1045107        ,1045107.0      
Clear_Motion_Search_Module              ,1              ,546273         ,546273         ,546273.0       
FindSkipModeMotionVector                ,2376           ,906            ,77388          ,2356.8         
SetMotionVectorPredictor                ,790944         ,210            ,176040         ,424.2          
PartitionMotionSearch                   ,49801          ,10971          ,20268435       ,637326.1       
BlockMotionSearch                       ,768223         ,3873           ,8092404        ,40666.7        
SubPelBlockMotionSearch                 ,766064         ,534            ,2702713        ,10717.9        
sign                                    ,6345429        ,30             ,210588         ,54.8           
Init_Motion_Search_Module               ,1              ,9848979        ,9848979        ,9848979.0      
AllocNalPayloadBuffer                   ,1              ,89871          ,89871          ,89871.0        
RBSPtoNALU                              ,2              ,861            ,3765           ,2313.0         
init_out_buffer                         ,1              ,7035           ,7035           ,7035.0         
GenerateParameterSets                   ,1              ,284286         ,284286         ,284286.0       
GenerateSequenceParameterSet            ,1              ,158787         ,158787         ,158787.0       
FreeParameterSets                       ,1              ,2667           ,2667           ,2667.0         
GenerateSeq_parameter_set_NALU          ,1              ,62988          ,62988          ,62988.0        
GenerateSeq_parameter_set_rbsp          ,1              ,15576          ,15576          ,15576.0        
GeneratePic_parameter_set_NALU          ,1              ,32022          ,32022          ,32022.0        
GeneratePic_parameter_set_rbsp          ,1              ,6538           ,6538           ,6538.0         
clear_rdopt                             ,1              ,27021          ,27021          ,27021.0        
encode_one_macroblock                   ,2475           ,700122         ,42611181       ,15178199.2     
RDCost_for_macroblocks                  ,29711          ,32109          ,2804943        ,167326.2       
Mode_Decision_for_Intra4x4Macroblock    ,8925           ,258093         ,4094946        ,390470.4       
RDCost_for_8x8blocks                    ,38000          ,5508           ,50121          ,8445.2         
Mode_Decision_for_4x4IntraBlocks        ,142173         ,6681           ,358063         ,24874.3        
set_stored_macroblock_parameters        ,2475           ,4560           ,82092          ,7660.5         
init_rdopt                              ,1              ,130137         ,130137         ,130137.0       
delete_coding_state                     ,7              ,225            ,2307           ,551.1          
FastLine16Y_11                          ,13970013       ,24             ,36282          ,41.0           
UMVLine16Y_11                           ,6797287        ,33             ,214791         ,61.2           
FastPelY_14                             ,13600624       ,30             ,35817          ,42.2           
CloseSEIMessages                        ,1              ,7515           ,7515           ,7515.0         
encode_one_slice                        ,25             ,183324078      ,1880170614     ,1501801043.9   
dct_luma_16x16                          ,8925           ,13191          ,55104          ,16013.2        
dct_luma                                ,1402014        ,588            ,186132         ,851.1          
dct_chroma                              ,54598          ,2991           ,123021         ,3703.4         
intrapred_luma_16x16                    ,8925           ,1722           ,39501          ,4142.4         
intrapred_luma                          ,141982         ,486            ,240501         ,868.6          
Configure                               ,1              ,890723         ,890723         ,890723.0       
ParseContent                            ,1              ,437241         ,437241         ,437241.0       
PatchInp                                ,1              ,64407          ,64407          ,64407.0        
start_sequence                          ,1              ,1379814        ,1379814        ,1379814.0      
terminate_sequence                      ,1              ,1693414        ,1693414        ,1693414.0      
FmoStartPicture                         ,25             ,4317           ,9177           ,4905.5         
FmoGetFirstMBOfSliceGroup               ,200            ,321            ,1554           ,651.9          
FmoGetNextMBNr                          ,2500           ,99             ,1557           ,404.3          
FmoGetPreviousMBNr                      ,7375           ,39             ,17229          ,178.8          
FmoSliceGroupCompletelyCoded            ,50             ,399            ,1296           ,738.0          
FmoInit                                 ,25             ,2043           ,5628           ,3500.9         
SliceHeader                             ,25             ,3084           ,9147           ,4328.6         
ref_pic_list_reordering                 ,25             ,486            ,1944           ,1202.8         
dec_ref_pic_marking                     ,25             ,411            ,2184           ,1074.1         
encode_one_frame                        ,25             ,221273898      ,1946759226     ,1547000409.8   
ReadOneFrame                            ,25             ,630972         ,1321467        ,686747.8       
buf2img                                 ,75             ,100695         ,521001         ,207941.2       
GenerateFullPelRepresentation           ,25             ,404550         ,563985         ,422485.0       
init_frame                              ,25             ,1713           ,16626          ,3636.4         
RandomIntraInit                         ,1              ,30609          ,30609          ,30609.0        
init_global_buffers                     ,1              ,109227         ,109227         ,109227.0       
init_orig_buffers                       ,1              ,80604          ,80604          ,80604.0        
free_picture                            ,1              ,2947           ,2947           ,2947.0         
free_global_buffers                     ,1              ,90918          ,90918          ,90918.0        
free_orig_planes                        ,1              ,8064           ,8064           ,8064.0         
free_img                                ,1              ,494565         ,494565         ,494565.0       
init_img                                ,1              ,1765203        ,1765203        ,1765203.0      
DeblockFrame                            ,25             ,3083841        ,4700100        ,3489050.3      
DeblockMb                               ,2475           ,15717          ,86403          ,35093.1        
EdgeLoop                                ,18636          ,1713           ,125928         ,2403.6         
GetStrength                             ,19264          ,1071           ,22905          ,2126.6         
start_macroblock                        ,2475           ,2256           ,76443          ,3291.4         
terminate_macroblock                    ,2475           ,861            ,74646          ,1461.0         
OneComponentLumaPrediction4x4           ,298920         ,216            ,33285          ,285.3          
LumaResidualCoding8x8                   ,75840          ,1542           ,217308         ,4951.2         
LumaResidualCoding                      ,9504           ,9315           ,58128          ,18031.1        
LumaPrediction4x4                       ,300208         ,291            ,131094         ,412.0          
ChromaPrediction4x4                     ,235296         ,75             ,213366         ,933.2          
ChromaResidualCoding                    ,29722          ,8451           ,143661         ,15311.9        
IntraChromaPrediction                   ,2475           ,2034           ,77334          ,4789.6         
write_one_macroblock                    ,2475           ,909            ,89509          ,6570.0         
writeMBLayer                            ,29814          ,333            ,247569         ,15813.1        
writeChromaCoeff                        ,29315          ,45             ,193539         ,1464.9         
writeChromaIntraPredMode                ,17953          ,138            ,36744          ,296.7          
writeMotionInfo2NAL                     ,29327          ,57             ,170772         ,818.5          
writeReferenceFrame                     ,55737          ,45             ,35151          ,282.7          
writeMotionVector8x8                    ,63113          ,240            ,101799         ,851.6          
writeCBPandLumaCoeff                    ,29314          ,276            ,118668         ,12689.6        
writeLumaCoeff8x8                       ,46169          ,2115           ,42708          ,4299.6         
writeCoeff4x4_CAVLC                     ,1511984        ,366            ,240591         ,1137.1         
find_sad_16x16                          ,8925           ,3411           ,44205          ,8738.3         
free_dpb                                ,1              ,11172          ,11172          ,11172.0        
alloc_storable_picture                  ,25             ,162786         ,609497         ,275386.4       
store_picture_in_dpb                    ,25             ,28329321       ,30562824       ,29099671.9     
output_one_frame_from_dpb               ,25             ,21933          ,73038          ,45753.5        
idr_memory_management                   ,1              ,5814           ,5814           ,5814.0         
flush_dpb                               ,2              ,2301           ,3773570        ,1887935.5      
unmark_for_reference                    ,31             ,126            ,1459318        ,174232.8       
sliding_window_memory_management        ,24             ,504            ,504645         ,163068.1       
insert_picture_in_dpb                   ,25             ,28643850       ,30488814       ,29291784.6     
alloc_colocated                         ,1              ,139164         ,139164         ,139164.0       
free_colocated                          ,1              ,1013600        ,1013600        ,1013600.0      
Clear_Motion_Search_Module              ,1              ,1008917        ,1008917        ,1008917.0      
FindSkipModeMotionVector                ,2376           ,1026           ,37371          ,2333.6         
SetMotionVectorPredictor                ,787121         ,204            ,173550         ,424.1          
PartitionMotionSearch                   ,49803          ,10941          ,20036646       ,637199.4       
BlockMotionSearch                       ,764938         ,4005           ,6460222        ,40902.0        
SubPelBlockMotionSearch                 ,763812         ,537            ,2780778        ,10731.0        
sign                                    ,7115211        ,30             ,38892          ,54.8           
Init_Motion_Search_Module               ,1              ,9387285        ,9387285        ,9387285.0      
AllocNalPayloadBuffer                   ,1              ,86454          ,86454          ,86454.0        
RBSPtoNALU                              ,2              ,549            ,3642           ,2095.5         
init_out_buffer                         ,1              ,5061           ,5061           ,5061.0         
GenerateParameterSets                   ,1              ,262570         ,262570         ,262570.0       
GenerateSequenceParameterSet            ,1              ,126372         ,126372         ,126372.0       
FreeParameterSets                       ,1              ,2190           ,2190           ,2190.0         
GenerateSeq_parameter_set_NALU          ,1              ,64686          ,64686          ,64686.0        
GenerateSeq_parameter_set_rbsp          ,1              ,20265          ,20265          ,20265.0        
GeneratePic_parameter_set_NALU          ,1              ,37035          ,37035          ,37035.0        
GeneratePic_parameter_set_rbsp          ,1              ,4812           ,4812           ,4812.0         
clear_rdopt                             ,1              ,26199          ,26199          ,26199.0        
encode_one_macroblock                   ,2475           ,698136         ,25922259       ,15312259.3     
RDCost_for_macroblocks                  ,29724          ,32091          ,6352620        ,169929.0       
Mode_Decision_for_Intra4x4Macroblock    ,8925           ,262950         ,588936         ,386899.5       
RDCost_for_8x8blocks                    ,37968          ,5526           ,112134         ,8568.1         
Mode_Decision_for_4x4IntraBlocks        ,141795         ,6684           ,130410         ,24555.8        
set_stored_macroblock_parameters        ,2475           ,4674           ,81108          ,7668.4         
init_rdopt                              ,1              ,71853          ,71853          ,71853.0        
delete_coding_state                     ,7              ,195            ,1719           ,478.3          
FastLine16Y_11                          ,11307098       ,27             ,229188         ,39.8           
UMVLine16Y_11                           ,6459739        ,30             ,61908          ,60.8           
FastPelY_14                             ,13471408       ,30             ,180255         ,42.4           
CloseSEIMessages                        ,1              ,15610          ,15610          ,15610.0        
encode_one_slice                        ,25             ,194254161      ,1922853795     ,1502248680.7   
dct_luma_16x16                          ,8925           ,13227          ,119727         ,16492.7        
dct_luma                                ,1407506        ,591            ,65177          ,838.2          
dct_chroma                              ,54598          ,2991           ,124374         ,3705.1         
intrapred_luma_16x16                    ,8925           ,1719           ,81384          ,4191.2         
intrapred_luma                          ,138598         ,486            ,37975          ,855.1          
Configure                               ,1              ,935225         ,935225         ,935225.0       
ParseContent                            ,1              ,457947         ,457947         ,457947.0       
PatchInp                                ,1              ,161119         ,161119         ,161119.0       
start_sequence                          ,1              ,1875768        ,1875768        ,1875768.0      
terminate_sequence                      ,1              ,1364637        ,1364637        ,1364637.0      
FmoStartPicture                         ,25             ,4317           ,5568           ,4831.6         
FmoGetFirstMBOfSliceGroup               ,200            ,333            ,1440           ,662.0          
FmoGetNextMBNr                          ,2500           ,96             ,73599          ,536.2          
FmoGetPreviousMBNr                      ,7375           ,39             ,17163          ,165.8          
FmoSliceGroupCompletelyCoded            ,50             ,264            ,1422           ,713.0          
FmoInit                                 ,25             ,2067           ,4704           ,3602.9         
SliceHeader                             ,25             ,2994           ,10346          ,4038.7         
ref_pic_list_reordering                 ,25             ,483            ,1923           ,1040.8         
dec_ref_pic_marking                     ,25             ,441            ,1890           ,981.4          
encode_one_frame                        ,25             ,230913672      ,1901960034     ,1527495815.9   
ReadOneFrame                            ,25             ,655254         ,750888         ,672094.4       
buf2img                                 ,75             ,100698         ,829178         ,211879.5       
GenerateFullPelRepresentation           ,25             ,404376         ,501786         ,420298.2       
init_frame                              ,25             ,1686           ,9351           ,3367.0         
RandomIntraInit                         ,1              ,58282          ,58282          ,58282.0        
init_global_buffers                     ,1              ,96171          ,96171          ,96171.0        
init_orig_buffers                       ,1              ,80700          ,80700          ,80700.0        
free_picture                            ,1              ,3633           ,3633           ,3633.0         
free_global_buffers                     ,1              ,194908         ,194908         ,194908.0       
free_orig_planes                        ,1              ,3189           ,3189           ,3189.0         
free_img                                ,1              ,1111964        ,1111964        ,1111964.0      
init_img                                ,1              ,1914783        ,1914783        ,1914783.0      
DeblockFrame                            ,25             ,2914296        ,4630659        ,3474271.9      
DeblockMb                               ,2475           ,15456          ,166803         ,35120.1        
EdgeLoop                                ,18636          ,1704           ,39123          ,2355.5         
GetStrength                             ,19264          ,1071           ,104046         ,2169.5         
start_macroblock                        ,2475           ,2001           ,35751          ,3281.6         
terminate_macroblock                    ,2475           ,885            ,21660          ,1359.3         
OneComponentLumaPrediction4x4           ,299236         ,219            ,120879         ,287.5          
LumaResidualCoding8x8                   ,75772          ,1545           ,42585          ,4913.0         
LumaResidualCoding                      ,9504           ,9291           ,143115         ,17944.2        
LumaPrediction4x4                       ,299155         ,288            ,36279          ,414.2          
ChromaPrediction4x4                     ,235864         ,75             ,214521         ,929.9          
ChromaResidualCoding                    ,29724          ,8475           ,182229         ,15534.4        
IntraChromaPrediction                   ,2475           ,2019           ,39363          ,4800.1         
write_one_macroblock                    ,2475           ,891            ,90147          ,6566.6         
writeMBLayer                            ,29801          ,360            ,185591         ,15707.4        
writeChromaCoeff                        ,29327          ,48             ,94533          ,1473.1         
writeChromaIntraPredMode                ,17953          ,141            ,73797          ,298.9          
writeMotionInfo2NAL                     ,29327          ,60             ,20823          ,830.6          
writeReferenceFrame                     ,55670          ,42             ,73104          ,276.0          
writeMotionVector8x8                    ,63145          ,240            ,37455          ,849.0          
writeCBPandLumaCoeff                    ,29326          ,267            ,265587         ,12769.9        
writeLumaCoeff8x8                       ,46188          ,2103           ,124908         ,4312.1         
writeCoeff4x4_CAVLC                     ,1509694        ,372            ,119931         ,1144.4         
find_sad_16x16                          ,8925           ,3402           ,110373         ,8837.0         
free_dpb                                ,1              ,5190           ,5190           ,5190.0         
alloc_storable_picture                  ,25             ,118725         ,336246         ,245841.1       
store_picture_in_dpb                    ,25             ,28403520       ,30505089       ,29158277.0     
output_one_frame_from_dpb               ,25             ,22731          ,51387          ,43685.0        
idr_memory_management                   ,1              ,7428           ,7428           ,7428.0         
flush_dpb                               ,2              ,1662           ,3896949        ,1949305.5      
unmark_for_reference                    ,31             ,91             ,988365         ,178137.0       
sliding_window_memory_management        ,24             ,525            ,508206         ,151192.2       
insert_picture_in_dpb                   ,25             ,28253037       ,31339368       ,28836794.9     
alloc_colocated                         ,1              ,121833         ,121833         ,121833.0       
free_colocated                          ,1              ,541773         ,541773         ,541773.0       
Clear_Motion_Search_Module              ,1              ,539274         ,539274         ,539274.0       
FindSkipModeMotionVector                ,2376           ,987            ,4228           ,2055.9         
SetMotionVectorPredictor                ,788814         ,204            ,42445          ,420.4          
PartitionMotionSearch                   ,49822          ,10989          ,18027676       ,649216.3       
BlockMotionSearch                       ,763666         ,4035           ,2188127        ,40243.5        
SubPelBlockMotionSearch                 ,766767         ,534            ,264117         ,10756.0        
sign                                    ,6420714        ,30             ,157449         ,55.5           
Init_Motion_Search_Module               ,1              ,13502001       ,13502001       ,13502001.0     
AllocNalPayloadBuffer                   ,1              ,95505          ,95505          ,95505.0        
RBSPtoNALU                              ,2              ,917            ,4564           ,2740.5         
init_out_buffer                         ,1              ,4659           ,4659           ,4659.0         
GenerateParameterSets                   ,1              ,194376         ,194376         ,194376.0       
GenerateSequenceParameterSet            ,1              ,364252         ,364252         ,364252.0       
FreeParameterSets                       ,1              ,3024           ,3024           ,3024.0         
GenerateSeq_parameter_set_NALU          ,1              ,123529         ,123529         ,123529.0       
GenerateSeq_parameter_set_rbsp          ,1              ,17805          ,17805          ,17805.0        
GeneratePic_parameter_set_NALU          ,1              ,31995          ,31995          ,31995.0        
GeneratePic_parameter_set_rbsp          ,1              ,4227           ,4227           ,4227.0         
clear_rdopt                             ,1              ,29868          ,29868          ,29868.0        
encode_one_macroblock                   ,2475           ,699762         ,23890068       ,15108653.7     
RDCost_for_macroblocks                  ,29711          ,31899          ,2804959        ,169506.2       
Mode_Decision_for_Intra4x4Macroblock    ,8925           ,257310         ,713693         ,388634.5       
RDCost_for_8x8blocks                    ,37997          ,5514           ,49323          ,8420.0         
Mode_Decision_for_4x4IntraBlocks        ,141546         ,6690           ,297117         ,24931.3        
set_stored_macroblock_parameters        ,2475           ,4659           ,43404          ,7564.1         
init_rdopt                              ,1              ,69261          ,69261          ,69261.0        
delete_coding_state                     ,7              ,357            ,2772           ,754.0          
FastLine16Y_11                          ,12987105       ,24             ,208103         ,40.0           
UMVLine16Y_11                           ,6882162        ,30             ,101970         ,60.7           
FastPelY_14                             ,13871734       ,30             ,35793          ,42.5           
CloseSEIMessages                        ,1              ,18011          ,18011          ,18011.0        
encode_one_slice                        ,25             ,182991798      ,1952251038     ,1525457956.9   
